INFO: [VRFC 10-163] Analyzing VHDL file "C:/Xilinx/Vivado/2016.2/data/ip/xpm/xpm_VCOMP.vhd" into library xpm
INFO: [VRFC 10-163] Analyzing VHDL file "C:/pruebas/Sepsa_full_bridge_comunicacion/IP_pspwm.ip_user_files/ipstatic/lib_cdc_v1_0/hdl/src/vhdl/cdc_sync.vhd" into library lib_cdc_v1_0_2
INFO: [VRFC 10-307] analyzing entity cdc_sync
INFO: [VRFC 10-163] Analyzing VHDL file "C:/pruebas/Sepsa_full_bridge_comunicacion/IP_pspwm.ip_user_files/ipstatic/proc_sys_reset_v5_0/hdl/src/vhdl/upcnt_n.vhd" into library proc_sys_reset_v5_0_9
INFO: [VRFC 10-307] analyzing entity upcnt_n
INFO: [VRFC 10-163] Analyzing VHDL file "C:/pruebas/Sepsa_full_bridge_comunicacion/IP_pspwm.ip_user_files/ipstatic/proc_sys_reset_v5_0/hdl/src/vhdl/sequence_psr.vhd" into library proc_sys_reset_v5_0_9
INFO: [VRFC 10-307] analyzing entity sequence_psr
INFO: [VRFC 10-163] Analyzing VHDL file "C:/pruebas/Sepsa_full_bridge_comunicacion/IP_pspwm.ip_user_files/ipstatic/proc_sys_reset_v5_0/hdl/src/vhdl/lpf.vhd" into library proc_sys_reset_v5_0_9
INFO: [VRFC 10-307] analyzing entity lpf
INFO: [VRFC 10-163] Analyzing VHDL file "C:/pruebas/Sepsa_full_bridge_comunicacion/IP_pspwm.ip_user_files/ipstatic/proc_sys_reset_v5_0/hdl/src/vhdl/proc_sys_reset.vhd" into library proc_sys_reset_v5_0_9
INFO: [VRFC 10-307] analyzing entity proc_sys_reset
INFO: [VRFC 10-163] Analyzing VHDL file "C:/pruebas/Sepsa_full_bridge_comunicacion/IP_pspwm.ip_user_files/bd/Pspwm/ip/Pspwm_rst_processing_system7_0_100M_0/sim/Pspwm_rst_processing_system7_0_100M_0.vhd" into library xil_defaultlib
INFO: [VRFC 10-307] analyzing entity Pspwm_rst_processing_system7_0_100M_0
INFO: [VRFC 10-163] Analyzing VHDL file "C:/pruebas/Sepsa_full_bridge_comunicacion/IP_pspwm.ip_user_files/ipstatic/fifo_generator_v13_1/hdl/fifo_generator_v13_1_rfs.vhd" into library fifo_generator_v13_1_1
INFO: [VRFC 10-307] analyzing entity input_blk
INFO: [VRFC 10-307] analyzing entity output_blk
INFO: [VRFC 10-307] analyzing entity shft_wrapper
INFO: [VRFC 10-307] analyzing entity shft_ram
INFO: [VRFC 10-307] analyzing entity wr_pf_as
INFO: [VRFC 10-307] analyzing entity wr_pf_ss
INFO: [VRFC 10-307] analyzing entity rd_pe_as
INFO: [VRFC 10-307] analyzing entity rd_pe_ss
INFO: [VRFC 10-307] analyzing entity synchronizer_ff
INFO: [VRFC 10-307] analyzing entity delay
INFO: [VRFC 10-307] analyzing entity bin_cntr
INFO: [VRFC 10-307] analyzing entity clk_x_pntrs_builtin
INFO: [VRFC 10-307] analyzing entity logic_builtin
INFO: [VRFC 10-307] analyzing entity builtin_prim
INFO: [VRFC 10-307] analyzing entity builtin_extdepth
INFO: [VRFC 10-307] analyzing entity builtin_top
INFO: [VRFC 10-307] analyzing entity reset_builtin
INFO: [VRFC 10-307] analyzing entity builtin_prim_v6
INFO: [VRFC 10-307] analyzing entity builtin_extdepth_v6
INFO: [VRFC 10-307] analyzing entity builtin_extdepth_low_latency
INFO: [VRFC 10-307] analyzing entity builtin_top_v6
INFO: [VRFC 10-307] analyzing entity fifo_generator_v13_1_1_builtin
INFO: [VRFC 10-307] analyzing entity bram_sync_reg
INFO: [VRFC 10-307] analyzing entity bram_fifo_rstlogic
INFO: [VRFC 10-307] analyzing entity reset_blk_ramfifo
INFO: [VRFC 10-307] analyzing entity axi_reg_slice
INFO: [VRFC 10-307] analyzing entity fifo_generator_top
INFO: [VRFC 10-307] analyzing entity fifo_generator_v13_1_1_synth
INFO: [VRFC 10-163] Analyzing VHDL file "C:/pruebas/Sepsa_full_bridge_comunicacion/IP_pspwm.ip_user_files/bd/Pspwm/hdl/Pspwm.vhd" into library xil_defaultlib
INFO: [VRFC 10-307] analyzing entity m00_couplers_imp_1JCKQZ5
INFO: [VRFC 10-307] analyzing entity m01_couplers_imp_Z3L3ZT
INFO: [VRFC 10-307] analyzing entity s00_couplers_imp_148Y35M
INFO: [VRFC 10-307] analyzing entity Pspwm_processing_system7_0_axi_periph_0
INFO: [VRFC 10-307] analyzing entity Pspwm
INFO: [VRFC 10-163] Analyzing VHDL file "C:/pruebas/Sepsa_full_bridge_comunicacion/IP_pspwm.ip_user_files/bd/Pspwm/ipshared/xilinx.com/myip_pspwm_v1_0/hdl/myip_pspwm_v1_0_S00_AXI.vhd" into library xil_defaultlib
INFO: [VRFC 10-307] analyzing entity myip_pspwm_v1_0_S00_AXI
INFO: [VRFC 10-163] Analyzing VHDL file "C:/pruebas/Sepsa_full_bridge_comunicacion/IP_pspwm.ip_user_files/bd/Pspwm/ipshared/xilinx.com/myip_pspwm_v1_0/hdl/myip_pspwm_v1_0.vhd" into library xil_defaultlib
INFO: [VRFC 10-307] analyzing entity myip_pspwm_v1_0
INFO: [VRFC 10-163] Analyzing VHDL file "C:/pruebas/Sepsa_full_bridge_comunicacion/IP_pspwm.ip_user_files/bd/Pspwm/ip/Pspwm_myip_pspwm_0_1/sim/Pspwm_myip_pspwm_0_1.vhd" into library xil_defaultlib
INFO: [VRFC 10-307] analyzing entity Pspwm_myip_pspwm_0_1
INFO: [VRFC 10-163] Analyzing VHDL file "C:/pruebas/Sepsa_full_bridge_comunicacion/IP_pspwm.ip_user_files/bd/Pspwm/ipshared/xilinx.com/alto_nivel_v1_0/Clk_pwm.vhd" into library xil_defaultlib
INFO: [VRFC 10-307] analyzing entity Clk_pwm
INFO: [VRFC 10-163] Analyzing VHDL file "C:/pruebas/Sepsa_full_bridge_comunicacion/IP_pspwm.ip_user_files/bd/Pspwm/ipshared/xilinx.com/alto_nivel_v1_0/FlipFlop_D.vhd" into library xil_defaultlib
INFO: [VRFC 10-307] analyzing entity FlipFlop_D
INFO: [VRFC 10-163] Analyzing VHDL file "C:/pruebas/Sepsa_full_bridge_comunicacion/IP_pspwm.ip_user_files/bd/Pspwm/ipshared/xilinx.com/alto_nivel_v1_0/Pwm_deadtime.vhd" into library xil_defaultlib
INFO: [VRFC 10-307] analyzing entity Pwm_deadtime
INFO: [VRFC 10-163] Analyzing VHDL file "C:/pruebas/Sepsa_full_bridge_comunicacion/IP_pspwm.ip_user_files/bd/Pspwm/ipshared/xilinx.com/alto_nivel_v1_0/Alto_nivel.vhd" into library xil_defaultlib
INFO: [VRFC 10-307] analyzing entity Alto_nivel
INFO: [VRFC 10-163] Analyzing VHDL file "C:/pruebas/Sepsa_full_bridge_comunicacion/IP_pspwm.ip_user_files/bd/Pspwm/ip/Pspwm_Alto_nivel_0_0/sim/Pspwm_Alto_nivel_0_0.vhd" into library xil_defaultlib
INFO: [VRFC 10-307] analyzing entity Pspwm_Alto_nivel_0_0
INFO: [VRFC 10-163] Analyzing VHDL file "C:/pruebas/Sepsa_full_bridge_comunicacion/IP_pspwm.srcs/sources_1/bd/Pspwm/hdl/Pspwm_wrapper.vhd" into library xil_defaultlib
INFO: [VRFC 10-307] analyzing entity Pspwm_wrapper
