INFO: [VRFC 10-2263] Analyzing SystemVerilog file "C:/Xilinx/Vivado/2016.2/data/ip/xpm/xpm_cdc/hdl/xpm_cdc.sv" into library xil_defaultlib
INFO: [VRFC 10-311] analyzing module xpm_cdc_single
INFO: [VRFC 10-311] analyzing module xpm_cdc_gray
INFO: [VRFC 10-311] analyzing module xpm_cdc_handshake
INFO: [VRFC 10-311] analyzing module xpm_cdc_pulse
INFO: [VRFC 10-311] analyzing module xpm_cdc_array_single
INFO: [VRFC 10-311] analyzing module xpm_cdc_sync_rst
INFO: [VRFC 10-311] analyzing module xpm_cdc_async_rst
INFO: [VRFC 10-2263] Analyzing Verilog file "C:/pruebas/Sepsa_full_bridge_comunicacion/IP_pspwm.ip_user_files/ipstatic/processing_system7_bfm_v2_0/hdl/processing_system7_bfm_v2_0_arb_wr.v" into library processing_system7_bfm_v2_0_5
INFO: [VRFC 10-311] analyzing module processing_system7_bfm_v2_0_5_arb_wr
INFO: [VRFC 10-2263] Analyzing Verilog file "C:/pruebas/Sepsa_full_bridge_comunicacion/IP_pspwm.ip_user_files/ipstatic/processing_system7_bfm_v2_0/hdl/processing_system7_bfm_v2_0_arb_rd.v" into library processing_system7_bfm_v2_0_5
INFO: [VRFC 10-311] analyzing module processing_system7_bfm_v2_0_5_arb_rd
INFO: [VRFC 10-2263] Analyzing Verilog file "C:/pruebas/Sepsa_full_bridge_comunicacion/IP_pspwm.ip_user_files/ipstatic/processing_system7_bfm_v2_0/hdl/processing_system7_bfm_v2_0_arb_wr_4.v" into library processing_system7_bfm_v2_0_5
INFO: [VRFC 10-311] analyzing module processing_system7_bfm_v2_0_5_arb_wr_4
INFO: [VRFC 10-2263] Analyzing Verilog file "C:/pruebas/Sepsa_full_bridge_comunicacion/IP_pspwm.ip_user_files/ipstatic/processing_system7_bfm_v2_0/hdl/processing_system7_bfm_v2_0_arb_rd_4.v" into library processing_system7_bfm_v2_0_5
INFO: [VRFC 10-311] analyzing module processing_system7_bfm_v2_0_5_arb_rd_4
INFO: [VRFC 10-2263] Analyzing Verilog file "C:/pruebas/Sepsa_full_bridge_comunicacion/IP_pspwm.ip_user_files/ipstatic/processing_system7_bfm_v2_0/hdl/processing_system7_bfm_v2_0_arb_hp2_3.v" into library processing_system7_bfm_v2_0_5
INFO: [VRFC 10-311] analyzing module processing_system7_bfm_v2_0_5_arb_hp2_3
INFO: [VRFC 10-2263] Analyzing Verilog file "C:/pruebas/Sepsa_full_bridge_comunicacion/IP_pspwm.ip_user_files/ipstatic/processing_system7_bfm_v2_0/hdl/processing_system7_bfm_v2_0_arb_hp0_1.v" into library processing_system7_bfm_v2_0_5
INFO: [VRFC 10-311] analyzing module processing_system7_bfm_v2_0_5_arb_hp0_1
INFO: [VRFC 10-2263] Analyzing Verilog file "C:/pruebas/Sepsa_full_bridge_comunicacion/IP_pspwm.ip_user_files/ipstatic/processing_system7_bfm_v2_0/hdl/processing_system7_bfm_v2_0_ssw_hp.v" into library processing_system7_bfm_v2_0_5
INFO: [VRFC 10-311] analyzing module processing_system7_bfm_v2_0_5_ssw_hp
INFO: [VRFC 10-2263] Analyzing Verilog file "C:/pruebas/Sepsa_full_bridge_comunicacion/IP_pspwm.ip_user_files/ipstatic/processing_system7_bfm_v2_0/hdl/processing_system7_bfm_v2_0_sparse_mem.v" into library processing_system7_bfm_v2_0_5
INFO: [VRFC 10-311] analyzing module processing_system7_bfm_v2_0_5_sparse_mem
INFO: [VRFC 10-2263] Analyzing Verilog file "C:/pruebas/Sepsa_full_bridge_comunicacion/IP_pspwm.ip_user_files/ipstatic/processing_system7_bfm_v2_0/hdl/processing_system7_bfm_v2_0_reg_map.v" into library processing_system7_bfm_v2_0_5
INFO: [VRFC 10-311] analyzing module processing_system7_bfm_v2_0_5_reg_map
INFO: [VRFC 10-2263] Analyzing Verilog file "C:/pruebas/Sepsa_full_bridge_comunicacion/IP_pspwm.ip_user_files/ipstatic/processing_system7_bfm_v2_0/hdl/processing_system7_bfm_v2_0_ocm_mem.v" into library processing_system7_bfm_v2_0_5
INFO: [VRFC 10-311] analyzing module processing_system7_bfm_v2_0_5_ocm_mem
INFO: [VRFC 10-2263] Analyzing Verilog file "C:/pruebas/Sepsa_full_bridge_comunicacion/IP_pspwm.ip_user_files/ipstatic/processing_system7_bfm_v2_0/hdl/processing_system7_bfm_v2_0_intr_wr_mem.v" into library processing_system7_bfm_v2_0_5
INFO: [VRFC 10-311] analyzing module processing_system7_bfm_v2_0_5_intr_wr_mem
INFO: [VRFC 10-2263] Analyzing Verilog file "C:/pruebas/Sepsa_full_bridge_comunicacion/IP_pspwm.ip_user_files/ipstatic/processing_system7_bfm_v2_0/hdl/processing_system7_bfm_v2_0_intr_rd_mem.v" into library processing_system7_bfm_v2_0_5
INFO: [VRFC 10-311] analyzing module processing_system7_bfm_v2_0_5_intr_rd_mem
INFO: [VRFC 10-2263] Analyzing Verilog file "C:/pruebas/Sepsa_full_bridge_comunicacion/IP_pspwm.ip_user_files/ipstatic/processing_system7_bfm_v2_0/hdl/processing_system7_bfm_v2_0_fmsw_gp.v" into library processing_system7_bfm_v2_0_5
INFO: [VRFC 10-311] analyzing module processing_system7_bfm_v2_0_5_fmsw_gp
INFO: [VRFC 10-2263] Analyzing Verilog file "C:/pruebas/Sepsa_full_bridge_comunicacion/IP_pspwm.ip_user_files/ipstatic/processing_system7_bfm_v2_0/hdl/processing_system7_bfm_v2_0_regc.v" into library processing_system7_bfm_v2_0_5
INFO: [VRFC 10-311] analyzing module processing_system7_bfm_v2_0_5_regc
INFO: [VRFC 10-2263] Analyzing Verilog file "C:/pruebas/Sepsa_full_bridge_comunicacion/IP_pspwm.ip_user_files/ipstatic/processing_system7_bfm_v2_0/hdl/processing_system7_bfm_v2_0_ocmc.v" into library processing_system7_bfm_v2_0_5
INFO: [VRFC 10-311] analyzing module processing_system7_bfm_v2_0_5_ocmc
INFO: [VRFC 10-2263] Analyzing Verilog file "C:/pruebas/Sepsa_full_bridge_comunicacion/IP_pspwm.ip_user_files/ipstatic/processing_system7_bfm_v2_0/hdl/processing_system7_bfm_v2_0_interconnect_model.v" into library processing_system7_bfm_v2_0_5
INFO: [VRFC 10-311] analyzing module processing_system7_bfm_v2_0_5_interconnect_model
INFO: [VRFC 10-2263] Analyzing Verilog file "C:/pruebas/Sepsa_full_bridge_comunicacion/IP_pspwm.ip_user_files/ipstatic/processing_system7_bfm_v2_0/hdl/processing_system7_bfm_v2_0_gen_reset.v" into library processing_system7_bfm_v2_0_5
INFO: [VRFC 10-311] analyzing module processing_system7_bfm_v2_0_5_gen_reset
INFO: [VRFC 10-2263] Analyzing Verilog file "C:/pruebas/Sepsa_full_bridge_comunicacion/IP_pspwm.ip_user_files/ipstatic/processing_system7_bfm_v2_0/hdl/processing_system7_bfm_v2_0_gen_clock.v" into library processing_system7_bfm_v2_0_5
INFO: [VRFC 10-311] analyzing module processing_system7_bfm_v2_0_5_gen_clock
INFO: [VRFC 10-2263] Analyzing Verilog file "C:/pruebas/Sepsa_full_bridge_comunicacion/IP_pspwm.ip_user_files/ipstatic/processing_system7_bfm_v2_0/hdl/processing_system7_bfm_v2_0_ddrc.v" into library processing_system7_bfm_v2_0_5
INFO: [VRFC 10-311] analyzing module processing_system7_bfm_v2_0_5_ddrc
INFO: [VRFC 10-2263] Analyzing Verilog file "C:/pruebas/Sepsa_full_bridge_comunicacion/IP_pspwm.ip_user_files/ipstatic/processing_system7_bfm_v2_0/hdl/processing_system7_bfm_v2_0_axi_slave.v" into library processing_system7_bfm_v2_0_5
INFO: [VRFC 10-311] analyzing module processing_system7_bfm_v2_0_5_axi_slave
INFO: [VRFC 10-2458] undeclared symbol read_fifo_empty, assumed default net type wire [C:/pruebas/Sepsa_full_bridge_comunicacion/IP_pspwm.ip_user_files/ipstatic/processing_system7_bfm_v2_0/hdl/processing_system7_bfm_v2_0_axi_slave.v:707]
INFO: [VRFC 10-2263] Analyzing Verilog file "C:/pruebas/Sepsa_full_bridge_comunicacion/IP_pspwm.ip_user_files/ipstatic/processing_system7_bfm_v2_0/hdl/processing_system7_bfm_v2_0_axi_master.v" into library processing_system7_bfm_v2_0_5
INFO: [VRFC 10-311] analyzing module processing_system7_bfm_v2_0_5_axi_master
INFO: [VRFC 10-2263] Analyzing Verilog file "C:/pruebas/Sepsa_full_bridge_comunicacion/IP_pspwm.ip_user_files/ipstatic/processing_system7_bfm_v2_0/hdl/processing_system7_bfm_v2_0_afi_slave.v" into library processing_system7_bfm_v2_0_5
INFO: [VRFC 10-311] analyzing module processing_system7_bfm_v2_0_5_afi_slave
INFO: [VRFC 10-2458] undeclared symbol bresp_fifo_full, assumed default net type wire [C:/pruebas/Sepsa_full_bridge_comunicacion/IP_pspwm.ip_user_files/ipstatic/processing_system7_bfm_v2_0/hdl/processing_system7_bfm_v2_0_afi_slave.v:438]
INFO: [VRFC 10-2263] Analyzing Verilog file "C:/pruebas/Sepsa_full_bridge_comunicacion/IP_pspwm.ip_user_files/ipstatic/processing_system7_bfm_v2_0/hdl/processing_system7_bfm_v2_0_processing_system7_bfm.v" into library processing_system7_bfm_v2_0_5
INFO: [VRFC 10-311] analyzing module processing_system7_bfm_v2_0_5_processing_system7_bfm
INFO: [VRFC 10-2458] undeclared symbol DMA0_RSTN, assumed default net type wire [../../../IP_pspwm.ip_user_files/ipstatic/processing_system7_bfm_v2_0/hdl/processing_system7_bfm_v2_0_5_unused_ports.v:284]
INFO: [VRFC 10-2458] undeclared symbol DMA1_RSTN, assumed default net type wire [../../../IP_pspwm.ip_user_files/ipstatic/processing_system7_bfm_v2_0/hdl/processing_system7_bfm_v2_0_5_unused_ports.v:294]
INFO: [VRFC 10-2458] undeclared symbol DMA2_RSTN, assumed default net type wire [../../../IP_pspwm.ip_user_files/ipstatic/processing_system7_bfm_v2_0/hdl/processing_system7_bfm_v2_0_5_unused_ports.v:304]
INFO: [VRFC 10-2458] undeclared symbol DMA3_RSTN, assumed default net type wire [../../../IP_pspwm.ip_user_files/ipstatic/processing_system7_bfm_v2_0/hdl/processing_system7_bfm_v2_0_5_unused_ports.v:314]
INFO: [VRFC 10-2263] Analyzing Verilog file "C:/pruebas/Sepsa_full_bridge_comunicacion/IP_pspwm.ip_user_files/bd/Pspwm/ip/Pspwm_processing_system7_0_0/sim/Pspwm_processing_system7_0_0.v" into library xil_defaultlib
INFO: [VRFC 10-311] analyzing module Pspwm_processing_system7_0_0
INFO: [VRFC 10-2263] Analyzing Verilog file "C:/pruebas/Sepsa_full_bridge_comunicacion/IP_pspwm.ip_user_files/ipstatic/generic_baseblocks_v2_1/hdl/verilog/generic_baseblocks_v2_1_carry_and.v" into library generic_baseblocks_v2_1_0
INFO: [VRFC 10-311] analyzing module generic_baseblocks_v2_1_0_carry_and
INFO: [VRFC 10-2263] Analyzing Verilog file "C:/pruebas/Sepsa_full_bridge_comunicacion/IP_pspwm.ip_user_files/ipstatic/generic_baseblocks_v2_1/hdl/verilog/generic_baseblocks_v2_1_carry_latch_and.v" into library generic_baseblocks_v2_1_0
INFO: [VRFC 10-311] analyzing module generic_baseblocks_v2_1_0_carry_latch_and
INFO: [VRFC 10-2263] Analyzing Verilog file "C:/pruebas/Sepsa_full_bridge_comunicacion/IP_pspwm.ip_user_files/ipstatic/generic_baseblocks_v2_1/hdl/verilog/generic_baseblocks_v2_1_carry_latch_or.v" into library generic_baseblocks_v2_1_0
INFO: [VRFC 10-311] analyzing module generic_baseblocks_v2_1_0_carry_latch_or
INFO: [VRFC 10-2263] Analyzing Verilog file "C:/pruebas/Sepsa_full_bridge_comunicacion/IP_pspwm.ip_user_files/ipstatic/generic_baseblocks_v2_1/hdl/verilog/generic_baseblocks_v2_1_carry_or.v" into library generic_baseblocks_v2_1_0
INFO: [VRFC 10-311] analyzing module generic_baseblocks_v2_1_0_carry_or
INFO: [VRFC 10-2263] Analyzing Verilog file "C:/pruebas/Sepsa_full_bridge_comunicacion/IP_pspwm.ip_user_files/ipstatic/generic_baseblocks_v2_1/hdl/verilog/generic_baseblocks_v2_1_carry.v" into library generic_baseblocks_v2_1_0
INFO: [VRFC 10-311] analyzing module generic_baseblocks_v2_1_0_carry
INFO: [VRFC 10-2263] Analyzing Verilog file "C:/pruebas/Sepsa_full_bridge_comunicacion/IP_pspwm.ip_user_files/ipstatic/generic_baseblocks_v2_1/hdl/verilog/generic_baseblocks_v2_1_command_fifo.v" into library generic_baseblocks_v2_1_0
INFO: [VRFC 10-311] analyzing module generic_baseblocks_v2_1_0_command_fifo
INFO: [VRFC 10-2263] Analyzing Verilog file "C:/pruebas/Sepsa_full_bridge_comunicacion/IP_pspwm.ip_user_files/ipstatic/generic_baseblocks_v2_1/hdl/verilog/generic_baseblocks_v2_1_comparator_mask_static.v" into library generic_baseblocks_v2_1_0
INFO: [VRFC 10-311] analyzing module generic_baseblocks_v2_1_0_comparator_mask_static
INFO: [VRFC 10-2263] Analyzing Verilog file "C:/pruebas/Sepsa_full_bridge_comunicacion/IP_pspwm.ip_user_files/ipstatic/generic_baseblocks_v2_1/hdl/verilog/generic_baseblocks_v2_1_comparator_mask.v" into library generic_baseblocks_v2_1_0
INFO: [VRFC 10-311] analyzing module generic_baseblocks_v2_1_0_comparator_mask
INFO: [VRFC 10-2263] Analyzing Verilog file "C:/pruebas/Sepsa_full_bridge_comunicacion/IP_pspwm.ip_user_files/ipstatic/generic_baseblocks_v2_1/hdl/verilog/generic_baseblocks_v2_1_comparator_sel_mask_static.v" into library generic_baseblocks_v2_1_0
INFO: [VRFC 10-311] analyzing module generic_baseblocks_v2_1_0_comparator_sel_mask_static
INFO: [VRFC 10-2263] Analyzing Verilog file "C:/pruebas/Sepsa_full_bridge_comunicacion/IP_pspwm.ip_user_files/ipstatic/generic_baseblocks_v2_1/hdl/verilog/generic_baseblocks_v2_1_comparator_sel_mask.v" into library generic_baseblocks_v2_1_0
INFO: [VRFC 10-311] analyzing module generic_baseblocks_v2_1_0_comparator_sel_mask
INFO: [VRFC 10-2263] Analyzing Verilog file "C:/pruebas/Sepsa_full_bridge_comunicacion/IP_pspwm.ip_user_files/ipstatic/generic_baseblocks_v2_1/hdl/verilog/generic_baseblocks_v2_1_comparator_sel_static.v" into library generic_baseblocks_v2_1_0
INFO: [VRFC 10-311] analyzing module generic_baseblocks_v2_1_0_comparator_sel_static
INFO: [VRFC 10-2263] Analyzing Verilog file "C:/pruebas/Sepsa_full_bridge_comunicacion/IP_pspwm.ip_user_files/ipstatic/generic_baseblocks_v2_1/hdl/verilog/generic_baseblocks_v2_1_comparator_sel.v" into library generic_baseblocks_v2_1_0
INFO: [VRFC 10-311] analyzing module generic_baseblocks_v2_1_0_comparator_sel
INFO: [VRFC 10-2263] Analyzing Verilog file "C:/pruebas/Sepsa_full_bridge_comunicacion/IP_pspwm.ip_user_files/ipstatic/generic_baseblocks_v2_1/hdl/verilog/generic_baseblocks_v2_1_comparator_static.v" into library generic_baseblocks_v2_1_0
INFO: [VRFC 10-311] analyzing module generic_baseblocks_v2_1_0_comparator_static
INFO: [VRFC 10-2263] Analyzing Verilog file "C:/pruebas/Sepsa_full_bridge_comunicacion/IP_pspwm.ip_user_files/ipstatic/generic_baseblocks_v2_1/hdl/verilog/generic_baseblocks_v2_1_comparator.v" into library generic_baseblocks_v2_1_0
INFO: [VRFC 10-311] analyzing module generic_baseblocks_v2_1_0_comparator
INFO: [VRFC 10-2263] Analyzing Verilog file "C:/pruebas/Sepsa_full_bridge_comunicacion/IP_pspwm.ip_user_files/ipstatic/generic_baseblocks_v2_1/hdl/verilog/generic_baseblocks_v2_1_mux_enc.v" into library generic_baseblocks_v2_1_0
INFO: [VRFC 10-311] analyzing module generic_baseblocks_v2_1_0_mux_enc
INFO: [VRFC 10-2263] Analyzing Verilog file "C:/pruebas/Sepsa_full_bridge_comunicacion/IP_pspwm.ip_user_files/ipstatic/generic_baseblocks_v2_1/hdl/verilog/generic_baseblocks_v2_1_mux.v" into library generic_baseblocks_v2_1_0
INFO: [VRFC 10-311] analyzing module generic_baseblocks_v2_1_0_mux
INFO: [VRFC 10-2263] Analyzing Verilog file "C:/pruebas/Sepsa_full_bridge_comunicacion/IP_pspwm.ip_user_files/ipstatic/generic_baseblocks_v2_1/hdl/verilog/generic_baseblocks_v2_1_nto1_mux.v" into library generic_baseblocks_v2_1_0
INFO: [VRFC 10-311] analyzing module generic_baseblocks_v2_1_0_nto1_mux
INFO: [VRFC 10-2263] Analyzing Verilog file "C:/pruebas/Sepsa_full_bridge_comunicacion/IP_pspwm.ip_user_files/ipstatic/axi_infrastructure_v1_1/hdl/verilog/axi_infrastructure_v1_1_axi2vector.v" into library axi_infrastructure_v1_1_0
INFO: [VRFC 10-311] analyzing module axi_infrastructure_v1_1_0_axi2vector
INFO: [VRFC 10-2263] Analyzing Verilog file "C:/pruebas/Sepsa_full_bridge_comunicacion/IP_pspwm.ip_user_files/ipstatic/axi_infrastructure_v1_1/hdl/verilog/axi_infrastructure_v1_1_axic_srl_fifo.v" into library axi_infrastructure_v1_1_0
INFO: [VRFC 10-311] analyzing module axi_infrastructure_v1_1_0_axic_srl_fifo
INFO: [VRFC 10-2263] Analyzing Verilog file "C:/pruebas/Sepsa_full_bridge_comunicacion/IP_pspwm.ip_user_files/ipstatic/axi_infrastructure_v1_1/hdl/verilog/axi_infrastructure_v1_1_vector2axi.v" into library axi_infrastructure_v1_1_0
INFO: [VRFC 10-311] analyzing module axi_infrastructure_v1_1_0_vector2axi
INFO: [VRFC 10-2263] Analyzing Verilog file "C:/pruebas/Sepsa_full_bridge_comunicacion/IP_pspwm.ip_user_files/ipstatic/axi_register_slice_v2_1/hdl/verilog/axi_register_slice_v2_1_axic_register_slice.v" into library axi_register_slice_v2_1_9
INFO: [VRFC 10-311] analyzing module axi_register_slice_v2_1_9_srl_rtl
INFO: [VRFC 10-311] analyzing module axi_register_slice_v2_1_9_axic_register_slice
INFO: [VRFC 10-2263] Analyzing Verilog file "C:/pruebas/Sepsa_full_bridge_comunicacion/IP_pspwm.ip_user_files/ipstatic/axi_register_slice_v2_1/hdl/verilog/axi_register_slice_v2_1_axi_register_slice.v" into library axi_register_slice_v2_1_9
INFO: [VRFC 10-311] analyzing module axi_register_slice_v2_1_9_axi_register_slice
INFO: [VRFC 10-2263] Analyzing Verilog file "C:/pruebas/Sepsa_full_bridge_comunicacion/IP_pspwm.ip_user_files/ipstatic/fifo_generator_v13_1/simulation/fifo_generator_vlog_beh.v" into library fifo_generator_v13_1_1
INFO: [VRFC 10-311] analyzing module fifo_generator_vlog_beh
INFO: [VRFC 10-2458] undeclared symbol wr_eop_ad, assumed default net type wire [C:/pruebas/Sepsa_full_bridge_comunicacion/IP_pspwm.ip_user_files/ipstatic/fifo_generator_v13_1/simulation/fifo_generator_vlog_beh.v:1321]
INFO: [VRFC 10-2458] undeclared symbol rd_eop_ad, assumed default net type wire [C:/pruebas/Sepsa_full_bridge_comunicacion/IP_pspwm.ip_user_files/ipstatic/fifo_generator_v13_1/simulation/fifo_generator_vlog_beh.v:1322]
INFO: [VRFC 10-2458] undeclared symbol wr_rst_busy_axis, assumed default net type wire [C:/pruebas/Sepsa_full_bridge_comunicacion/IP_pspwm.ip_user_files/ipstatic/fifo_generator_v13_1/simulation/fifo_generator_vlog_beh.v:1561]
INFO: [VRFC 10-2458] undeclared symbol rd_rst_busy_axis, assumed default net type wire [C:/pruebas/Sepsa_full_bridge_comunicacion/IP_pspwm.ip_user_files/ipstatic/fifo_generator_v13_1/simulation/fifo_generator_vlog_beh.v:1562]
INFO: [VRFC 10-2458] undeclared symbol wr_rst_busy_wach, assumed default net type wire [C:/pruebas/Sepsa_full_bridge_comunicacion/IP_pspwm.ip_user_files/ipstatic/fifo_generator_v13_1/simulation/fifo_generator_vlog_beh.v:2087]
INFO: [VRFC 10-2458] undeclared symbol rd_rst_busy_wach, assumed default net type wire [C:/pruebas/Sepsa_full_bridge_comunicacion/IP_pspwm.ip_user_files/ipstatic/fifo_generator_v13_1/simulation/fifo_generator_vlog_beh.v:2088]
INFO: [VRFC 10-2458] undeclared symbol wr_rst_busy_wdch, assumed default net type wire [C:/pruebas/Sepsa_full_bridge_comunicacion/IP_pspwm.ip_user_files/ipstatic/fifo_generator_v13_1/simulation/fifo_generator_vlog_beh.v:2307]
INFO: [VRFC 10-2458] undeclared symbol rd_rst_busy_wdch, assumed default net type wire [C:/pruebas/Sepsa_full_bridge_comunicacion/IP_pspwm.ip_user_files/ipstatic/fifo_generator_v13_1/simulation/fifo_generator_vlog_beh.v:2308]
INFO: [VRFC 10-2458] undeclared symbol wr_rst_busy_wrch, assumed default net type wire [C:/pruebas/Sepsa_full_bridge_comunicacion/IP_pspwm.ip_user_files/ipstatic/fifo_generator_v13_1/simulation/fifo_generator_vlog_beh.v:2474]
INFO: [VRFC 10-2458] undeclared symbol rd_rst_busy_wrch, assumed default net type wire [C:/pruebas/Sepsa_full_bridge_comunicacion/IP_pspwm.ip_user_files/ipstatic/fifo_generator_v13_1/simulation/fifo_generator_vlog_beh.v:2475]
INFO: [VRFC 10-2458] undeclared symbol wr_rst_busy_rach, assumed default net type wire [C:/pruebas/Sepsa_full_bridge_comunicacion/IP_pspwm.ip_user_files/ipstatic/fifo_generator_v13_1/simulation/fifo_generator_vlog_beh.v:2854]
INFO: [VRFC 10-2458] undeclared symbol rd_rst_busy_rach, assumed default net type wire [C:/pruebas/Sepsa_full_bridge_comunicacion/IP_pspwm.ip_user_files/ipstatic/fifo_generator_v13_1/simulation/fifo_generator_vlog_beh.v:2855]
INFO: [VRFC 10-2458] undeclared symbol wr_rst_busy_rdch, assumed default net type wire [C:/pruebas/Sepsa_full_bridge_comunicacion/IP_pspwm.ip_user_files/ipstatic/fifo_generator_v13_1/simulation/fifo_generator_vlog_beh.v:3087]
INFO: [VRFC 10-2458] undeclared symbol rd_rst_busy_rdch, assumed default net type wire [C:/pruebas/Sepsa_full_bridge_comunicacion/IP_pspwm.ip_user_files/ipstatic/fifo_generator_v13_1/simulation/fifo_generator_vlog_beh.v:3088]
INFO: [VRFC 10-311] analyzing module fifo_generator_v13_1_1_CONV_VER
INFO: [VRFC 10-311] analyzing module fifo_generator_v13_1_1_sync_stage
INFO: [VRFC 10-311] analyzing module fifo_generator_v13_1_1_bhv_ver_as
INFO: [VRFC 10-311] analyzing module fifo_generator_v13_1_1_beh_ver_ll_afifo
INFO: [VRFC 10-311] analyzing module fifo_generator_v13_1_1_bhv_ver_ss
INFO: [VRFC 10-2458] undeclared symbol srst_wrst_busy, assumed default net type wire [C:/pruebas/Sepsa_full_bridge_comunicacion/IP_pspwm.ip_user_files/ipstatic/fifo_generator_v13_1/simulation/fifo_generator_vlog_beh.v:7752]
INFO: [VRFC 10-311] analyzing module fifo_generator_v13_1_1_bhv_ver_preload0
INFO: [VRFC 10-311] analyzing module fifo_generator_v13_1_1_axic_reg_slice
INFO: [VRFC 10-2263] Analyzing Verilog file "C:/pruebas/Sepsa_full_bridge_comunicacion/IP_pspwm.ip_user_files/ipstatic/fifo_generator_v13_1/hdl/fifo_generator_v13_1_rfs.v" into library fifo_generator_v13_1_1
INFO: [VRFC 10-311] analyzing module fifo_generator_v13_1_1
INFO: [VRFC 10-2458] undeclared symbol sleep_i, assumed default net type wire [C:/pruebas/Sepsa_full_bridge_comunicacion/IP_pspwm.ip_user_files/ipstatic/fifo_generator_v13_1/hdl/fifo_generator_v13_1_rfs.v:519]
INFO: [VRFC 10-2263] Analyzing Verilog file "C:/pruebas/Sepsa_full_bridge_comunicacion/IP_pspwm.ip_user_files/ipstatic/axi_data_fifo_v2_1/hdl/verilog/axi_data_fifo_v2_1_axic_fifo.v" into library axi_data_fifo_v2_1_8
INFO: [VRFC 10-311] analyzing module axi_data_fifo_v2_1_8_axic_fifo
INFO: [VRFC 10-2263] Analyzing Verilog file "C:/pruebas/Sepsa_full_bridge_comunicacion/IP_pspwm.ip_user_files/ipstatic/axi_data_fifo_v2_1/hdl/verilog/axi_data_fifo_v2_1_fifo_gen.v" into library axi_data_fifo_v2_1_8
INFO: [VRFC 10-311] analyzing module axi_data_fifo_v2_1_8_fifo_gen
INFO: [VRFC 10-2263] Analyzing Verilog file "C:/pruebas/Sepsa_full_bridge_comunicacion/IP_pspwm.ip_user_files/ipstatic/axi_data_fifo_v2_1/hdl/verilog/axi_data_fifo_v2_1_axic_srl_fifo.v" into library axi_data_fifo_v2_1_8
INFO: [VRFC 10-311] analyzing module axi_data_fifo_v2_1_8_axic_srl_fifo
INFO: [VRFC 10-2263] Analyzing Verilog file "C:/pruebas/Sepsa_full_bridge_comunicacion/IP_pspwm.ip_user_files/ipstatic/axi_data_fifo_v2_1/hdl/verilog/axi_data_fifo_v2_1_axic_reg_srl_fifo.v" into library axi_data_fifo_v2_1_8
INFO: [VRFC 10-311] analyzing module axi_data_fifo_v2_1_8_axic_reg_srl_fifo
INFO: [VRFC 10-2263] Analyzing Verilog file "C:/pruebas/Sepsa_full_bridge_comunicacion/IP_pspwm.ip_user_files/ipstatic/axi_data_fifo_v2_1/hdl/verilog/axi_data_fifo_v2_1_ndeep_srl.v" into library axi_data_fifo_v2_1_8
INFO: [VRFC 10-311] analyzing module axi_data_fifo_v2_1_8_ndeep_srl
INFO: [VRFC 10-2263] Analyzing Verilog file "C:/pruebas/Sepsa_full_bridge_comunicacion/IP_pspwm.ip_user_files/ipstatic/axi_data_fifo_v2_1/hdl/verilog/axi_data_fifo_v2_1_axi_data_fifo.v" into library axi_data_fifo_v2_1_8
INFO: [VRFC 10-311] analyzing module axi_data_fifo_v2_1_8_axi_data_fifo
INFO: [VRFC 10-2263] Analyzing Verilog file "C:/pruebas/Sepsa_full_bridge_comunicacion/IP_pspwm.ip_user_files/ipstatic/axi_crossbar_v2_1/hdl/verilog/axi_crossbar_v2_1_addr_arbiter_sasd.v" into library axi_crossbar_v2_1_10
INFO: [VRFC 10-311] analyzing module axi_crossbar_v2_1_10_addr_arbiter_sasd
INFO: [VRFC 10-2263] Analyzing Verilog file "C:/pruebas/Sepsa_full_bridge_comunicacion/IP_pspwm.ip_user_files/ipstatic/axi_crossbar_v2_1/hdl/verilog/axi_crossbar_v2_1_addr_arbiter.v" into library axi_crossbar_v2_1_10
INFO: [VRFC 10-311] analyzing module axi_crossbar_v2_1_10_addr_arbiter
INFO: [VRFC 10-2263] Analyzing Verilog file "C:/pruebas/Sepsa_full_bridge_comunicacion/IP_pspwm.ip_user_files/ipstatic/axi_crossbar_v2_1/hdl/verilog/axi_crossbar_v2_1_addr_decoder.v" into library axi_crossbar_v2_1_10
INFO: [VRFC 10-311] analyzing module axi_crossbar_v2_1_10_addr_decoder
INFO: [VRFC 10-2263] Analyzing Verilog file "C:/pruebas/Sepsa_full_bridge_comunicacion/IP_pspwm.ip_user_files/ipstatic/axi_crossbar_v2_1/hdl/verilog/axi_crossbar_v2_1_arbiter_resp.v" into library axi_crossbar_v2_1_10
INFO: [VRFC 10-311] analyzing module axi_crossbar_v2_1_10_arbiter_resp
INFO: [VRFC 10-2263] Analyzing Verilog file "C:/pruebas/Sepsa_full_bridge_comunicacion/IP_pspwm.ip_user_files/ipstatic/axi_crossbar_v2_1/hdl/verilog/axi_crossbar_v2_1_crossbar_sasd.v" into library axi_crossbar_v2_1_10
INFO: [VRFC 10-311] analyzing module axi_crossbar_v2_1_10_crossbar_sasd
INFO: [VRFC 10-2263] Analyzing Verilog file "C:/pruebas/Sepsa_full_bridge_comunicacion/IP_pspwm.ip_user_files/ipstatic/axi_crossbar_v2_1/hdl/verilog/axi_crossbar_v2_1_crossbar.v" into library axi_crossbar_v2_1_10
INFO: [VRFC 10-311] analyzing module axi_crossbar_v2_1_10_crossbar
INFO: [VRFC 10-2263] Analyzing Verilog file "C:/pruebas/Sepsa_full_bridge_comunicacion/IP_pspwm.ip_user_files/ipstatic/axi_crossbar_v2_1/hdl/verilog/axi_crossbar_v2_1_decerr_slave.v" into library axi_crossbar_v2_1_10
INFO: [VRFC 10-311] analyzing module axi_crossbar_v2_1_10_decerr_slave
INFO: [VRFC 10-2263] Analyzing Verilog file "C:/pruebas/Sepsa_full_bridge_comunicacion/IP_pspwm.ip_user_files/ipstatic/axi_crossbar_v2_1/hdl/verilog/axi_crossbar_v2_1_si_transactor.v" into library axi_crossbar_v2_1_10
INFO: [VRFC 10-311] analyzing module axi_crossbar_v2_1_10_si_transactor
INFO: [VRFC 10-2263] Analyzing Verilog file "C:/pruebas/Sepsa_full_bridge_comunicacion/IP_pspwm.ip_user_files/ipstatic/axi_crossbar_v2_1/hdl/verilog/axi_crossbar_v2_1_splitter.v" into library axi_crossbar_v2_1_10
INFO: [VRFC 10-311] analyzing module axi_crossbar_v2_1_10_splitter
INFO: [VRFC 10-2263] Analyzing Verilog file "C:/pruebas/Sepsa_full_bridge_comunicacion/IP_pspwm.ip_user_files/ipstatic/axi_crossbar_v2_1/hdl/verilog/axi_crossbar_v2_1_wdata_mux.v" into library axi_crossbar_v2_1_10
INFO: [VRFC 10-311] analyzing module axi_crossbar_v2_1_10_wdata_mux
INFO: [VRFC 10-2263] Analyzing Verilog file "C:/pruebas/Sepsa_full_bridge_comunicacion/IP_pspwm.ip_user_files/ipstatic/axi_crossbar_v2_1/hdl/verilog/axi_crossbar_v2_1_wdata_router.v" into library axi_crossbar_v2_1_10
INFO: [VRFC 10-311] analyzing module axi_crossbar_v2_1_10_wdata_router
INFO: [VRFC 10-2263] Analyzing Verilog file "C:/pruebas/Sepsa_full_bridge_comunicacion/IP_pspwm.ip_user_files/ipstatic/axi_crossbar_v2_1/hdl/verilog/axi_crossbar_v2_1_axi_crossbar.v" into library axi_crossbar_v2_1_10
INFO: [VRFC 10-311] analyzing module axi_crossbar_v2_1_10_axi_crossbar
INFO: [VRFC 10-2263] Analyzing Verilog file "C:/pruebas/Sepsa_full_bridge_comunicacion/IP_pspwm.ip_user_files/bd/Pspwm/ip/Pspwm_xbar_0/sim/Pspwm_xbar_0.v" into library xil_defaultlib
INFO: [VRFC 10-311] analyzing module Pspwm_xbar_0
INFO: [VRFC 10-2263] Analyzing Verilog file "C:/pruebas/Sepsa_full_bridge_comunicacion/IP_pspwm.ip_user_files/ipstatic/axi_protocol_converter_v2_1/hdl/verilog/axi_protocol_converter_v2_1_a_axi3_conv.v" into library axi_protocol_converter_v2_1_9
INFO: [VRFC 10-311] analyzing module axi_protocol_converter_v2_1_9_a_axi3_conv
INFO: [VRFC 10-2263] Analyzing Verilog file "C:/pruebas/Sepsa_full_bridge_comunicacion/IP_pspwm.ip_user_files/ipstatic/axi_protocol_converter_v2_1/hdl/verilog/axi_protocol_converter_v2_1_axi3_conv.v" into library axi_protocol_converter_v2_1_9
INFO: [VRFC 10-311] analyzing module axi_protocol_converter_v2_1_9_axi3_conv
INFO: [VRFC 10-2263] Analyzing Verilog file "C:/pruebas/Sepsa_full_bridge_comunicacion/IP_pspwm.ip_user_files/ipstatic/axi_protocol_converter_v2_1/hdl/verilog/axi_protocol_converter_v2_1_axilite_conv.v" into library axi_protocol_converter_v2_1_9
INFO: [VRFC 10-311] analyzing module axi_protocol_converter_v2_1_9_axilite_conv
INFO: [VRFC 10-2263] Analyzing Verilog file "C:/pruebas/Sepsa_full_bridge_comunicacion/IP_pspwm.ip_user_files/ipstatic/axi_protocol_converter_v2_1/hdl/verilog/axi_protocol_converter_v2_1_r_axi3_conv.v" into library axi_protocol_converter_v2_1_9
INFO: [VRFC 10-311] analyzing module axi_protocol_converter_v2_1_9_r_axi3_conv
INFO: [VRFC 10-2263] Analyzing Verilog file "C:/pruebas/Sepsa_full_bridge_comunicacion/IP_pspwm.ip_user_files/ipstatic/axi_protocol_converter_v2_1/hdl/verilog/axi_protocol_converter_v2_1_w_axi3_conv.v" into library axi_protocol_converter_v2_1_9
INFO: [VRFC 10-311] analyzing module axi_protocol_converter_v2_1_9_w_axi3_conv
INFO: [VRFC 10-2263] Analyzing Verilog file "C:/pruebas/Sepsa_full_bridge_comunicacion/IP_pspwm.ip_user_files/ipstatic/axi_protocol_converter_v2_1/hdl/verilog/axi_protocol_converter_v2_1_b_downsizer.v" into library axi_protocol_converter_v2_1_9
INFO: [VRFC 10-311] analyzing module axi_protocol_converter_v2_1_9_b_downsizer
INFO: [VRFC 10-2263] Analyzing Verilog file "C:/pruebas/Sepsa_full_bridge_comunicacion/IP_pspwm.ip_user_files/ipstatic/axi_protocol_converter_v2_1/hdl/verilog/axi_protocol_converter_v2_1_decerr_slave.v" into library axi_protocol_converter_v2_1_9
INFO: [VRFC 10-311] analyzing module axi_protocol_converter_v2_1_9_decerr_slave
INFO: [VRFC 10-2263] Analyzing Verilog file "C:/pruebas/Sepsa_full_bridge_comunicacion/IP_pspwm.ip_user_files/ipstatic/axi_protocol_converter_v2_1/hdl/verilog/axi_protocol_converter_v2_1_b2s_simple_fifo.v" into library axi_protocol_converter_v2_1_9
INFO: [VRFC 10-311] analyzing module axi_protocol_converter_v2_1_9_b2s_simple_fifo
INFO: [VRFC 10-2263] Analyzing Verilog file "C:/pruebas/Sepsa_full_bridge_comunicacion/IP_pspwm.ip_user_files/ipstatic/axi_protocol_converter_v2_1/hdl/verilog/axi_protocol_converter_v2_1_b2s_wrap_cmd.v" into library axi_protocol_converter_v2_1_9
INFO: [VRFC 10-311] analyzing module axi_protocol_converter_v2_1_9_b2s_wrap_cmd
INFO: [VRFC 10-2263] Analyzing Verilog file "C:/pruebas/Sepsa_full_bridge_comunicacion/IP_pspwm.ip_user_files/ipstatic/axi_protocol_converter_v2_1/hdl/verilog/axi_protocol_converter_v2_1_b2s_incr_cmd.v" into library axi_protocol_converter_v2_1_9
INFO: [VRFC 10-311] analyzing module axi_protocol_converter_v2_1_9_b2s_incr_cmd
INFO: [VRFC 10-2263] Analyzing Verilog file "C:/pruebas/Sepsa_full_bridge_comunicacion/IP_pspwm.ip_user_files/ipstatic/axi_protocol_converter_v2_1/hdl/verilog/axi_protocol_converter_v2_1_b2s_wr_cmd_fsm.v" into library axi_protocol_converter_v2_1_9
INFO: [VRFC 10-311] analyzing module axi_protocol_converter_v2_1_9_b2s_wr_cmd_fsm
INFO: [VRFC 10-2263] Analyzing Verilog file "C:/pruebas/Sepsa_full_bridge_comunicacion/IP_pspwm.ip_user_files/ipstatic/axi_protocol_converter_v2_1/hdl/verilog/axi_protocol_converter_v2_1_b2s_rd_cmd_fsm.v" into library axi_protocol_converter_v2_1_9
INFO: [VRFC 10-311] analyzing module axi_protocol_converter_v2_1_9_b2s_rd_cmd_fsm
INFO: [VRFC 10-2263] Analyzing Verilog file "C:/pruebas/Sepsa_full_bridge_comunicacion/IP_pspwm.ip_user_files/ipstatic/axi_protocol_converter_v2_1/hdl/verilog/axi_protocol_converter_v2_1_b2s_cmd_translator.v" into library axi_protocol_converter_v2_1_9
INFO: [VRFC 10-311] analyzing module axi_protocol_converter_v2_1_9_b2s_cmd_translator
INFO: [VRFC 10-2263] Analyzing Verilog file "C:/pruebas/Sepsa_full_bridge_comunicacion/IP_pspwm.ip_user_files/ipstatic/axi_protocol_converter_v2_1/hdl/verilog/axi_protocol_converter_v2_1_b2s_b_channel.v" into library axi_protocol_converter_v2_1_9
INFO: [VRFC 10-311] analyzing module axi_protocol_converter_v2_1_9_b2s_b_channel
INFO: [VRFC 10-2263] Analyzing Verilog file "C:/pruebas/Sepsa_full_bridge_comunicacion/IP_pspwm.ip_user_files/ipstatic/axi_protocol_converter_v2_1/hdl/verilog/axi_protocol_converter_v2_1_b2s_r_channel.v" into library axi_protocol_converter_v2_1_9
INFO: [VRFC 10-311] analyzing module axi_protocol_converter_v2_1_9_b2s_r_channel
INFO: [VRFC 10-2263] Analyzing Verilog file "C:/pruebas/Sepsa_full_bridge_comunicacion/IP_pspwm.ip_user_files/ipstatic/axi_protocol_converter_v2_1/hdl/verilog/axi_protocol_converter_v2_1_b2s_aw_channel.v" into library axi_protocol_converter_v2_1_9
INFO: [VRFC 10-311] analyzing module axi_protocol_converter_v2_1_9_b2s_aw_channel
INFO: [VRFC 10-2263] Analyzing Verilog file "C:/pruebas/Sepsa_full_bridge_comunicacion/IP_pspwm.ip_user_files/ipstatic/axi_protocol_converter_v2_1/hdl/verilog/axi_protocol_converter_v2_1_b2s_ar_channel.v" into library axi_protocol_converter_v2_1_9
INFO: [VRFC 10-311] analyzing module axi_protocol_converter_v2_1_9_b2s_ar_channel
INFO: [VRFC 10-2263] Analyzing Verilog file "C:/pruebas/Sepsa_full_bridge_comunicacion/IP_pspwm.ip_user_files/ipstatic/axi_protocol_converter_v2_1/hdl/verilog/axi_protocol_converter_v2_1_b2s.v" into library axi_protocol_converter_v2_1_9
INFO: [VRFC 10-311] analyzing module axi_protocol_converter_v2_1_9_b2s
INFO: [VRFC 10-2263] Analyzing Verilog file "C:/pruebas/Sepsa_full_bridge_comunicacion/IP_pspwm.ip_user_files/ipstatic/axi_protocol_converter_v2_1/hdl/verilog/axi_protocol_converter_v2_1_axi_protocol_converter.v" into library axi_protocol_converter_v2_1_9
INFO: [VRFC 10-311] analyzing module axi_protocol_converter_v2_1_9_axi_protocol_converter
INFO: [VRFC 10-2263] Analyzing Verilog file "C:/pruebas/Sepsa_full_bridge_comunicacion/IP_pspwm.ip_user_files/bd/Pspwm/ip/Pspwm_auto_pc_0/sim/Pspwm_auto_pc_0.v" into library xil_defaultlib
INFO: [VRFC 10-311] analyzing module Pspwm_auto_pc_0
INFO: [VRFC 10-2263] Analyzing Verilog file "C:/pruebas/Sepsa_full_bridge_comunicacion/IP_pspwm.sim/sim_1/behav/glbl.v" into library xil_defaultlib
INFO: [VRFC 10-311] analyzing module glbl
