#-----------------------------------------------------------
# Webtalk v2016.2 (64-bit)
# SW Build 1577090 on Thu Jun  2 16:32:40 MDT 2016
# 
# Start of session at: Sat Dec 10 06:07:30 2016
# Process ID: 4124
# Current directory: C:/pruebas/Sepsa_full_bridge_comunicacion/IP_pspwm.sdk/webtalk
# Command line: wbtcv.exe -mode batch -source sdk_webtalk.tcl
# Log file: C:/pruebas/Sepsa_full_bridge_comunicacion/IP_pspwm.sdk/webtalk/webtalk.log
# Journal file: C:/pruebas/Sepsa_full_bridge_comunicacion/IP_pspwm.sdk/webtalk\webtalk.jou
#-----------------------------------------------------------
source sdk_webtalk.tcl
# webtalk_init -webtalk_dir C:\\pruebas\\Sepsa_full_bridge_comunicacion\\IP_pspwm.sdk\\webtalk
# webtalk_register_client -client project
# webtalk_add_data -client project -key date_generated -value "sáb dic 10 06:07:20 2016" -context "software_version_and_target_device"
# webtalk_add_data -client project -key product_version -value "SDK v2016.2" -context "software_version_and_target_device"
# webtalk_add_data -client project -key build_version -value "2016.2" -context "software_version_and_target_device"
# webtalk_add_data -client project -key os_platform -value "amd64" -context "software_version_and_target_device"
# webtalk_add_data -client project -key registration_id -value "" -context "software_version_and_target_device"
# webtalk_add_data -client project -key tool_flow -value "SDK" -context "software_version_and_target_device"
# webtalk_add_data -client project -key beta -value "false" -context "software_version_and_target_device"
# webtalk_add_data -client project -key route_design -value "NA" -context "software_version_and_target_device"
# webtalk_add_data -client project -key target_family -value "NA" -context "software_version_and_target_device"
# webtalk_add_data -client project -key target_device -value "NA" -context "software_version_and_target_device"
# webtalk_add_data -client project -key target_package -value "NA" -context "software_version_and_target_device"
# webtalk_add_data -client project -key target_speed -value "NA" -context "software_version_and_target_device"
# webtalk_add_data -client project -key random_id -value "9ihoh66jak8im7vmbkm3vjsi51" -context "software_version_and_target_device"
# webtalk_add_data -client project -key project_id -value "2016.2_6" -context "software_version_and_target_device"
# webtalk_add_data -client project -key project_iteration -value "6" -context "software_version_and_target_device"
# webtalk_add_data -client project -key os_name -value "" -context "user_environment"
# webtalk_add_data -client project -key os_release -value "" -context "user_environment"
# webtalk_add_data -client project -key cpu_name -value "" -context "user_environment"
# webtalk_add_data -client project -key cpu_speed -value "" -context "user_environment"
# webtalk_add_data -client project -key total_processors -value "" -context "user_environment"
# webtalk_add_data -client project -key system_ram -value "" -context "user_environment"
# webtalk_register_client -client sdk
# webtalk_add_data -client sdk -key uid -value "1481313048789" -context "sdk\\\\hardware/1481313048789"
# webtalk_add_data -client sdk -key isZynq -value "true" -context "sdk\\\\hardware/1481313048789"
# webtalk_add_data -client sdk -key Processors -value "2" -context "sdk\\\\hardware/1481313048789"
# webtalk_add_data -client sdk -key VivadoVersion -value "2016.2" -context "sdk\\\\hardware/1481313048789"
# webtalk_add_data -client sdk -key Arch -value "zynq" -context "sdk\\\\hardware/1481313048789"
# webtalk_add_data -client sdk -key Device -value "7z010" -context "sdk\\\\hardware/1481313048789"
# webtalk_add_data -client sdk -key IsHandoff -value "true" -context "sdk\\\\hardware/1481313048789"
# webtalk_add_data -client sdk -key uid -value "1481313283733" -context "sdk\\\\bsp/1481313283733"
# webtalk_add_data -client sdk -key hwid -value "1481313048789" -context "sdk\\\\bsp/1481313283733"
# webtalk_add_data -client sdk -key os -value "standalone" -context "sdk\\\\bsp/1481313283733"
# webtalk_add_data -client sdk -key apptemplate -value "hello_world" -context "sdk\\\\bsp/1481313283733"
# webtalk_add_data -client sdk -key uid -value "1481313286026" -context "sdk\\\\application/1481313286026"
# webtalk_add_data -client sdk -key hwid -value "1481313048789" -context "sdk\\\\application/1481313286026"
# webtalk_add_data -client sdk -key bspid -value "1481313283733" -context "sdk\\\\application/1481313286026"
# webtalk_add_data -client sdk -key newbsp -value "true" -context "sdk\\\\application/1481313286026"
# webtalk_add_data -client sdk -key os -value "standalone" -context "sdk\\\\application/1481313286026"
# webtalk_add_data -client sdk -key apptemplate -value "hello_world" -context "sdk\\\\application/1481313286026"
# webtalk_add_data -client sdk -key uid -value "1481324868305" -context "sdk\\\\bsp/1481324868305"
# webtalk_add_data -client sdk -key hwid -value "1481313048789" -context "sdk\\\\bsp/1481324868305"
# webtalk_add_data -client sdk -key os -value "standalone" -context "sdk\\\\bsp/1481324868305"
# webtalk_add_data -client sdk -key apptemplate -value "hello_world" -context "sdk\\\\bsp/1481324868305"
# webtalk_add_data -client sdk -key uid -value "1481324870411" -context "sdk\\\\application/1481324870411"
# webtalk_add_data -client sdk -key hwid -value "1481313048789" -context "sdk\\\\application/1481324870411"
# webtalk_add_data -client sdk -key bspid -value "1481324868305" -context "sdk\\\\application/1481324870411"
# webtalk_add_data -client sdk -key newbsp -value "true" -context "sdk\\\\application/1481324870411"
# webtalk_add_data -client sdk -key os -value "standalone" -context "sdk\\\\application/1481324870411"
# webtalk_add_data -client sdk -key apptemplate -value "hello_world" -context "sdk\\\\application/1481324870411"
# webtalk_add_data -client sdk -key uid -value "1481324937648" -context "sdk\\\\bsp/1481324937648"
# webtalk_add_data -client sdk -key hwid -value "1481313048789" -context "sdk\\\\bsp/1481324937648"
# webtalk_add_data -client sdk -key os -value "standalone" -context "sdk\\\\bsp/1481324937648"
# webtalk_add_data -client sdk -key apptemplate -value "empty_application" -context "sdk\\\\bsp/1481324937648"
# webtalk_add_data -client sdk -key uid -value "1481324938631" -context "sdk\\\\application/1481324938631"
# webtalk_add_data -client sdk -key hwid -value "1481313048789" -context "sdk\\\\application/1481324938631"
# webtalk_add_data -client sdk -key bspid -value "1481324937648" -context "sdk\\\\application/1481324938631"
# webtalk_add_data -client sdk -key newbsp -value "true" -context "sdk\\\\application/1481324938631"
# webtalk_add_data -client sdk -key os -value "standalone" -context "sdk\\\\application/1481324938631"
# webtalk_add_data -client sdk -key apptemplate -value "empty_application" -context "sdk\\\\application/1481324938631"
# webtalk_add_data -client sdk -key uid -value "1481328727542" -context "sdk\\\\bsp/1481328727542"
# webtalk_add_data -client sdk -key hwid -value "1481313048789" -context "sdk\\\\bsp/1481328727542"
# webtalk_add_data -client sdk -key os -value "standalone" -context "sdk\\\\bsp/1481328727542"
# webtalk_add_data -client sdk -key apptemplate -value "hello_world" -context "sdk\\\\bsp/1481328727542"
# webtalk_add_data -client sdk -key uid -value "1481328728915" -context "sdk\\\\application/1481328728915"
# webtalk_add_data -client sdk -key hwid -value "1481313048789" -context "sdk\\\\application/1481328728915"
# webtalk_add_data -client sdk -key bspid -value "1481328727542" -context "sdk\\\\application/1481328728915"
# webtalk_add_data -client sdk -key newbsp -value "true" -context "sdk\\\\application/1481328728915"
# webtalk_add_data -client sdk -key os -value "standalone" -context "sdk\\\\application/1481328728915"
# webtalk_add_data -client sdk -key apptemplate -value "hello_world" -context "sdk\\\\application/1481328728915"
# webtalk_transmit -clientid 3488795937 -regid "" -xml C:\\pruebas\\Sepsa_full_bridge_comunicacion\\IP_pspwm.sdk\\webtalk\\usage_statistics_ext_sdk.xml -html C:\\pruebas\\Sepsa_full_bridge_comunicacion\\IP_pspwm.sdk\\webtalk\\usage_statistics_ext_sdk.html -wdm C:\\pruebas\\Sepsa_full_bridge_comunicacion\\IP_pspwm.sdk\\webtalk\\sdk_webtalk.wdm -intro "<H3>SDK Usage Report</H3><BR>"
# webtalk_terminate
INFO: [Common 17-206] Exiting Webtalk at Sat Dec 10 06:08:48 2016...
