#-----------------------------------------------------------
# Webtalk v2016.2 (64-bit)
# SW Build 1577090 on Thu Jun  2 16:32:40 MDT 2016
# 
# Start of session at: Mon Aug 07 06:26:45 2017
# Process ID: 4188
# Current directory: C:/SHE_0_60_9/SHE_0_60_9.sdk/webtalk
# Command line: wbtcv.exe -mode batch -source sdk_webtalk.tcl
# Log file: C:/SHE_0_60_9/SHE_0_60_9.sdk/webtalk/webtalk.log
# Journal file: C:/SHE_0_60_9/SHE_0_60_9.sdk/webtalk\webtalk.jou
#-----------------------------------------------------------
source sdk_webtalk.tcl
# webtalk_init -webtalk_dir C:\\SHE_0_60_9\\SHE_0_60_9.sdk\\webtalk
# webtalk_register_client -client project
# webtalk_add_data -client project -key date_generated -value "lun ago 7 06:26:44 2017" -context "software_version_and_target_device"
# webtalk_add_data -client project -key product_version -value "SDK v2016.2" -context "software_version_and_target_device"
# webtalk_add_data -client project -key build_version -value "2016.2" -context "software_version_and_target_device"
# webtalk_add_data -client project -key os_platform -value "amd64" -context "software_version_and_target_device"
# webtalk_add_data -client project -key registration_id -value "" -context "software_version_and_target_device"
# webtalk_add_data -client project -key tool_flow -value "SDK" -context "software_version_and_target_device"
# webtalk_add_data -client project -key beta -value "false" -context "software_version_and_target_device"
# webtalk_add_data -client project -key route_design -value "NA" -context "software_version_and_target_device"
# webtalk_add_data -client project -key target_family -value "NA" -context "software_version_and_target_device"
# webtalk_add_data -client project -key target_device -value "NA" -context "software_version_and_target_device"
# webtalk_add_data -client project -key target_package -value "NA" -context "software_version_and_target_device"
# webtalk_add_data -client project -key target_speed -value "NA" -context "software_version_and_target_device"
# webtalk_add_data -client project -key random_id -value "9hihjqo57os3tuueshtah19ghj" -context "software_version_and_target_device"
# webtalk_add_data -client project -key project_id -value "2016.2_27" -context "software_version_and_target_device"
# webtalk_add_data -client project -key project_iteration -value "27" -context "software_version_and_target_device"
# webtalk_add_data -client project -key os_name -value "" -context "user_environment"
# webtalk_add_data -client project -key os_release -value "" -context "user_environment"
# webtalk_add_data -client project -key cpu_name -value "" -context "user_environment"
# webtalk_add_data -client project -key cpu_speed -value "" -context "user_environment"
# webtalk_add_data -client project -key total_processors -value "" -context "user_environment"
# webtalk_add_data -client project -key system_ram -value "" -context "user_environment"
# webtalk_register_client -client sdk
# webtalk_add_data -client sdk -key uid -value "1502105029178" -context "sdk\\\\bsp/1502105029178"
# webtalk_add_data -client sdk -key hwid -value "1502124846000" -context "sdk\\\\bsp/1502105029178"
# webtalk_add_data -client sdk -key os -value "standalone" -context "sdk\\\\bsp/1502105029178"
# webtalk_add_data -client sdk -key apptemplate -value "hello_world" -context "sdk\\\\bsp/1502105029178"
# webtalk_add_data -client sdk -key uid -value "1502105030957" -context "sdk\\\\application/1502105030957"
# webtalk_add_data -client sdk -key hwid -value "1502124846000" -context "sdk\\\\application/1502105030957"
# webtalk_add_data -client sdk -key bspid -value "1502105029178" -context "sdk\\\\application/1502105030957"
# webtalk_add_data -client sdk -key newbsp -value "true" -context "sdk\\\\application/1502105030957"
# webtalk_add_data -client sdk -key os -value "standalone" -context "sdk\\\\application/1502105030957"
# webtalk_add_data -client sdk -key apptemplate -value "hello_world" -context "sdk\\\\application/1502105030957"
# webtalk_transmit -clientid 3411758951 -regid "" -xml C:\\SHE_0_60_9\\SHE_0_60_9.sdk\\webtalk\\usage_statistics_ext_sdk.xml -html C:\\SHE_0_60_9\\SHE_0_60_9.sdk\\webtalk\\usage_statistics_ext_sdk.html -wdm C:\\SHE_0_60_9\\SHE_0_60_9.sdk\\webtalk\\sdk_webtalk.wdm -intro "<H3>SDK Usage Report</H3><BR>"
# webtalk_terminate
INFO: [Common 17-206] Exiting Webtalk at Mon Aug 07 06:26:49 2017...
