11:53:45 INFO  : Launching XSDB server: xsdb.bat -interactive C:\Users\USUARIO\Desktop\TFG\Zybo\SHE_0_60_9\SHE_0_60_9.sdk\temp_xsdb_launch_script.tcl
11:53:52 INFO  : XSDB server has started successfully.
11:53:59 INFO  : Processing command line option -hwspec C:/Users/USUARIO/Desktop/TFG/Zybo/SHE_0_60_9/SHE_0_60_9.sdk/design_1_wrapper.hdf.
12:23:57 INFO  : Launching XSDB server: xsdb.bat -interactive C:\Users\USUARIO\Desktop\TFG\Zybo\SHE_0_60_9\SHE_0_60_9.sdk\temp_xsdb_launch_script.tcl
12:23:59 INFO  : XSDB server has started successfully.
12:24:00 INFO  : Processing command line option -hwspec C:/Users/USUARIO/Desktop/TFG/Zybo/SHE_0_60_9/SHE_0_60_9.sdk/design_1_wrapper.hdf.
12:24:00 INFO  : Checking for hwspec changes in the project design_1_wrapper_hw_platform_0.
12:25:26 INFO  : Connected to target on host '127.0.0.1' and port '3121'.
12:25:28 INFO  : 'targets -set -filter {jtag_cable_name =~ "Digilent Zybo 210279759344A" && level==0} -index 1' command is executed.
12:25:29 INFO  : FPGA configured successfully with bitstream "C:/Users/USUARIO/Desktop/TFG/Zybo/SHE_0_60_9/SHE_0_60_9.sdk/design_1_wrapper_hw_platform_0/design_1_wrapper.bit"
12:25:52 INFO  : Connected to target on host '127.0.0.1' and port '3121'.
12:25:52 INFO  : Jtag cable 'Digilent Zybo 210279759344A' is selected.
12:25:52 INFO  : 'jtag frequency' command is executed.
12:25:52 INFO  : Sourcing of 'C:/Users/USUARIO/Desktop/TFG/Zybo/SHE_0_60_9/SHE_0_60_9.sdk/ZC702_hw_platform/ps7_init.tcl' is done.
12:25:52 INFO  : 'targets -set -filter {name =~"APU" && jtag_cable_name =~ "Digilent Zybo 210279759344A"} -index 0' command is executed.
12:25:52 INFO  : Hardware design information is loaded from 'C:/Users/USUARIO/Desktop/TFG/Zybo/SHE_0_60_9/SHE_0_60_9.sdk/ZC702_hw_platform/system.hdf'.
12:25:52 INFO  : 'targets -set -filter {name =~"APU" && jtag_cable_name =~ "Digilent Zybo 210279759344A"} -index 0' command is executed.
12:25:52 INFO  : 'stop' command is executed.
12:25:53 INFO  : 'ps7_init' command is executed.
12:25:53 INFO  : 'ps7_post_config' command is executed.
12:25:53 INFO  : Context for processor 'ps7_cortexa9_0' is selected.
12:25:53 INFO  : Processor reset is completed for 'ps7_cortexa9_0'.
12:25:54 INFO  : Context for processor 'ps7_cortexa9_0' is selected.
12:25:54 INFO  : The application 'C:/Users/USUARIO/Desktop/TFG/Zybo/SHE_0_60_9/SHE_0_60_9.sdk/SHE_0_60_9/Debug/SHE_0_60_9.elf' is downloaded to processor 'ps7_cortexa9_0'.
12:25:54 INFO  : ----------------XSDB Script----------------
connect -url tcp:127.0.0.1:3121
source C:/Users/USUARIO/Desktop/TFG/Zybo/SHE_0_60_9/SHE_0_60_9.sdk/ZC702_hw_platform/ps7_init.tcl
targets -set -filter {name =~"APU" && jtag_cable_name =~ "Digilent Zybo 210279759344A"} -index 0
loadhw C:/Users/USUARIO/Desktop/TFG/Zybo/SHE_0_60_9/SHE_0_60_9.sdk/ZC702_hw_platform/system.hdf
targets -set -filter {name =~"APU" && jtag_cable_name =~ "Digilent Zybo 210279759344A"} -index 0
stop
ps7_init
ps7_post_config
targets -set -nocase -filter {name =~ "ARM*#0" && jtag_cable_name =~ "Digilent Zybo 210279759344A"} -index 0
rst -processor
targets -set -nocase -filter {name =~ "ARM*#0" && jtag_cable_name =~ "Digilent Zybo 210279759344A"} -index 0
dow C:/Users/USUARIO/Desktop/TFG/Zybo/SHE_0_60_9/SHE_0_60_9.sdk/SHE_0_60_9/Debug/SHE_0_60_9.elf
----------------End of Script----------------

12:25:54 INFO  : Context for processor 'ps7_cortexa9_0' is selected.
12:25:54 INFO  : 'con' command is executed.
12:25:54 INFO  : ----------------XSDB Script (After Launch)----------------
targets -set -nocase -filter {name =~ "ARM*#0" && jtag_cable_name =~ "Digilent Zybo 210279759344A"} -index 0
con
----------------End of Script----------------

12:25:54 INFO  : Launch script is exported to file 'C:\Users\USUARIO\Desktop\TFG\Zybo\SHE_0_60_9\SHE_0_60_9.sdk\.sdk\launch_scripts\xilinx_c-c++_application_(system_debugger)\system_debugger_on_local_she_0_60_9.elf.tcl'
12:26:12 INFO  : Disconnected from the channel tcfchan#1.
12:26:13 INFO  : Connected to target on host '127.0.0.1' and port '3121'.
12:26:13 INFO  : Jtag cable 'Digilent Zybo 210279759344A' is selected.
12:26:13 INFO  : 'jtag frequency' command is executed.
12:26:13 INFO  : Sourcing of 'C:/Users/USUARIO/Desktop/TFG/Zybo/SHE_0_60_9/SHE_0_60_9.sdk/ZC702_hw_platform/ps7_init.tcl' is done.
12:26:13 INFO  : 'targets -set -filter {name =~"APU" && jtag_cable_name =~ "Digilent Zybo 210279759344A"} -index 0' command is executed.
12:26:16 INFO  : Hardware design information is loaded from 'C:/Users/USUARIO/Desktop/TFG/Zybo/SHE_0_60_9/SHE_0_60_9.sdk/ZC702_hw_platform/system.hdf'.
12:26:16 INFO  : 'targets -set -filter {name =~"APU" && jtag_cable_name =~ "Digilent Zybo 210279759344A"} -index 0' command is executed.
12:26:16 INFO  : 'stop' command is executed.
12:26:17 INFO  : 'ps7_init' command is executed.
12:26:17 INFO  : 'ps7_post_config' command is executed.
12:26:17 INFO  : Context for processor 'ps7_cortexa9_0' is selected.
12:26:17 INFO  : Processor reset is completed for 'ps7_cortexa9_0'.
12:26:17 INFO  : Context for processor 'ps7_cortexa9_0' is selected.
12:26:17 INFO  : The application 'C:/Users/USUARIO/Desktop/TFG/Zybo/SHE_0_60_9/SHE_0_60_9.sdk/SHE_0_60_9/Debug/SHE_0_60_9.elf' is downloaded to processor 'ps7_cortexa9_0'.
12:26:17 INFO  : ----------------XSDB Script----------------
connect -url tcp:127.0.0.1:3121
source C:/Users/USUARIO/Desktop/TFG/Zybo/SHE_0_60_9/SHE_0_60_9.sdk/ZC702_hw_platform/ps7_init.tcl
targets -set -filter {name =~"APU" && jtag_cable_name =~ "Digilent Zybo 210279759344A"} -index 0
loadhw C:/Users/USUARIO/Desktop/TFG/Zybo/SHE_0_60_9/SHE_0_60_9.sdk/ZC702_hw_platform/system.hdf
targets -set -filter {name =~"APU" && jtag_cable_name =~ "Digilent Zybo 210279759344A"} -index 0
stop
ps7_init
ps7_post_config
targets -set -nocase -filter {name =~ "ARM*#0" && jtag_cable_name =~ "Digilent Zybo 210279759344A"} -index 0
rst -processor
targets -set -nocase -filter {name =~ "ARM*#0" && jtag_cable_name =~ "Digilent Zybo 210279759344A"} -index 0
dow C:/Users/USUARIO/Desktop/TFG/Zybo/SHE_0_60_9/SHE_0_60_9.sdk/SHE_0_60_9/Debug/SHE_0_60_9.elf
----------------End of Script----------------

12:26:17 INFO  : Context for processor 'ps7_cortexa9_0' is selected.
12:26:17 INFO  : 'con' command is executed.
12:26:17 INFO  : ----------------XSDB Script (After Launch)----------------
targets -set -nocase -filter {name =~ "ARM*#0" && jtag_cable_name =~ "Digilent Zybo 210279759344A"} -index 0
con
----------------End of Script----------------

12:26:17 INFO  : Launch script is exported to file 'C:\Users\USUARIO\Desktop\TFG\Zybo\SHE_0_60_9\SHE_0_60_9.sdk\.sdk\launch_scripts\xilinx_c-c++_application_(system_debugger)\system_debugger_on_local_she_0_60_9.elf.tcl'
12:26:25 INFO  : Disconnected from the channel tcfchan#2.
12:26:53 INFO  : ps7_init is completed.
12:26:53 INFO  : Processor reset is completed for ps7_cortexa9_0
12:27:48 ERROR : Unexpected error while parsing XMD response ?: com.google.gson.JsonSyntaxException: com.google.gson.stream.MalformedJsonException: invalid number or unquoted string near 
05:40:42 INFO  : Launching XSDB server: xsdb.bat -interactive C:\SHE_0_60_9\SHE_0_60_9.sdk\temp_xsdb_launch_script.tcl
05:40:44 INFO  : XSDB server has started successfully.
05:40:44 INFO  : Processing command line option -hwspec C:/SHE_0_60_9/SHE_0_60_9.sdk/design_1_wrapper.hdf.
06:18:12 INFO  : Launching XSDB server: xsdb.bat -interactive C:\SHE_0_60_9\SHE_0_60_9.sdk\temp_xsdb_launch_script.tcl
06:18:14 INFO  : XSDB server has started successfully.
06:18:15 INFO  : Processing command line option -hwspec C:/SHE_0_60_9/SHE_0_60_9.sdk/design_1_wrapper.hdf.
06:19:27 INFO  : Launching XSDB server: xsdb.bat -interactive C:\SHE_0_60_9\SHE_0_60_9.sdk\temp_xsdb_launch_script.tcl
06:19:28 INFO  : XSDB server has started successfully.
06:19:28 INFO  : Processing command line option -hwspec C:/SHE_0_60_9/SHE_0_60_9.sdk/design_1_wrapper.hdf.
06:19:28 ERROR : Error occurred while creating hardware platform design_1_wrapper_hw_platform_0 from sysdef
org.eclipse.core.runtime.CoreException: Could not write file: C:\SHE_0_60_9\SHE_0_60_9.sdk\design_1_wrapper_hw_platform_0\.project.
	at org.eclipse.core.internal.filesystem.Policy.error(Policy.java:49)
	at org.eclipse.core.internal.filesystem.local.LocalFile.openOutputStream(LocalFile.java:412)
	at org.eclipse.core.internal.localstore.FileSystemResourceManager.write(FileSystemResourceManager.java:1141)
	at org.eclipse.core.internal.localstore.FileSystemResourceManager.internalWrite(FileSystemResourceManager.java:653)
	at org.eclipse.core.internal.resources.Project.writeDescription(Project.java:1366)
	at org.eclipse.core.internal.resources.Project.writeDescription(Project.java:1347)
	at org.eclipse.core.internal.resources.Container.createFilter(Container.java:65)
	at com.xilinx.sdk.hw.internal.HwProjectCreator.createHwProjectFromZip(HwProjectCreator.java:91)
	at com.xilinx.sdk.hw.HwProjectUtil.internalCreate(HwProjectUtil.java:189)
	at com.xilinx.sdk.hw.HwProjectUtil.makeNewHardwareProject(HwProjectUtil.java:138)
	at com.xilinx.sdk.hw.HwProjectUtil.makeNewHardwareProject(HwProjectUtil.java:125)
	at com.xilinx.sdk.hw.HwProjectUtil.makeNewHardwareProject(HwProjectUtil.java:100)
	at com.xilinx.sdk.startup.InitSDK.processHwSpecArgumentTask(InitSDK.java:436)
	at com.xilinx.sdk.startup.InitSDK.access$7(InitSDK.java:418)
	at com.xilinx.sdk.startup.InitSDK$12.run(InitSDK.java:369)
	at org.eclipse.core.internal.jobs.Worker.run(Worker.java:55)
Caused by: java.io.FileNotFoundException: C:\SHE_0_60_9\SHE_0_60_9.sdk\design_1_wrapper_hw_platform_0\.project (Acceso denegado)
	at java.io.FileOutputStream.open0(Native Method)
	at java.io.FileOutputStream.open(FileOutputStream.java:270)
	at java.io.FileOutputStream.<init>(FileOutputStream.java:213)
	at org.eclipse.core.internal.filesystem.local.LocalFile.openOutputStream(LocalFile.java:403)
	... 14 more
06:19:28 ERROR : Unable to create Hardware Specification Project with specification file: C:/SHE_0_60_9/SHE_0_60_9.sdk/design_1_wrapper.hdf
06:22:39 ERROR : Unexpected error while parsing XMD response ?: com.google.gson.JsonSyntaxException: com.google.gson.stream.MalformedJsonException: invalid number or unquoted string near 
06:22:55 INFO  : Launching XSDB server: xsdb.bat -interactive C:\SHE_0_60_9\SHE_0_60_9.sdk\temp_xsdb_launch_script.tcl
06:22:57 INFO  : XSDB server has started successfully.
06:22:57 INFO  : Processing command line option -hwspec C:/SHE_0_60_9/SHE_0_60_9.sdk/design_1_wrapper.hdf.
06:22:57 ERROR : Error occurred while creating hardware platform design_1_wrapper_hw_platform_0 from sysdef
org.eclipse.core.runtime.CoreException: Could not write file: C:\SHE_0_60_9\SHE_0_60_9.sdk\design_1_wrapper_hw_platform_0\.project.
	at org.eclipse.core.internal.filesystem.Policy.error(Policy.java:49)
	at org.eclipse.core.internal.filesystem.local.LocalFile.openOutputStream(LocalFile.java:412)
	at org.eclipse.core.internal.localstore.FileSystemResourceManager.write(FileSystemResourceManager.java:1141)
	at org.eclipse.core.internal.localstore.FileSystemResourceManager.internalWrite(FileSystemResourceManager.java:653)
	at org.eclipse.core.internal.resources.Project.writeDescription(Project.java:1366)
	at org.eclipse.core.internal.resources.Project.writeDescription(Project.java:1347)
	at org.eclipse.core.internal.resources.Container.createFilter(Container.java:65)
	at com.xilinx.sdk.hw.internal.HwProjectCreator.createHwProjectFromZip(HwProjectCreator.java:91)
	at com.xilinx.sdk.hw.HwProjectUtil.internalCreate(HwProjectUtil.java:189)
	at com.xilinx.sdk.hw.HwProjectUtil.makeNewHardwareProject(HwProjectUtil.java:138)
	at com.xilinx.sdk.hw.HwProjectUtil.makeNewHardwareProject(HwProjectUtil.java:125)
	at com.xilinx.sdk.hw.HwProjectUtil.makeNewHardwareProject(HwProjectUtil.java:100)
	at com.xilinx.sdk.startup.InitSDK.processHwSpecArgumentTask(InitSDK.java:436)
	at com.xilinx.sdk.startup.InitSDK.access$7(InitSDK.java:418)
	at com.xilinx.sdk.startup.InitSDK$12.run(InitSDK.java:369)
	at org.eclipse.core.internal.jobs.Worker.run(Worker.java:55)
Caused by: java.io.FileNotFoundException: C:\SHE_0_60_9\SHE_0_60_9.sdk\design_1_wrapper_hw_platform_0\.project (Acceso denegado)
	at java.io.FileOutputStream.open0(Native Method)
	at java.io.FileOutputStream.open(FileOutputStream.java:270)
	at java.io.FileOutputStream.<init>(FileOutputStream.java:213)
	at org.eclipse.core.internal.filesystem.local.LocalFile.openOutputStream(LocalFile.java:403)
	... 14 more
06:22:57 ERROR : Unable to create Hardware Specification Project with specification file: C:/SHE_0_60_9/SHE_0_60_9.sdk/design_1_wrapper.hdf
06:25:37 INFO  : Connected to target on host '127.0.0.1' and port '3121'.
06:25:50 INFO  : Connected to target on host '127.0.0.1' and port '3121'.
06:26:06 INFO  : Connected to target on host '127.0.0.1' and port '3121'.
06:26:07 INFO  : 'targets -set -filter {jtag_cable_name =~ "Digilent Zybo 210279759344A" && level==0} -index 1' command is executed.
06:26:08 INFO  : FPGA configured successfully with bitstream "C:/SHE_0_60_9/SHE_0_60_9.sdk/design_1_wrapper_hw_platform_0/design_1_wrapper.bit"
06:26:29 INFO  : 'targets -set -filter {jtag_cable_name =~ "Digilent Zybo 210279759344A" && level==0} -index 1' command is executed.
06:26:29 INFO  : 'fpga -state' command is executed.
06:26:29 INFO  : Connected to target on host '127.0.0.1' and port '3121'.
06:26:29 INFO  : Jtag cable 'Digilent Zybo 210279759344A' is selected.
06:26:29 INFO  : 'jtag frequency' command is executed.
06:26:29 INFO  : Sourcing of 'C:/SHE_0_60_9/SHE_0_60_9.sdk/design_1_wrapper_hw_platform_0/ps7_init.tcl' is done.
06:26:29 INFO  : 'targets -set -filter {name =~"APU" && jtag_cable_name =~ "Digilent Zybo 210279759344A"} -index 0' command is executed.
06:26:29 INFO  : Hardware design information is loaded from 'C:/SHE_0_60_9/SHE_0_60_9.sdk/design_1_wrapper_hw_platform_0/system.hdf'.
06:26:29 INFO  : 'targets -set -filter {name =~"APU" && jtag_cable_name =~ "Digilent Zybo 210279759344A"} -index 0' command is executed.
06:26:29 INFO  : 'stop' command is executed.
06:26:31 INFO  : 'ps7_init' command is executed.
06:26:31 INFO  : 'ps7_post_config' command is executed.
06:26:31 INFO  : Context for processor 'ps7_cortexa9_0' is selected.
06:26:31 INFO  : Processor reset is completed for 'ps7_cortexa9_0'.
06:26:31 INFO  : Context for processor 'ps7_cortexa9_0' is selected.
06:26:31 INFO  : The application 'C:/SHE_0_60_9/SHE_0_60_9.sdk/she_0_60_9_2/Debug/she_0_60_9_2.elf' is downloaded to processor 'ps7_cortexa9_0'.
06:26:31 INFO  : ----------------XSDB Script----------------
connect -url tcp:127.0.0.1:3121
source C:/SHE_0_60_9/SHE_0_60_9.sdk/design_1_wrapper_hw_platform_0/ps7_init.tcl
targets -set -filter {name =~"APU" && jtag_cable_name =~ "Digilent Zybo 210279759344A"} -index 0
loadhw C:/SHE_0_60_9/SHE_0_60_9.sdk/design_1_wrapper_hw_platform_0/system.hdf
targets -set -filter {name =~"APU" && jtag_cable_name =~ "Digilent Zybo 210279759344A"} -index 0
stop
ps7_init
ps7_post_config
targets -set -nocase -filter {name =~ "ARM*#0" && jtag_cable_name =~ "Digilent Zybo 210279759344A"} -index 0
rst -processor
targets -set -nocase -filter {name =~ "ARM*#0" && jtag_cable_name =~ "Digilent Zybo 210279759344A"} -index 0
dow C:/SHE_0_60_9/SHE_0_60_9.sdk/she_0_60_9_2/Debug/she_0_60_9_2.elf
----------------End of Script----------------

06:26:31 INFO  : Memory regions updated for context APU
06:26:31 INFO  : Context for processor 'ps7_cortexa9_0' is selected.
06:26:32 INFO  : 'con' command is executed.
06:26:32 INFO  : ----------------XSDB Script (After Launch)----------------
targets -set -nocase -filter {name =~ "ARM*#0" && jtag_cable_name =~ "Digilent Zybo 210279759344A"} -index 0
con
----------------End of Script----------------

06:26:32 INFO  : Launch script is exported to file 'C:\SHE_0_60_9\SHE_0_60_9.sdk\.sdk\launch_scripts\xilinx_c-c++_application_(system_debugger)\system_debugger_on_local_she_0_60_9_2.elf.tcl'
06:26:45 INFO  : Disconnected from the channel tcfchan#1.
07:16:31 INFO  : Launching XSDB server: xsdb.bat -interactive C:\SHE_0_60_9\SHE_0_60_9.sdk\temp_xsdb_launch_script.tcl
07:16:33 INFO  : XSDB server has started successfully.
07:16:33 INFO  : Processing command line option -hwspec C:/SHE_0_60_9/SHE_0_60_9.sdk/design_1_wrapper.hdf.
07:17:07 INFO  : Connected to target on host '127.0.0.1' and port '3121'.
07:17:09 INFO  : 'targets -set -filter {jtag_cable_name =~ "Digilent Zybo 210279759344A" && level==0} -index 1' command is executed.
07:17:10 INFO  : FPGA configured successfully with bitstream "C:/SHE_0_60_9/SHE_0_60_9.sdk/design_1_wrapper_hw_platform_0/design_1_wrapper.bit"
07:17:22 INFO  : 'targets -set -filter {jtag_cable_name =~ "Digilent Zybo 210279759344A" && level==0} -index 1' command is executed.
07:17:22 INFO  : 'fpga -state' command is executed.
07:17:22 INFO  : Connected to target on host '127.0.0.1' and port '3121'.
07:17:22 INFO  : Jtag cable 'Digilent Zybo 210279759344A' is selected.
07:17:22 INFO  : 'jtag frequency' command is executed.
07:17:22 INFO  : Sourcing of 'C:/SHE_0_60_9/SHE_0_60_9.sdk/design_1_wrapper_hw_platform_0/ps7_init.tcl' is done.
07:17:22 INFO  : 'targets -set -filter {name =~"APU" && jtag_cable_name =~ "Digilent Zybo 210279759344A"} -index 0' command is executed.
07:17:23 INFO  : Hardware design information is loaded from 'C:/SHE_0_60_9/SHE_0_60_9.sdk/design_1_wrapper_hw_platform_0/system.hdf'.
07:17:23 INFO  : 'targets -set -filter {name =~"APU" && jtag_cable_name =~ "Digilent Zybo 210279759344A"} -index 0' command is executed.
07:17:23 INFO  : 'stop' command is executed.
07:17:24 INFO  : 'ps7_init' command is executed.
07:17:24 INFO  : 'ps7_post_config' command is executed.
07:17:24 INFO  : Context for processor 'ps7_cortexa9_0' is selected.
07:17:24 INFO  : Processor reset is completed for 'ps7_cortexa9_0'.
07:17:24 INFO  : Context for processor 'ps7_cortexa9_0' is selected.
07:17:25 INFO  : The application 'C:/SHE_0_60_9/SHE_0_60_9.sdk/she_0_60_9_2/Debug/she_0_60_9_2.elf' is downloaded to processor 'ps7_cortexa9_0'.
07:17:25 INFO  : ----------------XSDB Script----------------
connect -url tcp:127.0.0.1:3121
source C:/SHE_0_60_9/SHE_0_60_9.sdk/design_1_wrapper_hw_platform_0/ps7_init.tcl
targets -set -filter {name =~"APU" && jtag_cable_name =~ "Digilent Zybo 210279759344A"} -index 0
loadhw C:/SHE_0_60_9/SHE_0_60_9.sdk/design_1_wrapper_hw_platform_0/system.hdf
targets -set -filter {name =~"APU" && jtag_cable_name =~ "Digilent Zybo 210279759344A"} -index 0
stop
ps7_init
ps7_post_config
targets -set -nocase -filter {name =~ "ARM*#0" && jtag_cable_name =~ "Digilent Zybo 210279759344A"} -index 0
rst -processor
targets -set -nocase -filter {name =~ "ARM*#0" && jtag_cable_name =~ "Digilent Zybo 210279759344A"} -index 0
dow C:/SHE_0_60_9/SHE_0_60_9.sdk/she_0_60_9_2/Debug/she_0_60_9_2.elf
----------------End of Script----------------

07:17:25 INFO  : Memory regions updated for context APU
07:17:25 INFO  : Context for processor 'ps7_cortexa9_0' is selected.
07:17:25 INFO  : 'con' command is executed.
07:17:25 INFO  : ----------------XSDB Script (After Launch)----------------
targets -set -nocase -filter {name =~ "ARM*#0" && jtag_cable_name =~ "Digilent Zybo 210279759344A"} -index 0
con
----------------End of Script----------------

07:17:25 INFO  : Launch script is exported to file 'C:\SHE_0_60_9\SHE_0_60_9.sdk\.sdk\launch_scripts\xilinx_c-c++_application_(system_debugger)\system_debugger_on_local_she_0_60_9_2.elf.tcl'
09:09:53 INFO  : Disconnected from the channel tcfchan#1.
10:04:08 INFO  : Launching XSDB server: xsdb.bat -interactive C:\SHE_0_60_9\SHE_0_60_9.sdk\temp_xsdb_launch_script.tcl
10:04:11 INFO  : XSDB server has started successfully.
10:04:11 INFO  : Processing command line option -hwspec C:/SHE_0_60_9/SHE_0_60_9.sdk/design_1_wrapper.hdf.
10:05:33 ERROR : Failed to connect to hardware server on host '127.0.0.1' and port '3121'.
Reason: 'connect -url tcp:127.0.0.1:3121' is cancelled.
10:06:24 INFO  : Launching XSDB server: xsdb.bat -interactive C:\SHE_0_60_9\SHE_0_60_9.sdk\temp_xsdb_launch_script.tcl
10:06:26 INFO  : XSDB server has started successfully.
10:06:26 INFO  : Processing command line option -hwspec C:/SHE_0_60_9/SHE_0_60_9.sdk/design_1_wrapper.hdf.
10:06:26 INFO  : Checking for hwspec changes in the project design_1_wrapper_hw_platform_1.
10:06:59 INFO  : Connected to target on host '127.0.0.1' and port '3121'.
10:07:08 INFO  : Connected to target on host '127.0.0.1' and port '3121'.
10:07:09 INFO  : 'targets -set -filter {jtag_cable_name =~ "Digilent Zybo 210279759344A" && level==0} -index 1' command is executed.
10:07:10 INFO  : FPGA configured successfully with bitstream "C:/SHE_0_60_9/SHE_0_60_9.sdk/design_1_wrapper_hw_platform_0/design_1_wrapper.bit"
10:07:16 INFO  : 'targets -set -filter {jtag_cable_name =~ "Digilent Zybo 210279759344A" && level==0} -index 1' command is executed.
10:07:16 INFO  : 'fpga -state' command is executed.
10:07:16 INFO  : Connected to target on host '127.0.0.1' and port '3121'.
10:07:17 INFO  : Jtag cable 'Digilent Zybo 210279759344A' is selected.
10:07:17 INFO  : 'jtag frequency' command is executed.
10:07:17 INFO  : Sourcing of 'C:/SHE_0_60_9/SHE_0_60_9.sdk/design_1_wrapper_hw_platform_0/ps7_init.tcl' is done.
10:07:17 INFO  : 'targets -set -filter {name =~"APU" && jtag_cable_name =~ "Digilent Zybo 210279759344A"} -index 0' command is executed.
10:07:17 INFO  : Hardware design information is loaded from 'C:/SHE_0_60_9/SHE_0_60_9.sdk/design_1_wrapper_hw_platform_0/system.hdf'.
10:07:17 INFO  : 'targets -set -filter {name =~"APU" && jtag_cable_name =~ "Digilent Zybo 210279759344A"} -index 0' command is executed.
10:07:17 INFO  : 'stop' command is executed.
10:07:18 INFO  : 'ps7_init' command is executed.
10:07:18 INFO  : 'ps7_post_config' command is executed.
10:07:18 INFO  : Context for processor 'ps7_cortexa9_0' is selected.
10:07:18 INFO  : Processor reset is completed for 'ps7_cortexa9_0'.
10:07:18 INFO  : Context for processor 'ps7_cortexa9_0' is selected.
10:07:19 INFO  : The application 'C:/SHE_0_60_9/SHE_0_60_9.sdk/she_0_60_9_2/Debug/she_0_60_9_2.elf' is downloaded to processor 'ps7_cortexa9_0'.
10:07:19 INFO  : ----------------XSDB Script----------------
connect -url tcp:127.0.0.1:3121
source C:/SHE_0_60_9/SHE_0_60_9.sdk/design_1_wrapper_hw_platform_0/ps7_init.tcl
targets -set -filter {name =~"APU" && jtag_cable_name =~ "Digilent Zybo 210279759344A"} -index 0
loadhw C:/SHE_0_60_9/SHE_0_60_9.sdk/design_1_wrapper_hw_platform_0/system.hdf
targets -set -filter {name =~"APU" && jtag_cable_name =~ "Digilent Zybo 210279759344A"} -index 0
stop
ps7_init
ps7_post_config
targets -set -nocase -filter {name =~ "ARM*#0" && jtag_cable_name =~ "Digilent Zybo 210279759344A"} -index 0
rst -processor
targets -set -nocase -filter {name =~ "ARM*#0" && jtag_cable_name =~ "Digilent Zybo 210279759344A"} -index 0
dow C:/SHE_0_60_9/SHE_0_60_9.sdk/she_0_60_9_2/Debug/she_0_60_9_2.elf
----------------End of Script----------------

10:07:19 INFO  : Memory regions updated for context APU
10:07:19 INFO  : Context for processor 'ps7_cortexa9_0' is selected.
10:07:19 INFO  : 'con' command is executed.
10:07:19 INFO  : ----------------XSDB Script (After Launch)----------------
targets -set -nocase -filter {name =~ "ARM*#0" && jtag_cable_name =~ "Digilent Zybo 210279759344A"} -index 0
con
----------------End of Script----------------

10:07:19 INFO  : Launch script is exported to file 'C:\SHE_0_60_9\SHE_0_60_9.sdk\.sdk\launch_scripts\xilinx_c-c++_application_(system_debugger)\system_debugger_on_local_she_0_60_9_2.elf.tcl'
10:07:29 INFO  : Disconnected from the channel tcfchan#1.
10:07:30 INFO  : 'targets -set -filter {jtag_cable_name =~ "Digilent Zybo 210279759344A" && level==0} -index 1' command is executed.
10:07:30 INFO  : 'fpga -state' command is executed.
10:07:30 INFO  : Connected to target on host '127.0.0.1' and port '3121'.
10:07:30 INFO  : Jtag cable 'Digilent Zybo 210279759344A' is selected.
10:07:30 INFO  : 'jtag frequency' command is executed.
10:07:30 INFO  : Sourcing of 'C:/SHE_0_60_9/SHE_0_60_9.sdk/design_1_wrapper_hw_platform_0/ps7_init.tcl' is done.
10:07:30 INFO  : 'targets -set -filter {name =~"APU" && jtag_cable_name =~ "Digilent Zybo 210279759344A"} -index 0' command is executed.
10:07:33 INFO  : Hardware design information is loaded from 'C:/SHE_0_60_9/SHE_0_60_9.sdk/design_1_wrapper_hw_platform_0/system.hdf'.
10:07:33 INFO  : 'targets -set -filter {name =~"APU" && jtag_cable_name =~ "Digilent Zybo 210279759344A"} -index 0' command is executed.
10:07:33 INFO  : 'stop' command is executed.
10:07:34 INFO  : 'ps7_init' command is executed.
10:07:34 INFO  : 'ps7_post_config' command is executed.
10:07:34 INFO  : Context for processor 'ps7_cortexa9_0' is selected.
10:07:34 INFO  : Processor reset is completed for 'ps7_cortexa9_0'.
10:07:34 INFO  : Context for processor 'ps7_cortexa9_0' is selected.
10:07:34 INFO  : The application 'C:/SHE_0_60_9/SHE_0_60_9.sdk/she_0_60_9_2/Debug/she_0_60_9_2.elf' is downloaded to processor 'ps7_cortexa9_0'.
10:07:34 INFO  : ----------------XSDB Script----------------
connect -url tcp:127.0.0.1:3121
source C:/SHE_0_60_9/SHE_0_60_9.sdk/design_1_wrapper_hw_platform_0/ps7_init.tcl
targets -set -filter {name =~"APU" && jtag_cable_name =~ "Digilent Zybo 210279759344A"} -index 0
loadhw C:/SHE_0_60_9/SHE_0_60_9.sdk/design_1_wrapper_hw_platform_0/system.hdf
targets -set -filter {name =~"APU" && jtag_cable_name =~ "Digilent Zybo 210279759344A"} -index 0
stop
ps7_init
ps7_post_config
targets -set -nocase -filter {name =~ "ARM*#0" && jtag_cable_name =~ "Digilent Zybo 210279759344A"} -index 0
rst -processor
targets -set -nocase -filter {name =~ "ARM*#0" && jtag_cable_name =~ "Digilent Zybo 210279759344A"} -index 0
dow C:/SHE_0_60_9/SHE_0_60_9.sdk/she_0_60_9_2/Debug/she_0_60_9_2.elf
----------------End of Script----------------

10:07:34 INFO  : Memory regions updated for context APU
10:07:35 INFO  : Context for processor 'ps7_cortexa9_0' is selected.
10:07:35 INFO  : 'con' command is executed.
10:07:35 INFO  : ----------------XSDB Script (After Launch)----------------
targets -set -nocase -filter {name =~ "ARM*#0" && jtag_cable_name =~ "Digilent Zybo 210279759344A"} -index 0
con
----------------End of Script----------------

10:07:35 INFO  : Launch script is exported to file 'C:\SHE_0_60_9\SHE_0_60_9.sdk\.sdk\launch_scripts\xilinx_c-c++_application_(system_debugger)\system_debugger_on_local_she_0_60_9_2.elf.tcl'
12:40:31 INFO  : Disconnected from the channel tcfchan#2.
12:09:29 INFO  : Launching XSDB server: xsdb.bat -interactive C:\SHE_0_60_9\SHE_0_60_9.sdk\temp_xsdb_launch_script.tcl
12:09:33 INFO  : XSDB server has started successfully.
12:09:33 INFO  : Processing command line option -hwspec C:/SHE_0_60_9/SHE_0_60_9.sdk/design_1_wrapper.hdf.
12:09:56 INFO  : Launching XSDB server: xsdb.bat -interactive C:\SHE_0_60_9\SHE_0_60_9.sdk\temp_xsdb_launch_script.tcl
12:09:58 INFO  : XSDB server has started successfully.
12:09:58 INFO  : Processing command line option -hwspec C:/SHE_0_60_9/SHE_0_60_9.sdk/design_1_wrapper.hdf.
12:10:38 INFO  : Connected to target on host '127.0.0.1' and port '3121'.
12:10:38 INFO  : 'targets -set -filter {jtag_cable_name =~ "Digilent Zybo 210279759344A" && level==0} -index 1' command is executed.
12:10:39 INFO  : FPGA configured successfully with bitstream "C:/SHE_0_60_9/SHE_0_60_9.sdk/design_1_wrapper_hw_platform_0/design_1_wrapper.bit"
12:10:48 INFO  : 'targets -set -filter {jtag_cable_name =~ "Digilent Zybo 210279759344A" && level==0} -index 1' command is executed.
12:10:48 INFO  : 'fpga -state' command is executed.
12:10:48 INFO  : Connected to target on host '127.0.0.1' and port '3121'.
12:10:49 INFO  : Jtag cable 'Digilent Zybo 210279759344A' is selected.
12:10:49 INFO  : 'jtag frequency' command is executed.
12:10:49 INFO  : Sourcing of 'C:/SHE_0_60_9/SHE_0_60_9.sdk/design_1_wrapper_hw_platform_0/ps7_init.tcl' is done.
12:10:49 INFO  : 'targets -set -filter {name =~"APU" && jtag_cable_name =~ "Digilent Zybo 210279759344A"} -index 0' command is executed.
12:10:49 INFO  : Hardware design information is loaded from 'C:/SHE_0_60_9/SHE_0_60_9.sdk/design_1_wrapper_hw_platform_0/system.hdf'.
12:10:49 INFO  : 'targets -set -filter {name =~"APU" && jtag_cable_name =~ "Digilent Zybo 210279759344A"} -index 0' command is executed.
12:10:49 INFO  : 'stop' command is executed.
12:10:50 INFO  : 'ps7_init' command is executed.
12:10:50 INFO  : 'ps7_post_config' command is executed.
12:10:50 INFO  : Context for processor 'ps7_cortexa9_0' is selected.
12:10:50 INFO  : Processor reset is completed for 'ps7_cortexa9_0'.
12:10:50 INFO  : Context for processor 'ps7_cortexa9_0' is selected.
12:10:51 INFO  : The application 'C:/SHE_0_60_9/SHE_0_60_9.sdk/she_0_60_9_2/Debug/she_0_60_9_2.elf' is downloaded to processor 'ps7_cortexa9_0'.
12:10:51 INFO  : ----------------XSDB Script----------------
connect -url tcp:127.0.0.1:3121
source C:/SHE_0_60_9/SHE_0_60_9.sdk/design_1_wrapper_hw_platform_0/ps7_init.tcl
targets -set -filter {name =~"APU" && jtag_cable_name =~ "Digilent Zybo 210279759344A"} -index 0
loadhw C:/SHE_0_60_9/SHE_0_60_9.sdk/design_1_wrapper_hw_platform_0/system.hdf
targets -set -filter {name =~"APU" && jtag_cable_name =~ "Digilent Zybo 210279759344A"} -index 0
stop
ps7_init
ps7_post_config
targets -set -nocase -filter {name =~ "ARM*#0" && jtag_cable_name =~ "Digilent Zybo 210279759344A"} -index 0
rst -processor
targets -set -nocase -filter {name =~ "ARM*#0" && jtag_cable_name =~ "Digilent Zybo 210279759344A"} -index 0
dow C:/SHE_0_60_9/SHE_0_60_9.sdk/she_0_60_9_2/Debug/she_0_60_9_2.elf
----------------End of Script----------------

12:10:51 INFO  : Memory regions updated for context APU
12:10:51 INFO  : Context for processor 'ps7_cortexa9_0' is selected.
12:10:51 INFO  : 'con' command is executed.
12:10:51 INFO  : ----------------XSDB Script (After Launch)----------------
targets -set -nocase -filter {name =~ "ARM*#0" && jtag_cable_name =~ "Digilent Zybo 210279759344A"} -index 0
con
----------------End of Script----------------

12:10:51 INFO  : Launch script is exported to file 'C:\SHE_0_60_9\SHE_0_60_9.sdk\.sdk\launch_scripts\xilinx_c-c++_application_(system_debugger)\system_debugger_on_local_she_0_60_9_2.elf.tcl'
12:12:44 INFO  : Disconnected from the channel tcfchan#1.
12:20:18 INFO  : Launching XSDB server: xsdb.bat -interactive C:\SHE_0_60_9\SHE_0_60_9.sdk\temp_xsdb_launch_script.tcl
12:20:19 INFO  : XSDB server has started successfully.
12:20:21 INFO  : Processing command line option -hwspec C:/SHE_0_60_9/SHE_0_60_9.sdk/design_1_wrapper.hdf.
12:20:36 INFO  : Connected to target on host '127.0.0.1' and port '3121'.
12:20:41 INFO  : 'targets -set -filter {jtag_cable_name =~ "Digilent Zybo 210279759344A" && level==0} -index 1' command is executed.
12:20:42 INFO  : FPGA configured successfully with bitstream "C:/SHE_0_60_9/SHE_0_60_9.sdk/design_1_wrapper_hw_platform_0/design_1_wrapper.bit"
12:20:48 INFO  : 'targets -set -filter {jtag_cable_name =~ "Digilent Zybo 210279759344A" && level==0} -index 1' command is executed.
12:20:48 INFO  : 'fpga -state' command is executed.
12:20:48 INFO  : Connected to target on host '127.0.0.1' and port '3121'.
12:20:49 INFO  : Jtag cable 'Digilent Zybo 210279759344A' is selected.
12:20:49 INFO  : 'jtag frequency' command is executed.
12:20:49 INFO  : Sourcing of 'C:/SHE_0_60_9/SHE_0_60_9.sdk/design_1_wrapper_hw_platform_0/ps7_init.tcl' is done.
12:20:49 INFO  : 'targets -set -filter {name =~"APU" && jtag_cable_name =~ "Digilent Zybo 210279759344A"} -index 0' command is executed.
12:20:49 INFO  : Hardware design information is loaded from 'C:/SHE_0_60_9/SHE_0_60_9.sdk/design_1_wrapper_hw_platform_0/system.hdf'.
12:20:49 INFO  : 'targets -set -filter {name =~"APU" && jtag_cable_name =~ "Digilent Zybo 210279759344A"} -index 0' command is executed.
12:20:49 INFO  : 'stop' command is executed.
12:20:50 INFO  : 'ps7_init' command is executed.
12:20:50 INFO  : 'ps7_post_config' command is executed.
12:20:50 INFO  : Context for processor 'ps7_cortexa9_0' is selected.
12:20:50 INFO  : Processor reset is completed for 'ps7_cortexa9_0'.
12:20:50 INFO  : Context for processor 'ps7_cortexa9_0' is selected.
12:20:51 INFO  : The application 'C:/SHE_0_60_9/SHE_0_60_9.sdk/she_0_60_9_2/Debug/she_0_60_9_2.elf' is downloaded to processor 'ps7_cortexa9_0'.
12:20:51 INFO  : ----------------XSDB Script----------------
connect -url tcp:127.0.0.1:3121
source C:/SHE_0_60_9/SHE_0_60_9.sdk/design_1_wrapper_hw_platform_0/ps7_init.tcl
targets -set -filter {name =~"APU" && jtag_cable_name =~ "Digilent Zybo 210279759344A"} -index 0
loadhw C:/SHE_0_60_9/SHE_0_60_9.sdk/design_1_wrapper_hw_platform_0/system.hdf
targets -set -filter {name =~"APU" && jtag_cable_name =~ "Digilent Zybo 210279759344A"} -index 0
stop
ps7_init
ps7_post_config
targets -set -nocase -filter {name =~ "ARM*#0" && jtag_cable_name =~ "Digilent Zybo 210279759344A"} -index 0
rst -processor
targets -set -nocase -filter {name =~ "ARM*#0" && jtag_cable_name =~ "Digilent Zybo 210279759344A"} -index 0
dow C:/SHE_0_60_9/SHE_0_60_9.sdk/she_0_60_9_2/Debug/she_0_60_9_2.elf
----------------End of Script----------------

12:20:51 INFO  : Memory regions updated for context APU
12:20:51 INFO  : Context for processor 'ps7_cortexa9_0' is selected.
12:20:51 INFO  : 'con' command is executed.
12:20:51 INFO  : ----------------XSDB Script (After Launch)----------------
targets -set -nocase -filter {name =~ "ARM*#0" && jtag_cable_name =~ "Digilent Zybo 210279759344A"} -index 0
con
----------------End of Script----------------

12:20:51 INFO  : Launch script is exported to file 'C:\SHE_0_60_9\SHE_0_60_9.sdk\.sdk\launch_scripts\xilinx_c-c++_application_(system_debugger)\system_debugger_on_local_she_0_60_9_2.elf.tcl'
12:21:04 INFO  : Disconnected from the channel tcfchan#1.
12:21:05 INFO  : 'targets -set -filter {jtag_cable_name =~ "Digilent Zybo 210279759344A" && level==0} -index 1' command is executed.
12:21:05 INFO  : 'fpga -state' command is executed.
12:21:05 INFO  : Connected to target on host '127.0.0.1' and port '3121'.
12:21:05 INFO  : Jtag cable 'Digilent Zybo 210279759344A' is selected.
12:21:05 INFO  : 'jtag frequency' command is executed.
12:21:05 INFO  : Sourcing of 'C:/SHE_0_60_9/SHE_0_60_9.sdk/design_1_wrapper_hw_platform_0/ps7_init.tcl' is done.
12:21:05 INFO  : 'targets -set -filter {name =~"APU" && jtag_cable_name =~ "Digilent Zybo 210279759344A"} -index 0' command is executed.
12:21:08 INFO  : Hardware design information is loaded from 'C:/SHE_0_60_9/SHE_0_60_9.sdk/design_1_wrapper_hw_platform_0/system.hdf'.
12:21:08 INFO  : 'targets -set -filter {name =~"APU" && jtag_cable_name =~ "Digilent Zybo 210279759344A"} -index 0' command is executed.
12:21:08 INFO  : 'stop' command is executed.
12:21:09 INFO  : 'ps7_init' command is executed.
12:21:09 INFO  : 'ps7_post_config' command is executed.
12:21:09 INFO  : Context for processor 'ps7_cortexa9_0' is selected.
12:21:09 INFO  : Processor reset is completed for 'ps7_cortexa9_0'.
12:21:09 INFO  : Context for processor 'ps7_cortexa9_0' is selected.
12:21:10 INFO  : The application 'C:/SHE_0_60_9/SHE_0_60_9.sdk/she_0_60_9_2/Debug/she_0_60_9_2.elf' is downloaded to processor 'ps7_cortexa9_0'.
12:21:10 INFO  : ----------------XSDB Script----------------
connect -url tcp:127.0.0.1:3121
source C:/SHE_0_60_9/SHE_0_60_9.sdk/design_1_wrapper_hw_platform_0/ps7_init.tcl
targets -set -filter {name =~"APU" && jtag_cable_name =~ "Digilent Zybo 210279759344A"} -index 0
loadhw C:/SHE_0_60_9/SHE_0_60_9.sdk/design_1_wrapper_hw_platform_0/system.hdf
targets -set -filter {name =~"APU" && jtag_cable_name =~ "Digilent Zybo 210279759344A"} -index 0
stop
ps7_init
ps7_post_config
targets -set -nocase -filter {name =~ "ARM*#0" && jtag_cable_name =~ "Digilent Zybo 210279759344A"} -index 0
rst -processor
targets -set -nocase -filter {name =~ "ARM*#0" && jtag_cable_name =~ "Digilent Zybo 210279759344A"} -index 0
dow C:/SHE_0_60_9/SHE_0_60_9.sdk/she_0_60_9_2/Debug/she_0_60_9_2.elf
----------------End of Script----------------

12:21:10 INFO  : Memory regions updated for context APU
12:21:10 INFO  : Context for processor 'ps7_cortexa9_0' is selected.
12:21:10 INFO  : 'con' command is executed.
12:21:10 INFO  : ----------------XSDB Script (After Launch)----------------
targets -set -nocase -filter {name =~ "ARM*#0" && jtag_cable_name =~ "Digilent Zybo 210279759344A"} -index 0
con
----------------End of Script----------------

12:21:10 INFO  : Launch script is exported to file 'C:\SHE_0_60_9\SHE_0_60_9.sdk\.sdk\launch_scripts\xilinx_c-c++_application_(system_debugger)\system_debugger_on_local_she_0_60_9_2.elf.tcl'
12:57:52 INFO  : Connected to target on host '127.0.0.1' and port '3121'.
12:57:52 INFO  : 'targets -set -filter {jtag_cable_name =~ "Digilent Zybo 210279759344A" && level==0} -index 1' command is executed.
12:57:54 INFO  : FPGA configured successfully with bitstream "C:/SHE_0_60_9/SHE_0_60_9.sdk/design_1_wrapper_hw_platform_0/design_1_wrapper.bit"
12:58:22 INFO  : Disconnected from the channel tcfchan#2.
12:58:23 INFO  : 'targets -set -filter {jtag_cable_name =~ "Digilent Zybo 210279759344A" && level==0} -index 1' command is executed.
12:58:23 INFO  : 'fpga -state' command is executed.
12:58:23 INFO  : Connected to target on host '127.0.0.1' and port '3121'.
12:58:23 INFO  : Jtag cable 'Digilent Zybo 210279759344A' is selected.
12:58:23 INFO  : 'jtag frequency' command is executed.
12:58:23 INFO  : Sourcing of 'C:/SHE_0_60_9/SHE_0_60_9.sdk/design_1_wrapper_hw_platform_0/ps7_init.tcl' is done.
12:58:23 INFO  : 'targets -set -filter {name =~"APU" && jtag_cable_name =~ "Digilent Zybo 210279759344A"} -index 0' command is executed.
12:58:26 INFO  : Hardware design information is loaded from 'C:/SHE_0_60_9/SHE_0_60_9.sdk/design_1_wrapper_hw_platform_0/system.hdf'.
12:58:26 INFO  : 'targets -set -filter {name =~"APU" && jtag_cable_name =~ "Digilent Zybo 210279759344A"} -index 0' command is executed.
12:58:26 INFO  : 'stop' command is executed.
12:58:27 INFO  : 'ps7_init' command is executed.
12:58:27 INFO  : 'ps7_post_config' command is executed.
12:58:27 INFO  : Context for processor 'ps7_cortexa9_0' is selected.
12:58:27 INFO  : Processor reset is completed for 'ps7_cortexa9_0'.
12:58:27 INFO  : Context for processor 'ps7_cortexa9_0' is selected.
12:58:28 INFO  : The application 'C:/SHE_0_60_9/SHE_0_60_9.sdk/she_0_60_9_2/Debug/she_0_60_9_2.elf' is downloaded to processor 'ps7_cortexa9_0'.
12:58:28 INFO  : ----------------XSDB Script----------------
connect -url tcp:127.0.0.1:3121
source C:/SHE_0_60_9/SHE_0_60_9.sdk/design_1_wrapper_hw_platform_0/ps7_init.tcl
targets -set -filter {name =~"APU" && jtag_cable_name =~ "Digilent Zybo 210279759344A"} -index 0
loadhw C:/SHE_0_60_9/SHE_0_60_9.sdk/design_1_wrapper_hw_platform_0/system.hdf
targets -set -filter {name =~"APU" && jtag_cable_name =~ "Digilent Zybo 210279759344A"} -index 0
stop
ps7_init
ps7_post_config
targets -set -nocase -filter {name =~ "ARM*#0" && jtag_cable_name =~ "Digilent Zybo 210279759344A"} -index 0
rst -processor
targets -set -nocase -filter {name =~ "ARM*#0" && jtag_cable_name =~ "Digilent Zybo 210279759344A"} -index 0
dow C:/SHE_0_60_9/SHE_0_60_9.sdk/she_0_60_9_2/Debug/she_0_60_9_2.elf
----------------End of Script----------------

12:58:28 INFO  : Memory regions updated for context APU
12:58:28 INFO  : Context for processor 'ps7_cortexa9_0' is selected.
12:58:28 INFO  : 'con' command is executed.
12:58:28 INFO  : ----------------XSDB Script (After Launch)----------------
targets -set -nocase -filter {name =~ "ARM*#0" && jtag_cable_name =~ "Digilent Zybo 210279759344A"} -index 0
con
----------------End of Script----------------

12:58:28 INFO  : Launch script is exported to file 'C:\SHE_0_60_9\SHE_0_60_9.sdk\.sdk\launch_scripts\xilinx_c-c++_application_(system_debugger)\system_debugger_on_local_she_0_60_9_2.elf.tcl'
14:13:08 INFO  : Connected to target on host '127.0.0.1' and port '3121'.
14:13:08 INFO  : 'targets -set -filter {jtag_cable_name =~ "Digilent Zybo 210279759344A" && level==0} -index 1' command is executed.
14:13:09 INFO  : FPGA configured successfully with bitstream "C:/SHE_0_60_9/SHE_0_60_9.sdk/design_1_wrapper_hw_platform_0/design_1_wrapper.bit"
14:13:17 INFO  : Disconnected from the channel tcfchan#3.
14:13:18 INFO  : 'targets -set -filter {jtag_cable_name =~ "Digilent Zybo 210279759344A" && level==0} -index 1' command is executed.
14:13:18 INFO  : 'fpga -state' command is executed.
14:13:18 INFO  : Connected to target on host '127.0.0.1' and port '3121'.
14:13:18 INFO  : Jtag cable 'Digilent Zybo 210279759344A' is selected.
14:13:18 INFO  : 'jtag frequency' command is executed.
14:13:18 INFO  : Sourcing of 'C:/SHE_0_60_9/SHE_0_60_9.sdk/design_1_wrapper_hw_platform_0/ps7_init.tcl' is done.
14:13:18 INFO  : 'targets -set -filter {name =~"APU" && jtag_cable_name =~ "Digilent Zybo 210279759344A"} -index 0' command is executed.
14:13:20 INFO  : Hardware design information is loaded from 'C:/SHE_0_60_9/SHE_0_60_9.sdk/design_1_wrapper_hw_platform_0/system.hdf'.
14:13:21 INFO  : 'targets -set -filter {name =~"APU" && jtag_cable_name =~ "Digilent Zybo 210279759344A"} -index 0' command is executed.
14:13:21 INFO  : 'stop' command is executed.
14:13:22 INFO  : 'ps7_init' command is executed.
14:13:22 INFO  : 'ps7_post_config' command is executed.
14:13:22 INFO  : Context for processor 'ps7_cortexa9_0' is selected.
14:13:22 INFO  : Processor reset is completed for 'ps7_cortexa9_0'.
14:13:22 INFO  : Context for processor 'ps7_cortexa9_0' is selected.
14:13:22 INFO  : The application 'C:/SHE_0_60_9/SHE_0_60_9.sdk/she_0_60_9_2/Debug/she_0_60_9_2.elf' is downloaded to processor 'ps7_cortexa9_0'.
14:13:22 INFO  : ----------------XSDB Script----------------
connect -url tcp:127.0.0.1:3121
source C:/SHE_0_60_9/SHE_0_60_9.sdk/design_1_wrapper_hw_platform_0/ps7_init.tcl
targets -set -filter {name =~"APU" && jtag_cable_name =~ "Digilent Zybo 210279759344A"} -index 0
loadhw C:/SHE_0_60_9/SHE_0_60_9.sdk/design_1_wrapper_hw_platform_0/system.hdf
targets -set -filter {name =~"APU" && jtag_cable_name =~ "Digilent Zybo 210279759344A"} -index 0
stop
ps7_init
ps7_post_config
targets -set -nocase -filter {name =~ "ARM*#0" && jtag_cable_name =~ "Digilent Zybo 210279759344A"} -index 0
rst -processor
targets -set -nocase -filter {name =~ "ARM*#0" && jtag_cable_name =~ "Digilent Zybo 210279759344A"} -index 0
dow C:/SHE_0_60_9/SHE_0_60_9.sdk/she_0_60_9_2/Debug/she_0_60_9_2.elf
----------------End of Script----------------

14:13:22 INFO  : Memory regions updated for context APU
14:13:23 INFO  : Context for processor 'ps7_cortexa9_0' is selected.
14:13:23 INFO  : 'con' command is executed.
14:13:23 INFO  : ----------------XSDB Script (After Launch)----------------
targets -set -nocase -filter {name =~ "ARM*#0" && jtag_cable_name =~ "Digilent Zybo 210279759344A"} -index 0
con
----------------End of Script----------------

14:13:23 INFO  : Launch script is exported to file 'C:\SHE_0_60_9\SHE_0_60_9.sdk\.sdk\launch_scripts\xilinx_c-c++_application_(system_debugger)\system_debugger_on_local_she_0_60_9_2.elf.tcl'
14:23:26 INFO  : Disconnected from the channel tcfchan#4.
09:44:31 INFO  : Launching XSDB server: xsdb.bat -interactive C:\SHE_0_60_9\SHE_0_60_9.sdk\temp_xsdb_launch_script.tcl
09:44:32 INFO  : XSDB server has started successfully.
09:44:39 INFO  : Processing command line option -hwspec C:/SHE_0_60_9/SHE_0_60_9.sdk/design_1_wrapper.hdf.
09:44:39 INFO  : Checking for hwspec changes in the project design_1_wrapper_hw_platform_0.
09:49:26 INFO  : Connected to target on host '127.0.0.1' and port '3121'.
09:49:42 INFO  : Connected to target on host '127.0.0.1' and port '3121'.
09:49:43 INFO  : 'targets -set -filter {jtag_cable_name =~ "Digilent Zybo 210279759344A" && level==0} -index 1' command is executed.
09:49:44 INFO  : FPGA configured successfully with bitstream "C:/SHE_0_60_9/SHE_0_60_9.sdk/design_1_wrapper_hw_platform_0/design_1_wrapper.bit"
09:50:01 INFO  : 'targets -set -filter {jtag_cable_name =~ "Digilent Zybo 210279759344A" && level==0} -index 1' command is executed.
09:50:01 INFO  : 'fpga -state' command is executed.
09:50:01 INFO  : Connected to target on host '127.0.0.1' and port '3121'.
09:50:01 INFO  : Jtag cable 'Digilent Zybo 210279759344A' is selected.
09:50:01 INFO  : 'jtag frequency' command is executed.
09:50:01 INFO  : Sourcing of 'C:/SHE_0_60_9/SHE_0_60_9.sdk/design_1_wrapper_hw_platform_0/ps7_init.tcl' is done.
09:50:01 INFO  : 'targets -set -filter {name =~"APU" && jtag_cable_name =~ "Digilent Zybo 210279759344A"} -index 0' command is executed.
09:50:01 INFO  : Hardware design information is loaded from 'C:/SHE_0_60_9/SHE_0_60_9.sdk/design_1_wrapper_hw_platform_0/system.hdf'.
09:50:01 INFO  : 'targets -set -filter {name =~"APU" && jtag_cable_name =~ "Digilent Zybo 210279759344A"} -index 0' command is executed.
09:50:01 INFO  : 'stop' command is executed.
09:50:02 INFO  : 'ps7_init' command is executed.
09:50:02 INFO  : 'ps7_post_config' command is executed.
09:50:02 INFO  : Context for processor 'ps7_cortexa9_0' is selected.
09:50:02 INFO  : Processor reset is completed for 'ps7_cortexa9_0'.
09:50:02 INFO  : Context for processor 'ps7_cortexa9_0' is selected.
09:50:03 INFO  : The application 'C:/SHE_0_60_9/SHE_0_60_9.sdk/she_0_60_9_2/Debug/she_0_60_9_2.elf' is downloaded to processor 'ps7_cortexa9_0'.
09:50:03 INFO  : ----------------XSDB Script----------------
connect -url tcp:127.0.0.1:3121
source C:/SHE_0_60_9/SHE_0_60_9.sdk/design_1_wrapper_hw_platform_0/ps7_init.tcl
targets -set -filter {name =~"APU" && jtag_cable_name =~ "Digilent Zybo 210279759344A"} -index 0
loadhw C:/SHE_0_60_9/SHE_0_60_9.sdk/design_1_wrapper_hw_platform_0/system.hdf
targets -set -filter {name =~"APU" && jtag_cable_name =~ "Digilent Zybo 210279759344A"} -index 0
stop
ps7_init
ps7_post_config
targets -set -nocase -filter {name =~ "ARM*#0" && jtag_cable_name =~ "Digilent Zybo 210279759344A"} -index 0
rst -processor
targets -set -nocase -filter {name =~ "ARM*#0" && jtag_cable_name =~ "Digilent Zybo 210279759344A"} -index 0
dow C:/SHE_0_60_9/SHE_0_60_9.sdk/she_0_60_9_2/Debug/she_0_60_9_2.elf
----------------End of Script----------------

09:50:03 INFO  : Memory regions updated for context APU
09:50:03 INFO  : Context for processor 'ps7_cortexa9_0' is selected.
09:50:03 INFO  : 'con' command is executed.
09:50:03 INFO  : ----------------XSDB Script (After Launch)----------------
targets -set -nocase -filter {name =~ "ARM*#0" && jtag_cable_name =~ "Digilent Zybo 210279759344A"} -index 0
con
----------------End of Script----------------

09:50:03 INFO  : Launch script is exported to file 'C:\SHE_0_60_9\SHE_0_60_9.sdk\.sdk\launch_scripts\xilinx_c-c++_application_(system_debugger)\system_debugger_on_local_she_0_60_9_2.elf.tcl'
09:52:27 INFO  : Disconnected from the channel tcfchan#1.
09:52:28 INFO  : 'targets -set -filter {jtag_cable_name =~ "Digilent Zybo 210279759344A" && level==0} -index 1' command is executed.
09:52:28 INFO  : 'fpga -state' command is executed.
09:52:28 INFO  : Connected to target on host '127.0.0.1' and port '3121'.
09:52:28 INFO  : Jtag cable 'Digilent Zybo 210279759344A' is selected.
09:52:28 INFO  : 'jtag frequency' command is executed.
09:52:28 INFO  : Sourcing of 'C:/SHE_0_60_9/SHE_0_60_9.sdk/design_1_wrapper_hw_platform_0/ps7_init.tcl' is done.
09:52:28 INFO  : 'targets -set -filter {name =~"APU" && jtag_cable_name =~ "Digilent Zybo 210279759344A"} -index 0' command is executed.
09:52:31 INFO  : Hardware design information is loaded from 'C:/SHE_0_60_9/SHE_0_60_9.sdk/design_1_wrapper_hw_platform_0/system.hdf'.
09:52:31 INFO  : 'targets -set -filter {name =~"APU" && jtag_cable_name =~ "Digilent Zybo 210279759344A"} -index 0' command is executed.
09:52:31 INFO  : 'stop' command is executed.
09:52:32 INFO  : 'ps7_init' command is executed.
09:52:32 INFO  : 'ps7_post_config' command is executed.
09:52:32 INFO  : Context for processor 'ps7_cortexa9_0' is selected.
09:52:32 INFO  : Processor reset is completed for 'ps7_cortexa9_0'.
09:52:32 INFO  : Context for processor 'ps7_cortexa9_0' is selected.
09:52:33 INFO  : The application 'C:/SHE_0_60_9/SHE_0_60_9.sdk/she_0_60_9_2/Debug/she_0_60_9_2.elf' is downloaded to processor 'ps7_cortexa9_0'.
09:52:33 INFO  : ----------------XSDB Script----------------
connect -url tcp:127.0.0.1:3121
source C:/SHE_0_60_9/SHE_0_60_9.sdk/design_1_wrapper_hw_platform_0/ps7_init.tcl
targets -set -filter {name =~"APU" && jtag_cable_name =~ "Digilent Zybo 210279759344A"} -index 0
loadhw C:/SHE_0_60_9/SHE_0_60_9.sdk/design_1_wrapper_hw_platform_0/system.hdf
targets -set -filter {name =~"APU" && jtag_cable_name =~ "Digilent Zybo 210279759344A"} -index 0
stop
ps7_init
ps7_post_config
targets -set -nocase -filter {name =~ "ARM*#0" && jtag_cable_name =~ "Digilent Zybo 210279759344A"} -index 0
rst -processor
targets -set -nocase -filter {name =~ "ARM*#0" && jtag_cable_name =~ "Digilent Zybo 210279759344A"} -index 0
dow C:/SHE_0_60_9/SHE_0_60_9.sdk/she_0_60_9_2/Debug/she_0_60_9_2.elf
----------------End of Script----------------

09:52:33 INFO  : Memory regions updated for context APU
09:52:33 INFO  : Context for processor 'ps7_cortexa9_0' is selected.
09:52:33 INFO  : 'con' command is executed.
09:52:33 INFO  : ----------------XSDB Script (After Launch)----------------
targets -set -nocase -filter {name =~ "ARM*#0" && jtag_cable_name =~ "Digilent Zybo 210279759344A"} -index 0
con
----------------End of Script----------------

09:52:33 INFO  : Launch script is exported to file 'C:\SHE_0_60_9\SHE_0_60_9.sdk\.sdk\launch_scripts\xilinx_c-c++_application_(system_debugger)\system_debugger_on_local_she_0_60_9_2.elf.tcl'
09:53:42 INFO  : Disconnected from the channel tcfchan#2.
09:53:42 INFO  : 'targets -set -filter {jtag_cable_name =~ "Digilent Zybo 210279759344A" && level==0} -index 1' command is executed.
09:53:42 INFO  : 'fpga -state' command is executed.
09:53:42 INFO  : Connected to target on host '127.0.0.1' and port '3121'.
09:53:42 INFO  : Jtag cable 'Digilent Zybo 210279759344A' is selected.
09:53:42 INFO  : 'jtag frequency' command is executed.
09:53:42 INFO  : Sourcing of 'C:/SHE_0_60_9/SHE_0_60_9.sdk/design_1_wrapper_hw_platform_0/ps7_init.tcl' is done.
09:53:42 INFO  : 'targets -set -filter {name =~"APU" && jtag_cable_name =~ "Digilent Zybo 210279759344A"} -index 0' command is executed.
09:53:45 INFO  : Hardware design information is loaded from 'C:/SHE_0_60_9/SHE_0_60_9.sdk/design_1_wrapper_hw_platform_0/system.hdf'.
09:53:45 INFO  : 'targets -set -filter {name =~"APU" && jtag_cable_name =~ "Digilent Zybo 210279759344A"} -index 0' command is executed.
09:53:45 INFO  : 'stop' command is executed.
09:53:47 INFO  : 'ps7_init' command is executed.
09:53:47 INFO  : 'ps7_post_config' command is executed.
09:53:47 INFO  : Context for processor 'ps7_cortexa9_0' is selected.
09:53:47 INFO  : Processor reset is completed for 'ps7_cortexa9_0'.
09:53:47 INFO  : Context for processor 'ps7_cortexa9_0' is selected.
09:53:47 INFO  : The application 'C:/SHE_0_60_9/SHE_0_60_9.sdk/she_0_60_9_2/Debug/she_0_60_9_2.elf' is downloaded to processor 'ps7_cortexa9_0'.
09:53:47 INFO  : ----------------XSDB Script----------------
connect -url tcp:127.0.0.1:3121
source C:/SHE_0_60_9/SHE_0_60_9.sdk/design_1_wrapper_hw_platform_0/ps7_init.tcl
targets -set -filter {name =~"APU" && jtag_cable_name =~ "Digilent Zybo 210279759344A"} -index 0
loadhw C:/SHE_0_60_9/SHE_0_60_9.sdk/design_1_wrapper_hw_platform_0/system.hdf
targets -set -filter {name =~"APU" && jtag_cable_name =~ "Digilent Zybo 210279759344A"} -index 0
stop
ps7_init
ps7_post_config
targets -set -nocase -filter {name =~ "ARM*#0" && jtag_cable_name =~ "Digilent Zybo 210279759344A"} -index 0
rst -processor
targets -set -nocase -filter {name =~ "ARM*#0" && jtag_cable_name =~ "Digilent Zybo 210279759344A"} -index 0
dow C:/SHE_0_60_9/SHE_0_60_9.sdk/she_0_60_9_2/Debug/she_0_60_9_2.elf
----------------End of Script----------------

09:53:47 INFO  : Memory regions updated for context APU
09:53:47 INFO  : Context for processor 'ps7_cortexa9_0' is selected.
09:53:47 INFO  : 'con' command is executed.
09:53:47 INFO  : ----------------XSDB Script (After Launch)----------------
targets -set -nocase -filter {name =~ "ARM*#0" && jtag_cable_name =~ "Digilent Zybo 210279759344A"} -index 0
con
----------------End of Script----------------

09:53:47 INFO  : Launch script is exported to file 'C:\SHE_0_60_9\SHE_0_60_9.sdk\.sdk\launch_scripts\xilinx_c-c++_application_(system_debugger)\system_debugger_on_local_she_0_60_9_2.elf.tcl'
09:54:45 INFO  : Disconnected from the channel tcfchan#3.
09:54:45 INFO  : 'targets -set -filter {jtag_cable_name =~ "Digilent Zybo 210279759344A" && level==0} -index 1' command is executed.
09:54:45 INFO  : 'fpga -state' command is executed.
09:54:45 INFO  : Connected to target on host '127.0.0.1' and port '3121'.
09:54:45 INFO  : Jtag cable 'Digilent Zybo 210279759344A' is selected.
09:54:45 INFO  : 'jtag frequency' command is executed.
09:54:45 INFO  : Sourcing of 'C:/SHE_0_60_9/SHE_0_60_9.sdk/design_1_wrapper_hw_platform_0/ps7_init.tcl' is done.
09:54:45 INFO  : 'targets -set -filter {name =~"APU" && jtag_cable_name =~ "Digilent Zybo 210279759344A"} -index 0' command is executed.
09:54:49 INFO  : Hardware design information is loaded from 'C:/SHE_0_60_9/SHE_0_60_9.sdk/design_1_wrapper_hw_platform_0/system.hdf'.
09:54:49 INFO  : 'targets -set -filter {name =~"APU" && jtag_cable_name =~ "Digilent Zybo 210279759344A"} -index 0' command is executed.
09:54:49 INFO  : 'stop' command is executed.
09:54:50 INFO  : 'ps7_init' command is executed.
09:54:50 INFO  : 'ps7_post_config' command is executed.
09:54:50 INFO  : Context for processor 'ps7_cortexa9_0' is selected.
09:54:50 INFO  : Processor reset is completed for 'ps7_cortexa9_0'.
09:54:50 INFO  : Context for processor 'ps7_cortexa9_0' is selected.
09:54:50 INFO  : The application 'C:/SHE_0_60_9/SHE_0_60_9.sdk/she_0_60_9_2/Debug/she_0_60_9_2.elf' is downloaded to processor 'ps7_cortexa9_0'.
09:54:50 INFO  : ----------------XSDB Script----------------
connect -url tcp:127.0.0.1:3121
source C:/SHE_0_60_9/SHE_0_60_9.sdk/design_1_wrapper_hw_platform_0/ps7_init.tcl
targets -set -filter {name =~"APU" && jtag_cable_name =~ "Digilent Zybo 210279759344A"} -index 0
loadhw C:/SHE_0_60_9/SHE_0_60_9.sdk/design_1_wrapper_hw_platform_0/system.hdf
targets -set -filter {name =~"APU" && jtag_cable_name =~ "Digilent Zybo 210279759344A"} -index 0
stop
ps7_init
ps7_post_config
targets -set -nocase -filter {name =~ "ARM*#0" && jtag_cable_name =~ "Digilent Zybo 210279759344A"} -index 0
rst -processor
targets -set -nocase -filter {name =~ "ARM*#0" && jtag_cable_name =~ "Digilent Zybo 210279759344A"} -index 0
dow C:/SHE_0_60_9/SHE_0_60_9.sdk/she_0_60_9_2/Debug/she_0_60_9_2.elf
----------------End of Script----------------

09:54:50 INFO  : Memory regions updated for context APU
09:54:50 INFO  : Context for processor 'ps7_cortexa9_0' is selected.
09:54:50 INFO  : 'con' command is executed.
09:54:50 INFO  : ----------------XSDB Script (After Launch)----------------
targets -set -nocase -filter {name =~ "ARM*#0" && jtag_cable_name =~ "Digilent Zybo 210279759344A"} -index 0
con
----------------End of Script----------------

09:54:50 INFO  : Launch script is exported to file 'C:\SHE_0_60_9\SHE_0_60_9.sdk\.sdk\launch_scripts\xilinx_c-c++_application_(system_debugger)\system_debugger_on_local_she_0_60_9_2.elf.tcl'
10:09:15 INFO  : Disconnected from the channel tcfchan#4.
10:09:15 INFO  : 'targets -set -filter {jtag_cable_name =~ "Digilent Zybo 210279759344A" && level==0} -index 1' command is executed.
10:09:15 INFO  : 'fpga -state' command is executed.
10:09:15 INFO  : Connected to target on host '127.0.0.1' and port '3121'.
10:09:15 INFO  : Jtag cable 'Digilent Zybo 210279759344A' is selected.
10:09:15 INFO  : 'jtag frequency' command is executed.
10:09:15 INFO  : Sourcing of 'C:/SHE_0_60_9/SHE_0_60_9.sdk/design_1_wrapper_hw_platform_0/ps7_init.tcl' is done.
10:09:15 INFO  : 'targets -set -filter {name =~"APU" && jtag_cable_name =~ "Digilent Zybo 210279759344A"} -index 0' command is executed.
10:09:18 INFO  : Hardware design information is loaded from 'C:/SHE_0_60_9/SHE_0_60_9.sdk/design_1_wrapper_hw_platform_0/system.hdf'.
10:09:18 INFO  : 'targets -set -filter {name =~"APU" && jtag_cable_name =~ "Digilent Zybo 210279759344A"} -index 0' command is executed.
10:09:18 INFO  : 'stop' command is executed.
10:09:19 INFO  : 'ps7_init' command is executed.
10:09:19 INFO  : 'ps7_post_config' command is executed.
10:09:19 INFO  : Context for processor 'ps7_cortexa9_0' is selected.
10:09:19 INFO  : Processor reset is completed for 'ps7_cortexa9_0'.
10:09:19 INFO  : Context for processor 'ps7_cortexa9_0' is selected.
10:09:20 INFO  : The application 'C:/SHE_0_60_9/SHE_0_60_9.sdk/she_0_60_9_2/Debug/she_0_60_9_2.elf' is downloaded to processor 'ps7_cortexa9_0'.
10:09:20 INFO  : ----------------XSDB Script----------------
connect -url tcp:127.0.0.1:3121
source C:/SHE_0_60_9/SHE_0_60_9.sdk/design_1_wrapper_hw_platform_0/ps7_init.tcl
targets -set -filter {name =~"APU" && jtag_cable_name =~ "Digilent Zybo 210279759344A"} -index 0
loadhw C:/SHE_0_60_9/SHE_0_60_9.sdk/design_1_wrapper_hw_platform_0/system.hdf
targets -set -filter {name =~"APU" && jtag_cable_name =~ "Digilent Zybo 210279759344A"} -index 0
stop
ps7_init
ps7_post_config
targets -set -nocase -filter {name =~ "ARM*#0" && jtag_cable_name =~ "Digilent Zybo 210279759344A"} -index 0
rst -processor
targets -set -nocase -filter {name =~ "ARM*#0" && jtag_cable_name =~ "Digilent Zybo 210279759344A"} -index 0
dow C:/SHE_0_60_9/SHE_0_60_9.sdk/she_0_60_9_2/Debug/she_0_60_9_2.elf
----------------End of Script----------------

10:09:20 INFO  : Memory regions updated for context APU
10:09:20 INFO  : Context for processor 'ps7_cortexa9_0' is selected.
10:09:20 INFO  : 'con' command is executed.
10:09:20 INFO  : ----------------XSDB Script (After Launch)----------------
targets -set -nocase -filter {name =~ "ARM*#0" && jtag_cable_name =~ "Digilent Zybo 210279759344A"} -index 0
con
----------------End of Script----------------

10:09:20 INFO  : Launch script is exported to file 'C:\SHE_0_60_9\SHE_0_60_9.sdk\.sdk\launch_scripts\xilinx_c-c++_application_(system_debugger)\system_debugger_on_local_she_0_60_9_2.elf.tcl'
10:22:44 INFO  : Disconnected from the channel tcfchan#5.
10:22:44 INFO  : 'targets -set -filter {jtag_cable_name =~ "Digilent Zybo 210279759344A" && level==0} -index 1' command is executed.
10:22:44 INFO  : 'fpga -state' command is executed.
10:22:44 INFO  : Connected to target on host '127.0.0.1' and port '3121'.
10:22:45 INFO  : Jtag cable 'Digilent Zybo 210279759344A' is selected.
10:22:45 INFO  : 'jtag frequency' command is executed.
10:22:45 INFO  : Sourcing of 'C:/SHE_0_60_9/SHE_0_60_9.sdk/design_1_wrapper_hw_platform_0/ps7_init.tcl' is done.
10:22:45 INFO  : 'targets -set -filter {name =~"APU" && jtag_cable_name =~ "Digilent Zybo 210279759344A"} -index 0' command is executed.
10:22:48 INFO  : Hardware design information is loaded from 'C:/SHE_0_60_9/SHE_0_60_9.sdk/design_1_wrapper_hw_platform_0/system.hdf'.
10:22:48 INFO  : 'targets -set -filter {name =~"APU" && jtag_cable_name =~ "Digilent Zybo 210279759344A"} -index 0' command is executed.
10:22:48 INFO  : 'stop' command is executed.
10:22:49 INFO  : 'ps7_init' command is executed.
10:22:49 INFO  : 'ps7_post_config' command is executed.
10:22:49 INFO  : Context for processor 'ps7_cortexa9_0' is selected.
10:22:49 INFO  : Processor reset is completed for 'ps7_cortexa9_0'.
10:22:49 INFO  : Context for processor 'ps7_cortexa9_0' is selected.
10:22:50 INFO  : The application 'C:/SHE_0_60_9/SHE_0_60_9.sdk/she_0_60_9_2/Debug/she_0_60_9_2.elf' is downloaded to processor 'ps7_cortexa9_0'.
10:22:50 INFO  : ----------------XSDB Script----------------
connect -url tcp:127.0.0.1:3121
source C:/SHE_0_60_9/SHE_0_60_9.sdk/design_1_wrapper_hw_platform_0/ps7_init.tcl
targets -set -filter {name =~"APU" && jtag_cable_name =~ "Digilent Zybo 210279759344A"} -index 0
loadhw C:/SHE_0_60_9/SHE_0_60_9.sdk/design_1_wrapper_hw_platform_0/system.hdf
targets -set -filter {name =~"APU" && jtag_cable_name =~ "Digilent Zybo 210279759344A"} -index 0
stop
ps7_init
ps7_post_config
targets -set -nocase -filter {name =~ "ARM*#0" && jtag_cable_name =~ "Digilent Zybo 210279759344A"} -index 0
rst -processor
targets -set -nocase -filter {name =~ "ARM*#0" && jtag_cable_name =~ "Digilent Zybo 210279759344A"} -index 0
dow C:/SHE_0_60_9/SHE_0_60_9.sdk/she_0_60_9_2/Debug/she_0_60_9_2.elf
----------------End of Script----------------

10:22:50 INFO  : Memory regions updated for context APU
10:22:50 INFO  : Context for processor 'ps7_cortexa9_0' is selected.
10:22:50 INFO  : 'con' command is executed.
10:22:50 INFO  : ----------------XSDB Script (After Launch)----------------
targets -set -nocase -filter {name =~ "ARM*#0" && jtag_cable_name =~ "Digilent Zybo 210279759344A"} -index 0
con
----------------End of Script----------------

10:22:50 INFO  : Launch script is exported to file 'C:\SHE_0_60_9\SHE_0_60_9.sdk\.sdk\launch_scripts\xilinx_c-c++_application_(system_debugger)\system_debugger_on_local_she_0_60_9_2.elf.tcl'
10:23:51 INFO  : Connected to target on host '127.0.0.1' and port '3121'.
10:23:51 INFO  : 'targets -set -filter {jtag_cable_name =~ "Digilent Zybo 210279759344A" && level==0} -index 1' command is executed.
10:23:52 INFO  : FPGA configured successfully with bitstream "C:/SHE_0_60_9/SHE_0_60_9.sdk/design_1_wrapper_hw_platform_0/design_1_wrapper.bit"
10:24:01 INFO  : Disconnected from the channel tcfchan#6.
10:24:01 INFO  : 'targets -set -filter {jtag_cable_name =~ "Digilent Zybo 210279759344A" && level==0} -index 1' command is executed.
10:24:01 INFO  : 'fpga -state' command is executed.
10:24:01 INFO  : Connected to target on host '127.0.0.1' and port '3121'.
10:24:01 INFO  : Jtag cable 'Digilent Zybo 210279759344A' is selected.
10:24:01 INFO  : 'jtag frequency' command is executed.
10:24:01 INFO  : Sourcing of 'C:/SHE_0_60_9/SHE_0_60_9.sdk/design_1_wrapper_hw_platform_0/ps7_init.tcl' is done.
10:24:01 INFO  : 'targets -set -filter {name =~"APU" && jtag_cable_name =~ "Digilent Zybo 210279759344A"} -index 0' command is executed.
10:24:04 INFO  : Hardware design information is loaded from 'C:/SHE_0_60_9/SHE_0_60_9.sdk/design_1_wrapper_hw_platform_0/system.hdf'.
10:24:04 INFO  : 'targets -set -filter {name =~"APU" && jtag_cable_name =~ "Digilent Zybo 210279759344A"} -index 0' command is executed.
10:24:05 INFO  : 'stop' command is executed.
10:24:06 INFO  : 'ps7_init' command is executed.
10:24:06 INFO  : 'ps7_post_config' command is executed.
10:24:06 INFO  : Context for processor 'ps7_cortexa9_0' is selected.
10:24:06 INFO  : Processor reset is completed for 'ps7_cortexa9_0'.
10:24:06 INFO  : Context for processor 'ps7_cortexa9_0' is selected.
10:24:07 INFO  : The application 'C:/SHE_0_60_9/SHE_0_60_9.sdk/she_0_60_9_2/Debug/she_0_60_9_2.elf' is downloaded to processor 'ps7_cortexa9_0'.
10:24:07 INFO  : ----------------XSDB Script----------------
connect -url tcp:127.0.0.1:3121
source C:/SHE_0_60_9/SHE_0_60_9.sdk/design_1_wrapper_hw_platform_0/ps7_init.tcl
targets -set -filter {name =~"APU" && jtag_cable_name =~ "Digilent Zybo 210279759344A"} -index 0
loadhw C:/SHE_0_60_9/SHE_0_60_9.sdk/design_1_wrapper_hw_platform_0/system.hdf
targets -set -filter {name =~"APU" && jtag_cable_name =~ "Digilent Zybo 210279759344A"} -index 0
stop
ps7_init
ps7_post_config
targets -set -nocase -filter {name =~ "ARM*#0" && jtag_cable_name =~ "Digilent Zybo 210279759344A"} -index 0
rst -processor
targets -set -nocase -filter {name =~ "ARM*#0" && jtag_cable_name =~ "Digilent Zybo 210279759344A"} -index 0
dow C:/SHE_0_60_9/SHE_0_60_9.sdk/she_0_60_9_2/Debug/she_0_60_9_2.elf
----------------End of Script----------------

10:24:07 INFO  : Memory regions updated for context APU
10:24:07 INFO  : Context for processor 'ps7_cortexa9_0' is selected.
10:24:07 INFO  : 'con' command is executed.
10:24:07 INFO  : ----------------XSDB Script (After Launch)----------------
targets -set -nocase -filter {name =~ "ARM*#0" && jtag_cable_name =~ "Digilent Zybo 210279759344A"} -index 0
con
----------------End of Script----------------

10:24:07 INFO  : Launch script is exported to file 'C:\SHE_0_60_9\SHE_0_60_9.sdk\.sdk\launch_scripts\xilinx_c-c++_application_(system_debugger)\system_debugger_on_local_she_0_60_9_2.elf.tcl'
12:18:18 INFO  : Disconnected from the channel tcfchan#7.
08:44:49 INFO  : Registering command handlers for SDK TCF services
08:44:50 INFO  : Launching XSCT server: xsct.bat -interactive C:\SHE_0_60_9\SHE_0_60_9.sdk\temp_xsdb_launch_script.tcl
08:44:53 INFO  : XSCT server has started successfully.
08:44:53 INFO  : Successfully done setting XSCT server connection channel  
08:44:58 INFO  : Successfully done setting SDK workspace  
08:44:58 INFO  : Processing command line option -hwspec C:/SHE_0_60_9/SHE_0_60_9.sdk/design_1_wrapper.hdf.
08:44:59 INFO  : Checking for hwspec changes in the project design_1_wrapper_hw_platform_0.
08:45:31 INFO  : Connected to target on host '127.0.0.1' and port '3121'.
08:46:05 INFO  : Connected to target on host '127.0.0.1' and port '3121'.
08:46:05 INFO  : 'targets -set -filter {jtag_cable_name =~ "Digilent Zybo 210279759344A" && level==0} -index 1' command is executed.
08:46:07 INFO  : FPGA configured successfully with bitstream "C:/SHE_0_60_9/SHE_0_60_9.sdk/design_1_wrapper_hw_platform_0/design_1_wrapper.bit"
08:46:41 INFO  : 'targets -set -filter {jtag_cable_name =~ "Digilent Zybo 210279759344A" && level==0} -index 1' command is executed.
08:46:41 INFO  : 'fpga -state' command is executed.
08:46:41 INFO  : Connected to target on host '127.0.0.1' and port '3121'.
08:46:42 INFO  : Jtag cable 'Digilent Zybo 210279759344A' is selected.
08:46:42 INFO  : 'jtag frequency' command is executed.
08:46:42 INFO  : Sourcing of 'C:/SHE_0_60_9/SHE_0_60_9.sdk/design_1_wrapper_hw_platform_0/ps7_init.tcl' is done.
08:46:42 INFO  : Context for 'APU' is selected.
08:46:43 INFO  : Hardware design information is loaded from 'C:/SHE_0_60_9/SHE_0_60_9.sdk/design_1_wrapper_hw_platform_0/system.hdf'.
08:46:43 INFO  : 'configparams force-mem-access 1' command is executed.
08:46:43 INFO  : Context for 'APU' is selected.
08:46:43 INFO  : 'stop' command is executed.
08:46:44 INFO  : 'ps7_init' command is executed.
08:46:44 INFO  : 'ps7_post_config' command is executed.
08:46:44 INFO  : Context for processor 'ps7_cortexa9_0' is selected.
08:46:44 INFO  : Processor reset is completed for 'ps7_cortexa9_0'.
08:46:44 INFO  : Context for processor 'ps7_cortexa9_0' is selected.
08:46:45 INFO  : The application 'C:/SHE_0_60_9/SHE_0_60_9.sdk/she_0_60_9_2/Debug/she_0_60_9_2.elf' is downloaded to processor 'ps7_cortexa9_0'.
08:46:45 INFO  : 'configparams force-mem-access 0' command is executed.
08:46:45 INFO  : ----------------XSDB Script----------------
connect -url tcp:127.0.0.1:3121
source C:/SHE_0_60_9/SHE_0_60_9.sdk/design_1_wrapper_hw_platform_0/ps7_init.tcl
targets -set -nocase -filter {name =~"APU*" && jtag_cable_name =~ "Digilent Zybo 210279759344A"} -index 0
loadhw -hw C:/SHE_0_60_9/SHE_0_60_9.sdk/design_1_wrapper_hw_platform_0/system.hdf -mem-ranges [list {0x40000000 0xbfffffff}]
configparams force-mem-access 1
targets -set -nocase -filter {name =~"APU*" && jtag_cable_name =~ "Digilent Zybo 210279759344A"} -index 0
stop
ps7_init
ps7_post_config
targets -set -nocase -filter {name =~ "ARM*#0" && jtag_cable_name =~ "Digilent Zybo 210279759344A"} -index 0
rst -processor
targets -set -nocase -filter {name =~ "ARM*#0" && jtag_cable_name =~ "Digilent Zybo 210279759344A"} -index 0
dow C:/SHE_0_60_9/SHE_0_60_9.sdk/she_0_60_9_2/Debug/she_0_60_9_2.elf
configparams force-mem-access 0
----------------End of Script----------------

08:46:45 INFO  : Memory regions updated for context APU
08:46:45 INFO  : Context for processor 'ps7_cortexa9_0' is selected.
08:46:45 INFO  : 'con' command is executed.
08:46:45 INFO  : ----------------XSDB Script (After Launch)----------------
targets -set -nocase -filter {name =~ "ARM*#0" && jtag_cable_name =~ "Digilent Zybo 210279759344A"} -index 0
con
----------------End of Script----------------

08:46:45 INFO  : Launch script is exported to file 'C:\SHE_0_60_9\SHE_0_60_9.sdk\.sdk\launch_scripts\xilinx_c-c++_application_(system_debugger)\system_debugger_on_local_she_0_60_9_2.elf.tcl'
08:58:00 INFO  : Disconnected from the channel tcfchan#1.
08:58:01 INFO  : 'targets -set -filter {jtag_cable_name =~ "Digilent Zybo 210279759344A" && level==0} -index 1' command is executed.
08:58:01 INFO  : 'fpga -state' command is executed.
08:58:01 INFO  : Connected to target on host '127.0.0.1' and port '3121'.
08:58:02 INFO  : Jtag cable 'Digilent Zybo 210279759344A' is selected.
08:58:02 INFO  : 'jtag frequency' command is executed.
08:58:02 INFO  : Sourcing of 'C:/SHE_0_60_9/SHE_0_60_9.sdk/design_1_wrapper_hw_platform_0/ps7_init.tcl' is done.
08:58:02 INFO  : Context for 'APU' is selected.
08:58:04 INFO  : Hardware design information is loaded from 'C:/SHE_0_60_9/SHE_0_60_9.sdk/design_1_wrapper_hw_platform_0/system.hdf'.
08:58:04 INFO  : 'configparams force-mem-access 1' command is executed.
08:58:04 INFO  : Context for 'APU' is selected.
08:58:04 INFO  : 'stop' command is executed.
08:58:05 INFO  : 'ps7_init' command is executed.
08:58:05 INFO  : 'ps7_post_config' command is executed.
08:58:05 INFO  : Context for processor 'ps7_cortexa9_0' is selected.
08:58:06 INFO  : Processor reset is completed for 'ps7_cortexa9_0'.
08:58:06 INFO  : Context for processor 'ps7_cortexa9_0' is selected.
08:58:07 INFO  : The application 'C:/SHE_0_60_9/SHE_0_60_9.sdk/she_0_60_9_2/Debug/she_0_60_9_2.elf' is downloaded to processor 'ps7_cortexa9_0'.
08:58:07 INFO  : 'configparams force-mem-access 0' command is executed.
08:58:07 INFO  : ----------------XSDB Script----------------
connect -url tcp:127.0.0.1:3121
source C:/SHE_0_60_9/SHE_0_60_9.sdk/design_1_wrapper_hw_platform_0/ps7_init.tcl
targets -set -nocase -filter {name =~"APU*" && jtag_cable_name =~ "Digilent Zybo 210279759344A"} -index 0
loadhw -hw C:/SHE_0_60_9/SHE_0_60_9.sdk/design_1_wrapper_hw_platform_0/system.hdf -mem-ranges [list {0x40000000 0xbfffffff}]
configparams force-mem-access 1
targets -set -nocase -filter {name =~"APU*" && jtag_cable_name =~ "Digilent Zybo 210279759344A"} -index 0
stop
ps7_init
ps7_post_config
targets -set -nocase -filter {name =~ "ARM*#0" && jtag_cable_name =~ "Digilent Zybo 210279759344A"} -index 0
rst -processor
targets -set -nocase -filter {name =~ "ARM*#0" && jtag_cable_name =~ "Digilent Zybo 210279759344A"} -index 0
dow C:/SHE_0_60_9/SHE_0_60_9.sdk/she_0_60_9_2/Debug/she_0_60_9_2.elf
configparams force-mem-access 0
----------------End of Script----------------

08:58:07 INFO  : Memory regions updated for context APU
08:58:07 INFO  : Context for processor 'ps7_cortexa9_0' is selected.
08:58:08 INFO  : 'con' command is executed.
08:58:08 INFO  : ----------------XSDB Script (After Launch)----------------
targets -set -nocase -filter {name =~ "ARM*#0" && jtag_cable_name =~ "Digilent Zybo 210279759344A"} -index 0
con
----------------End of Script----------------

08:58:08 INFO  : Launch script is exported to file 'C:\SHE_0_60_9\SHE_0_60_9.sdk\.sdk\launch_scripts\xilinx_c-c++_application_(system_debugger)\system_debugger_on_local_she_0_60_9_2.elf.tcl'
09:00:03 INFO  : Disconnected from the channel tcfchan#2.
