Copyright 1986-2016 Xilinx, Inc. All Rights Reserved.
------------------------------------------------------------------------------------
| Tool Version : Vivado v.2016.2 (win64) Build 1577090 Thu Jun  2 16:32:40 MDT 2016
| Date         : Wed Dec 14 05:52:04 2016
| Host         : DIEGOOCHOAM7ADD running 64-bit Service Pack 1  (build 7601)
| Command      : upgrade_ip
| Device       : xc7z010clg400-1
------------------------------------------------------------------------------------

Upgrade Log for IP 'Pspwm_Alto_nivel_0_0'

1. Summary
----------

SUCCESS in the upgrade of Pspwm_Alto_nivel_0_0 (xilinx.com:user:Alto_nivel:1.0) from (Rev. 16) to (Rev. 17)






Copyright 1986-2016 Xilinx, Inc. All Rights Reserved.
------------------------------------------------------------------------------------
| Tool Version : Vivado v.2016.2 (win64) Build 1577090 Thu Jun  2 16:32:40 MDT 2016
| Date         : Wed Dec 14 04:49:54 2016
| Host         : DIEGOOCHOAM7ADD running 64-bit Service Pack 1  (build 7601)
| Command      : upgrade_ip
| Device       : xc7z010clg400-1
------------------------------------------------------------------------------------

Upgrade Log for IP 'Pspwm_Alto_nivel_0_0'

1. Summary
----------

SUCCESS in the upgrade of Pspwm_Alto_nivel_0_0 (xilinx.com:user:Alto_nivel:1.0) from (Rev. 15) to (Rev. 16)






Copyright 1986-2016 Xilinx, Inc. All Rights Reserved.
------------------------------------------------------------------------------------
| Tool Version : Vivado v.2016.2 (win64) Build 1577090 Thu Jun  2 16:32:40 MDT 2016
| Date         : Wed Dec 14 04:42:31 2016
| Host         : DIEGOOCHOAM7ADD running 64-bit Service Pack 1  (build 7601)
| Command      : upgrade_ip
| Device       : xc7z010clg400-1
------------------------------------------------------------------------------------

Upgrade Log for IP 'Pspwm_Alto_nivel_0_0'

1. Summary
----------

SUCCESS in the upgrade of Pspwm_Alto_nivel_0_0 (xilinx.com:user:Alto_nivel:1.0) from (Rev. 14) to (Rev. 15)






Copyright 1986-2016 Xilinx, Inc. All Rights Reserved.
------------------------------------------------------------------------------------
| Tool Version : Vivado v.2016.2 (win64) Build 1577090 Thu Jun  2 16:32:40 MDT 2016
| Date         : Wed Dec 14 04:31:24 2016
| Host         : DIEGOOCHOAM7ADD running 64-bit Service Pack 1  (build 7601)
| Command      : upgrade_ip
| Device       : xc7z010clg400-1
------------------------------------------------------------------------------------

Upgrade Log for IP 'Pspwm_Alto_nivel_0_0'

1. Summary
----------

CAUTION (success, with warnings) in the upgrade of Pspwm_Alto_nivel_0_0 (xilinx.com:user:Alto_nivel:1.0) from (Rev. 13) to (Rev. 14)

After upgrade, an IP may have parameter and port differences compared to the original customization. Please review the parameters within the IP customization GUI to ensure proper functionality. Also, please review the updated IP instantiation template to ensure proper connectivity, and update your design if required.

2. Connection Warnings
----------------------

Detected external port differences while upgrading 'Pspwm_Alto_nivel_0_0'. These changes may impact your design.


-Upgrade has added port 'reset'







Copyright 1986-2016 Xilinx, Inc. All Rights Reserved.
------------------------------------------------------------------------------------
| Tool Version : Vivado v.2016.2 (win64) Build 1577090 Thu Jun  2 16:32:40 MDT 2016
| Date         : Tue Dec 13 07:54:31 2016
| Host         : DIEGOOCHOAM7ADD running 64-bit Service Pack 1  (build 7601)
| Command      : upgrade_ip
| Device       : xc7z010clg400-1
------------------------------------------------------------------------------------

Upgrade Log for IP 'Pspwm_Alto_nivel_0_0'

1. Summary
----------

SUCCESS in the upgrade of Pspwm_Alto_nivel_0_0 (xilinx.com:user:Alto_nivel:1.0) from (Rev. 10) to (Rev. 11)






Copyright 1986-2016 Xilinx, Inc. All Rights Reserved.
------------------------------------------------------------------------------------
| Tool Version : Vivado v.2016.2 (win64) Build 1577090 Thu Jun  2 16:32:40 MDT 2016
| Date         : Tue Dec 13 07:34:25 2016
| Host         : DIEGOOCHOAM7ADD running 64-bit Service Pack 1  (build 7601)
| Command      : upgrade_ip
| Device       : xc7z010clg400-1
------------------------------------------------------------------------------------

Upgrade Log for IP 'Pspwm_Alto_nivel_0_0'

1. Summary
----------

SUCCESS in the upgrade of Pspwm_Alto_nivel_0_0 (xilinx.com:user:Alto_nivel:1.0) from (Rev. 9) to (Rev. 10)






Copyright 1986-2016 Xilinx, Inc. All Rights Reserved.
------------------------------------------------------------------------------------
| Tool Version : Vivado v.2016.2 (win64) Build 1577090 Thu Jun  2 16:32:40 MDT 2016
| Date         : Tue Dec 13 07:21:54 2016
| Host         : DIEGOOCHOAM7ADD running 64-bit Service Pack 1  (build 7601)
| Command      : upgrade_ip
| Device       : xc7z010clg400-1
------------------------------------------------------------------------------------

Upgrade Log for IP 'Pspwm_Alto_nivel_0_0'

1. Summary
----------

SUCCESS in the upgrade of Pspwm_Alto_nivel_0_0 (xilinx.com:user:Alto_nivel:1.0) from (Rev. 8) to (Rev. 9)






Copyright 1986-2016 Xilinx, Inc. All Rights Reserved.
------------------------------------------------------------------------------------
| Tool Version : Vivado v.2016.2 (win64) Build 1577090 Thu Jun  2 16:32:40 MDT 2016
| Date         : Tue Dec 13 07:16:46 2016
| Host         : DIEGOOCHOAM7ADD running 64-bit Service Pack 1  (build 7601)
| Command      : upgrade_ip
| Device       : xc7z010clg400-1
------------------------------------------------------------------------------------

Upgrade Log for IP 'Pspwm_Alto_nivel_0_0'

1. Summary
----------

SUCCESS in the upgrade of Pspwm_Alto_nivel_0_0 (xilinx.com:user:Alto_nivel:1.0) from (Rev. 7) to (Rev. 8)






Copyright 1986-2016 Xilinx, Inc. All Rights Reserved.
------------------------------------------------------------------------------------
| Tool Version : Vivado v.2016.2 (win64) Build 1577090 Thu Jun  2 16:32:40 MDT 2016
| Date         : Tue Dec 13 07:00:52 2016
| Host         : DIEGOOCHOAM7ADD running 64-bit Service Pack 1  (build 7601)
| Command      : upgrade_ip
| Device       : xc7z010clg400-1
------------------------------------------------------------------------------------

Upgrade Log for IP 'Pspwm_Alto_nivel_0_0'

1. Summary
----------

SUCCESS in the update of Pspwm_Alto_nivel_0_0 (xilinx.com:user:Alto_nivel:1.0 (Rev. 7)) to current project options.

