#-----------------------------------------------------------
# Vivado v2016.2 (64-bit)
# SW Build 1577090 on Thu Jun  2 16:32:40 MDT 2016
# IP Build 1577682 on Fri Jun  3 12:00:54 MDT 2016
# Start of session at: Thu Nov 16 14:21:35 2017
# Process ID: 3500
# Current directory: C:/pruebas/Sepsa_full_bridge_comunicacion
# Command line: vivado.exe -gui_launcher_event rodinguilauncherevent2840 C:\pruebas\Sepsa_full_bridge_comunicacion\IP_pspwm.xpr
# Log file: C:/pruebas/Sepsa_full_bridge_comunicacion/vivado.log
# Journal file: C:/pruebas/Sepsa_full_bridge_comunicacion\vivado.jou
#-----------------------------------------------------------
start_gui
open_project C:/pruebas/Sepsa_full_bridge_comunicacion/IP_pspwm.xpr
Scanning sources...
Finished scanning sources
INFO: [IP_Flow 19-234] Refreshing IP repositories
INFO: [IP_Flow 19-1700] Loaded user IP repository 'c:/pruebas/Sepsa_full_bridge_comunicacion'.
INFO: [IP_Flow 19-1700] Loaded user IP repository 'c:/pruebas/repo'.
INFO: [IP_Flow 19-2313] Loaded Vivado IP repository 'C:/Xilinx/Vivado/2016.2/data/ip'.
open_project: Time (s): cpu = 00:00:14 ; elapsed = 00:00:10 . Memory (MB): peak = 707.656 ; gain = 131.277
update_compile_order -fileset sources_1
launch_sdk -workspace C:/pruebas/Sepsa_full_bridge_comunicacion/IP_pspwm.sdk -hwspec C:/pruebas/Sepsa_full_bridge_comunicacion/IP_pspwm.sdk/Pspwm_wrapper.hdf
INFO: [Vivado 12-393] Launching SDK...
INFO: [Vivado 12-417] Running xsdk -workspace C:/pruebas/Sepsa_full_bridge_comunicacion/IP_pspwm.sdk -hwspec C:/pruebas/Sepsa_full_bridge_comunicacion/IP_pspwm.sdk/Pspwm_wrapper.hdf
INFO: [Vivado 12-3157] SDK launch initiated. Please check console for any further messages.
open_bd_design {C:/pruebas/Sepsa_full_bridge_comunicacion/IP_pspwm.srcs/sources_1/bd/Pspwm/Pspwm.bd}
Adding cell -- xilinx.com:ip:processing_system7:5.5 - processing_system7_0
Adding cell -- xilinx.com:ip:proc_sys_reset:5.0 - rst_processing_system7_0_100M
Adding cell -- xilinx.com:user:myip_pspwm:1.0 - myip_pspwm_0
Adding cell -- xilinx.com:user:Alto_nivel:1.0 - Alto_nivel_0
Adding cell -- xilinx.com:ip:axi_crossbar:2.1 - xbar
Adding cell -- xilinx.com:ip:axi_protocol_converter:2.1 - auto_pc
Successfully read diagram <Pspwm> from BD file <C:/pruebas/Sepsa_full_bridge_comunicacion/IP_pspwm.srcs/sources_1/bd/Pspwm/Pspwm.bd>
open_bd_design: Time (s): cpu = 00:00:07 ; elapsed = 00:00:06 . Memory (MB): peak = 775.059 ; gain = 48.961
launch_sdk -workspace C:/pruebas/Sepsa_full_bridge_comunicacion/IP_pspwm.sdk -hwspec C:/pruebas/Sepsa_full_bridge_comunicacion/IP_pspwm.sdk/Pspwm_wrapper.hdf
INFO: [Vivado 12-393] Launching SDK...
INFO: [Vivado 12-417] Running xsdk -workspace C:/pruebas/Sepsa_full_bridge_comunicacion/IP_pspwm.sdk -hwspec C:/pruebas/Sepsa_full_bridge_comunicacion/IP_pspwm.sdk/Pspwm_wrapper.hdf
INFO: [Vivado 12-3157] SDK launch initiated. Please check console for any further messages.
exit
INFO: [Common 17-206] Exiting Vivado at Thu Nov 16 17:39:55 2017...
