Copyright 1986-2016 Xilinx, Inc. All Rights Reserved.
------------------------------------------------------------------------------------------
| Tool Version : Vivado v.2016.2 (win64) Build 1577090 Thu Jun  2 16:32:40 MDT 2016
| Date         : Tue Mar 07 08:08:34 2017
| Host         : DIEGOOCHOAM7ADD running 64-bit Service Pack 1  (build 7601)
| Command      : report_control_sets -verbose -file Pspwm_wrapper_control_sets_placed.rpt
| Design       : Pspwm_wrapper
| Device       : xc7z010
------------------------------------------------------------------------------------------

Control Set Information

Table of Contents
-----------------
1. Summary
2. Flip-Flop Distribution
3. Detailed Control Set Information

1. Summary
----------

+----------------------------------------------------------+-------+
|                          Status                          | Count |
+----------------------------------------------------------+-------+
| Number of unique control sets                            |    55 |
| Unused register locations in slices containing registers |   131 |
+----------------------------------------------------------+-------+


2. Flip-Flop Distribution
-------------------------

+--------------+-----------------------+------------------------+-----------------+--------------+
| Clock Enable | Synchronous Set/Reset | Asynchronous Set/Reset | Total Registers | Total Slices |
+--------------+-----------------------+------------------------+-----------------+--------------+
| No           | No                    | No                     |             127 |           44 |
| No           | No                    | Yes                    |               0 |            0 |
| No           | Yes                   | No                     |             189 |           61 |
| Yes          | No                    | No                     |             369 |           89 |
| Yes          | No                    | Yes                    |               0 |            0 |
| Yes          | Yes                   | No                     |             232 |           77 |
+--------------+-----------------------+------------------------+-----------------+--------------+


3. Detailed Control Set Information
-----------------------------------

+----------------------------------------------+-------------------------------------------------------------------------------------------------------------------------------------------------------------+--------------------------------------------------------------------------------------------------------------------------------------------------------+------------------+----------------+
|                 Clock Signal                 |                                                                        Enable Signal                                                                        |                                                                    Set/Reset Signal                                                                    | Slice Load Count | Bel Load Count |
+----------------------------------------------+-------------------------------------------------------------------------------------------------------------------------------------------------------------+--------------------------------------------------------------------------------------------------------------------------------------------------------+------------------+----------------+
|  Pspwm_i/processing_system7_0/inst/FCLK_CLK1 |                                                                                                                                                             | Pspwm_i/Alto_nivel_0/U0/Inst_Clk_pwm/pre_reset                                                                                                         |                1 |              1 |
|  Pspwm_i/Alto_nivel_0/U0/Inst_Clk_pwm/y      |                                                                                                                                                             |                                                                                                                                                        |                1 |              2 |
|  Pspwm_i/processing_system7_0/inst/FCLK_CLK0 | Pspwm_i/processing_system7_0_axi_periph/s00_couplers/auto_pc/inst/gen_axilite.gen_b2s_conv.axilite_b2s/WR.b_channel_0/bid_fifo_0/bresp_push                 |                                                                                                                                                        |                1 |              2 |
|  Pspwm_i/processing_system7_0/inst/FCLK_CLK1 |                                                                                                                                                             |                                                                                                                                                        |                3 |              3 |
|  Pspwm_i/processing_system7_0/inst/FCLK_CLK0 | Pspwm_i/processing_system7_0_axi_periph/s00_couplers/auto_pc/inst/gen_axilite.gen_b2s_conv.axilite_b2s/WR.aw_channel_0/aw_cmd_fsm_0/axlen_cnt_reg[3][0]     | Pspwm_i/processing_system7_0_axi_periph/s00_couplers/auto_pc/inst/gen_axilite.gen_b2s_conv.axilite_b2s/WR.aw_channel_0/aw_cmd_fsm_0/axlen_cnt_reg[7]_1 |                2 |              4 |
|  Pspwm_i/processing_system7_0/inst/FCLK_CLK0 |                                                                                                                                                             | Pspwm_i/processing_system7_0_axi_periph/s00_couplers/auto_pc/inst/gen_axilite.gen_b2s_conv.axilite_b2s/SI_REG/ar_pipe/m_valid_i_reg_0                  |                3 |              4 |
|  Pspwm_i/processing_system7_0/inst/FCLK_CLK0 |                                                                                                                                                             | Pspwm_i/processing_system7_0_axi_periph/s00_couplers/auto_pc/inst/gen_axilite.gen_b2s_conv.axilite_b2s/SI_REG/aw_pipe/s_ready_i_reg_0                  |                3 |              4 |
|  Pspwm_i/processing_system7_0/inst/FCLK_CLK0 | Pspwm_i/processing_system7_0_axi_periph/s00_couplers/auto_pc/inst/gen_axilite.gen_b2s_conv.axilite_b2s/RD.ar_channel_0/ar_cmd_fsm_0/axlen_cnt_reg[3][0]     | Pspwm_i/processing_system7_0_axi_periph/s00_couplers/auto_pc/inst/gen_axilite.gen_b2s_conv.axilite_b2s/RD.ar_channel_0/ar_cmd_fsm_0/axlen_cnt_reg[7]   |                2 |              4 |
|  Pspwm_i/processing_system7_0/inst/FCLK_CLK0 | Pspwm_i/processing_system7_0_axi_periph/s00_couplers/auto_pc/inst/gen_axilite.gen_b2s_conv.axilite_b2s/WR.aw_channel_0/aw_cmd_fsm_0/E[0]                    |                                                                                                                                                        |                1 |              4 |
|  Pspwm_i/processing_system7_0/inst/FCLK_CLK0 | Pspwm_i/processing_system7_0_axi_periph/s00_couplers/auto_pc/inst/gen_axilite.gen_b2s_conv.axilite_b2s/RD.ar_channel_0/ar_cmd_fsm_0/axaddr_incr_reg[0]      |                                                                                                                                                        |                1 |              4 |
|  Pspwm_i/processing_system7_0/inst/FCLK_CLK0 | Pspwm_i/processing_system7_0_axi_periph/s00_couplers/auto_pc/inst/gen_axilite.gen_b2s_conv.axilite_b2s/RD.ar_channel_0/ar_cmd_fsm_0/E[0]                    |                                                                                                                                                        |                3 |              4 |
|  Pspwm_i/processing_system7_0/inst/FCLK_CLK0 | Pspwm_i/processing_system7_0_axi_periph/s00_couplers/auto_pc/inst/gen_axilite.gen_b2s_conv.axilite_b2s/WR.aw_channel_0/aw_cmd_fsm_0/axaddr_incr_reg[0]      |                                                                                                                                                        |                1 |              4 |
|  Pspwm_i/processing_system7_0/inst/FCLK_CLK0 |                                                                                                                                                             | Pspwm_i/rst_processing_system7_0_100M/U0/EXT_LPF/lpf_int                                                                                               |                2 |              5 |
|  Pspwm_i/processing_system7_0/inst/FCLK_CLK0 | Pspwm_i/rst_processing_system7_0_100M/U0/SEQ/seq_cnt_en                                                                                                     | Pspwm_i/rst_processing_system7_0_100M/U0/SEQ/SEQ_COUNTER/clear                                                                                         |                1 |              6 |
|  Pspwm_i/processing_system7_0/inst/FCLK_CLK0 | Pspwm_i/myip_pspwm_0/U0/myip_pspwm_v1_0_S00_AXI_inst/slv_reg1[23]_i_1_n_0                                                                                   | Pspwm_i/myip_pspwm_0/U0/myip_pspwm_v1_0_S00_AXI_inst/slv_reg0[31]_i_1_n_0                                                                              |                2 |              8 |
|  Pspwm_i/processing_system7_0/inst/FCLK_CLK0 | Pspwm_i/myip_pspwm_0/U0/myip_pspwm_v1_0_S00_AXI_inst/slv_reg1[31]_i_1_n_0                                                                                   | Pspwm_i/myip_pspwm_0/U0/myip_pspwm_v1_0_S00_AXI_inst/slv_reg0[31]_i_1_n_0                                                                              |                4 |              8 |
|  Pspwm_i/processing_system7_0/inst/FCLK_CLK0 | Pspwm_i/myip_pspwm_0/U0/myip_pspwm_v1_0_S00_AXI_inst/slv_reg2[15]_i_1_n_0                                                                                   | Pspwm_i/myip_pspwm_0/U0/myip_pspwm_v1_0_S00_AXI_inst/slv_reg0[31]_i_1_n_0                                                                              |                3 |              8 |
|  Pspwm_i/processing_system7_0/inst/FCLK_CLK0 | Pspwm_i/myip_pspwm_0/U0/myip_pspwm_v1_0_S00_AXI_inst/slv_reg2[23]_i_1_n_0                                                                                   | Pspwm_i/myip_pspwm_0/U0/myip_pspwm_v1_0_S00_AXI_inst/slv_reg0[31]_i_1_n_0                                                                              |                2 |              8 |
|  Pspwm_i/processing_system7_0/inst/FCLK_CLK0 | Pspwm_i/myip_pspwm_0/U0/myip_pspwm_v1_0_S00_AXI_inst/slv_reg2[31]_i_1_n_0                                                                                   | Pspwm_i/myip_pspwm_0/U0/myip_pspwm_v1_0_S00_AXI_inst/slv_reg0[31]_i_1_n_0                                                                              |                2 |              8 |
|  Pspwm_i/processing_system7_0/inst/FCLK_CLK0 | Pspwm_i/myip_pspwm_0/U0/myip_pspwm_v1_0_S00_AXI_inst/slv_reg2[7]_i_1_n_0                                                                                    | Pspwm_i/myip_pspwm_0/U0/myip_pspwm_v1_0_S00_AXI_inst/slv_reg0[31]_i_1_n_0                                                                              |                3 |              8 |
|  Pspwm_i/processing_system7_0/inst/FCLK_CLK0 | Pspwm_i/myip_pspwm_0/U0/myip_pspwm_v1_0_S00_AXI_inst/slv_reg3[15]_i_1_n_0                                                                                   | Pspwm_i/myip_pspwm_0/U0/myip_pspwm_v1_0_S00_AXI_inst/slv_reg0[31]_i_1_n_0                                                                              |                3 |              8 |
|  Pspwm_i/processing_system7_0/inst/FCLK_CLK0 | Pspwm_i/myip_pspwm_0/U0/myip_pspwm_v1_0_S00_AXI_inst/slv_reg3[23]_i_1_n_0                                                                                   | Pspwm_i/myip_pspwm_0/U0/myip_pspwm_v1_0_S00_AXI_inst/slv_reg0[31]_i_1_n_0                                                                              |                1 |              8 |
|  Pspwm_i/processing_system7_0/inst/FCLK_CLK0 | Pspwm_i/myip_pspwm_0/U0/myip_pspwm_v1_0_S00_AXI_inst/slv_reg3[31]_i_1_n_0                                                                                   | Pspwm_i/myip_pspwm_0/U0/myip_pspwm_v1_0_S00_AXI_inst/slv_reg0[31]_i_1_n_0                                                                              |                2 |              8 |
|  Pspwm_i/processing_system7_0/inst/FCLK_CLK0 | Pspwm_i/myip_pspwm_0/U0/myip_pspwm_v1_0_S00_AXI_inst/slv_reg3[7]_i_1_n_0                                                                                    | Pspwm_i/myip_pspwm_0/U0/myip_pspwm_v1_0_S00_AXI_inst/slv_reg0[31]_i_1_n_0                                                                              |                4 |              8 |
|  Pspwm_i/processing_system7_0/inst/FCLK_CLK0 | Pspwm_i/myip_pspwm_0/U0/myip_pspwm_v1_0_S00_AXI_inst/p_1_in[15]                                                                                             | Pspwm_i/myip_pspwm_0/U0/myip_pspwm_v1_0_S00_AXI_inst/slv_reg0[31]_i_1_n_0                                                                              |                4 |              8 |
|  Pspwm_i/processing_system7_0/inst/FCLK_CLK0 | Pspwm_i/myip_pspwm_0/U0/myip_pspwm_v1_0_S00_AXI_inst/p_1_in[23]                                                                                             | Pspwm_i/myip_pspwm_0/U0/myip_pspwm_v1_0_S00_AXI_inst/slv_reg0[31]_i_1_n_0                                                                              |                2 |              8 |
|  Pspwm_i/processing_system7_0/inst/FCLK_CLK0 | Pspwm_i/myip_pspwm_0/U0/myip_pspwm_v1_0_S00_AXI_inst/p_1_in[31]                                                                                             | Pspwm_i/myip_pspwm_0/U0/myip_pspwm_v1_0_S00_AXI_inst/slv_reg0[31]_i_1_n_0                                                                              |                3 |              8 |
|  Pspwm_i/processing_system7_0/inst/FCLK_CLK0 | Pspwm_i/myip_pspwm_0/U0/myip_pspwm_v1_0_S00_AXI_inst/p_1_in[7]                                                                                              | Pspwm_i/myip_pspwm_0/U0/myip_pspwm_v1_0_S00_AXI_inst/slv_reg0[31]_i_1_n_0                                                                              |                5 |              8 |
|  Pspwm_i/processing_system7_0/inst/FCLK_CLK0 | Pspwm_i/processing_system7_0_axi_periph/s00_couplers/auto_pc/inst/gen_axilite.gen_b2s_conv.axilite_b2s/WR.b_channel_0/mhandshake_r                          | Pspwm_i/processing_system7_0_axi_periph/s00_couplers/auto_pc/inst/gen_axilite.gen_b2s_conv.axilite_b2s/WR.b_channel_0/bid_fifo_0/SR[0]                 |                3 |              8 |
|  Pspwm_i/processing_system7_0/inst/FCLK_CLK0 | Pspwm_i/myip_pspwm_0/U0/myip_pspwm_v1_0_S00_AXI_inst/slv_reg1[7]_i_1_n_0                                                                                    | Pspwm_i/myip_pspwm_0/U0/myip_pspwm_v1_0_S00_AXI_inst/slv_reg0[31]_i_1_n_0                                                                              |                4 |              8 |
|  Pspwm_i/processing_system7_0/inst/FCLK_CLK0 | Pspwm_i/myip_pspwm_0/U0/myip_pspwm_v1_0_S00_AXI_inst/slv_reg1[15]_i_1_n_0                                                                                   | Pspwm_i/myip_pspwm_0/U0/myip_pspwm_v1_0_S00_AXI_inst/slv_reg0[31]_i_1_n_0                                                                              |                2 |              8 |
|  Pspwm_i/processing_system7_0/inst/FCLK_CLK0 |                                                                                                                                                             | Pspwm_i/myip_pspwm_0/U0/myip_pspwm_v1_0_S00_AXI_inst/slv_reg0[31]_i_1_n_0                                                                              |                4 |              9 |
|  Pspwm_i/processing_system7_0/inst/FCLK_CLK0 |                                                                                                                                                             | Pspwm_i/processing_system7_0_axi_periph/xbar/inst/gen_sasd.crossbar_sasd_0/addr_arbiter_inst/SR[0]                                                     |                4 |             10 |
|  Pspwm_i/processing_system7_0/inst/FCLK_CLK0 | Pspwm_i/processing_system7_0_axi_periph/s00_couplers/auto_pc/inst/gen_axilite.gen_b2s_conv.axilite_b2s/WR.aw_channel_0/aw_cmd_fsm_0/axlen_cnt_reg[3][0]     |                                                                                                                                                        |                5 |             12 |
|  Pspwm_i/processing_system7_0/inst/FCLK_CLK0 | Pspwm_i/processing_system7_0_axi_periph/s00_couplers/auto_pc/inst/gen_axilite.gen_b2s_conv.axilite_b2s/RD.ar_channel_0/ar_cmd_fsm_0/axlen_cnt_reg[3][0]     |                                                                                                                                                        |                4 |             12 |
|  Pspwm_i/processing_system7_0/inst/FCLK_CLK0 | Pspwm_i/processing_system7_0_axi_periph/s00_couplers/auto_pc/inst/gen_axilite.gen_b2s_conv.axilite_b2s/RD.r_channel_0/r_push_r                              |                                                                                                                                                        |                4 |             13 |
|  Pspwm_i/processing_system7_0/inst/FCLK_CLK0 | Pspwm_i/processing_system7_0_axi_periph/s00_couplers/auto_pc/inst/gen_axilite.gen_b2s_conv.axilite_b2s/SI_REG/b_pipe/p_1_in                                 |                                                                                                                                                        |                3 |             14 |
|  Pspwm_i/processing_system7_0/inst/FCLK_CLK0 | Pspwm_i/processing_system7_0_axi_periph/s00_couplers/auto_pc/inst/gen_axilite.gen_b2s_conv.axilite_b2s/SI_REG/b_pipe/skid_buffer_reg[0]_0                   |                                                                                                                                                        |                4 |             14 |
|  Pspwm_i/processing_system7_0/inst/FCLK_CLK0 | Pspwm_i/processing_system7_0_axi_periph/xbar/inst/gen_sasd.crossbar_sasd_0/addr_arbiter_inst/p_0_in1_in                                                     | Pspwm_i/processing_system7_0_axi_periph/xbar/inst/gen_sasd.crossbar_sasd_0/addr_arbiter_inst/SR[0]                                                     |                6 |             18 |
|  Pspwm_i/processing_system7_0/inst/FCLK_CLK0 | Pspwm_i/processing_system7_0_axi_periph/s00_couplers/auto_pc/inst/gen_axilite.gen_b2s_conv.axilite_b2s/WR.aw_channel_0/aw_cmd_fsm_0/axlen_cnt_reg[7]_2      |                                                                                                                                                        |                5 |             20 |
|  Pspwm_i/processing_system7_0/inst/FCLK_CLK0 | Pspwm_i/processing_system7_0_axi_periph/xbar/inst/gen_sasd.crossbar_sasd_0/reg_slice_r/aa_rready                                                            | Pspwm_i/processing_system7_0_axi_periph/xbar/inst/gen_sasd.crossbar_sasd_0/reg_slice_r/skid_buffer[34]_i_1_n_0                                         |                8 |             32 |
|  Pspwm_i/processing_system7_0/inst/FCLK_CLK0 | Pspwm_i/myip_pspwm_0/U0/myip_pspwm_v1_0_S00_AXI_inst/axi_rdata[31]_i_1_n_0                                                                                  | Pspwm_i/myip_pspwm_0/U0/myip_pspwm_v1_0_S00_AXI_inst/slv_reg0[31]_i_1_n_0                                                                              |                9 |             32 |
|  Pspwm_i/processing_system7_0/inst/FCLK_CLK1 |                                                                                                                                                             | Pspwm_i/Alto_nivel_0/U0/Inst_Pwm_deadtime/eqOp                                                                                                         |                9 |             32 |
|  Pspwm_i/processing_system7_0/inst/FCLK_CLK1 |                                                                                                                                                             | Pspwm_i/Alto_nivel_0/U0/Inst_Pwm_deadtime/clear                                                                                                        |                8 |             32 |
|  Pspwm_i/processing_system7_0/inst/FCLK_CLK1 |                                                                                                                                                             | Pspwm_i/Alto_nivel_0/U0/Inst_Clk_pwm/ltOp_carry__3_n_7                                                                                                 |                9 |             33 |
|  Pspwm_i/processing_system7_0/inst/FCLK_CLK0 | Pspwm_i/processing_system7_0_axi_periph/s00_couplers/auto_pc/inst/gen_axilite.gen_b2s_conv.axilite_b2s/RD.r_channel_0/rd_data_fifo_0/wr_en0                 |                                                                                                                                                        |                9 |             34 |
|  Pspwm_i/processing_system7_0/inst/FCLK_CLK0 | Pspwm_i/processing_system7_0_axi_periph/xbar/inst/gen_sasd.crossbar_sasd_0/addr_arbiter_inst/E[0]                                                           |                                                                                                                                                        |               13 |             35 |
|  Pspwm_i/processing_system7_0/inst/FCLK_CLK0 | Pspwm_i/processing_system7_0_axi_periph/s00_couplers/auto_pc/inst/gen_axilite.gen_b2s_conv.axilite_b2s/RD.ar_channel_0/ar_cmd_fsm_0/m_payload_i_reg[0]_1[0] |                                                                                                                                                        |                9 |             43 |
|  Pspwm_i/processing_system7_0/inst/FCLK_CLK0 | Pspwm_i/processing_system7_0_axi_periph/s00_couplers/auto_pc/inst/gen_axilite.gen_b2s_conv.axilite_b2s/WR.aw_channel_0/aw_cmd_fsm_0/m_payload_i_reg[0][0]   |                                                                                                                                                        |                8 |             43 |
|  Pspwm_i/processing_system7_0/inst/FCLK_CLK0 | Pspwm_i/processing_system7_0_axi_periph/s00_couplers/auto_pc/inst/gen_axilite.gen_b2s_conv.axilite_b2s/SI_REG/ar_pipe/skid_buffer_reg[0]_0                  |                                                                                                                                                        |               10 |             43 |
|  Pspwm_i/processing_system7_0/inst/FCLK_CLK0 | Pspwm_i/processing_system7_0_axi_periph/s00_couplers/auto_pc/inst/gen_axilite.gen_b2s_conv.axilite_b2s/SI_REG/aw_pipe/skid_buffer_reg[0]_0                  |                                                                                                                                                        |               12 |             43 |
|  Pspwm_i/processing_system7_0/inst/FCLK_CLK0 | Pspwm_i/processing_system7_0_axi_periph/s00_couplers/auto_pc/inst/gen_axilite.gen_b2s_conv.axilite_b2s/SI_REG/r_pipe/p_1_in                                 |                                                                                                                                                        |                8 |             47 |
|  Pspwm_i/processing_system7_0/inst/FCLK_CLK0 | Pspwm_i/processing_system7_0_axi_periph/s00_couplers/auto_pc/inst/gen_axilite.gen_b2s_conv.axilite_b2s/SI_REG/r_pipe/skid_buffer_reg[0]_0                   |                                                                                                                                                        |                7 |             47 |
|  Pspwm_i/processing_system7_0/inst/FCLK_CLK0 |                                                                                                                                                             | Pspwm_i/processing_system7_0_axi_periph/s00_couplers/auto_pc/inst/gen_axilite.gen_b2s_conv.axilite_b2s/areset_d1                                       |               18 |             59 |
|  Pspwm_i/processing_system7_0/inst/FCLK_CLK0 |                                                                                                                                                             |                                                                                                                                                        |               41 |            123 |
+----------------------------------------------+-------------------------------------------------------------------------------------------------------------------------------------------------------------+--------------------------------------------------------------------------------------------------------------------------------------------------------+------------------+----------------+


