Copyright 1986-2016 Xilinx, Inc. All Rights Reserved.
------------------------------------------------------------------------------------------------
| Tool Version      : Vivado v.2016.2 (win64) Build 1577090 Thu Jun  2 16:32:40 MDT 2016
| Date              : Tue Mar 07 08:10:00 2017
| Host              : DIEGOOCHOAM7ADD running 64-bit Service Pack 1  (build 7601)
| Command           : report_clock_utilization -file Pspwm_wrapper_clock_utilization_routed.rpt
| Design            : Pspwm_wrapper
| Device            : 7z010-clg400
| Speed File        : -1  PRODUCTION 1.11 2014-09-11
| Temperature Grade : C
------------------------------------------------------------------------------------------------

Clock Utilization Report

Table of Contents
-----------------
1. Clock Primitive Utilization
2. Global Clock Resources
3. Global Clock Source Details
4. Local Clock Details
5. Clock Regions: Key Resource Utilization
6. Clock Regions : Global Clock Summary
7. Cell Type Counts per Global Clock: Region X0Y0
8. Cell Type Counts per Global Clock: Region X1Y0
9. Cell Type Counts per Global Clock: Region X0Y1
10. Load Cell Placement Summary for Global Clock g0
11. Load Cell Placement Summary for Global Clock g1

1. Clock Primitive Utilization
------------------------------

+----------+------+-----------+-----+--------------+--------+
| Type     | Used | Available | LOC | Clock Region | Pblock |
+----------+------+-----------+-----+--------------+--------+
| BUFGCTRL |    2 |        32 |   0 |            0 |      0 |
| BUFH     |    0 |        48 |   0 |            0 |      0 |
| BUFIO    |    0 |         8 |   0 |            0 |      0 |
| BUFMR    |    0 |         4 |   0 |            0 |      0 |
| BUFR     |    0 |         8 |   0 |            0 |      0 |
| MMCM     |    0 |         2 |   0 |            0 |      0 |
| PLL      |    0 |         2 |   0 |            0 |      0 |
+----------+------+-----------+-----+--------------+--------+


2. Global Clock Resources
-------------------------

+-------+-------+-----------------+------------+---------------+--------------+------+-------------------+---------------+-------------+-----------------+--------------+------------+-----------------------------------------------------------------------+---------------------------------------------+
| GlbID | SrcId | Driver Type/Pin | Constraint | Site          | Clock Region | Root | Clock Delay Group | Clock Regions | Clock Loads | Non-Clock Loads | Clock Period | Clock      | Driver Pin                                                            | Net                                         |
+-------+-------+-----------------+------------+---------------+--------------+------+-------------------+---------------+-------------+-----------------+--------------+------------+-----------------------------------------------------------------------+---------------------------------------------+
| g0    | src0  | BUFG/O          | None       | BUFGCTRL_X0Y0 | n/a          |      |                   |             2 |         885 |               0 |       10.000 | clk_fpga_0 | Pspwm_i/processing_system7_0/inst/buffer_fclk_clk_0.FCLK_CLK_0_BUFG/O | Pspwm_i/processing_system7_0/inst/FCLK_CLK0 |
| g1    | src0  | BUFG/O          | None       | BUFGCTRL_X0Y1 | n/a          |      |                   |             2 |         101 |               0 |        4.000 | clk_fpga_1 | Pspwm_i/processing_system7_0/inst/buffer_fclk_clk_1.FCLK_CLK_1_BUFG/O | Pspwm_i/processing_system7_0/inst/FCLK_CLK1 |
+-------+-------+-----------------+------------+---------------+--------------+------+-------------------+---------------+-------------+-----------------+--------------+------------+-----------------------------------------------------------------------+---------------------------------------------+
* Note: Multiple constraint types applied to the driver. Please check for potential conflicts.


3. Global Clock Source Details
------------------------------

+-------+--------+-----------------+------------+----------+--------------+-------------+-----------------+---------------------+--------------+----------------------------------------------------+----------------------------------------------------------+
| SrcID | GlbIDs | Driver Type/Pin | Constraint | Site     | Clock Region | Clock Loads | Non-Clock Loads | Source Clock Period | Source Clock | Driver Pin                                         | Net                                                      |
+-------+--------+-----------------+------------+----------+--------------+-------------+-----------------+---------------------+--------------+----------------------------------------------------+----------------------------------------------------------+
| src0  | g0     | PS7/FCLKCLK[0]  | PS7_X0Y0   | PS7_X0Y0 | X0Y1         |           0 |               1 |              10.000 | clk_fpga_0   | Pspwm_i/processing_system7_0/inst/PS7_i/FCLKCLK[0] | Pspwm_i/processing_system7_0/inst/FCLK_CLK_unbuffered[0] |
| src0  | g1     | PS7/FCLKCLK[1]  | PS7_X0Y0   | PS7_X0Y0 | X0Y1         |           0 |               1 |               4.000 | clk_fpga_1   | Pspwm_i/processing_system7_0/inst/PS7_i/FCLKCLK[1] | Pspwm_i/processing_system7_0/inst/FCLK_CLK_unbuffered[1] |
+-------+--------+-----------------+------------+----------+--------------+-------------+-----------------+---------------------+--------------+----------------------------------------------------+----------------------------------------------------------+
* Note: Multiple constraint types applied to the driver. Please check for potential conflicts.


4. Local Clock Details
----------------------

+-------+-----------------+------------+------------------+--------------+-------------+-----------------+--------------+-------+---------------------------------------------------+----------------------------------------+
| LocId | Driver Type/Pin | Constraint | Site/BEL         | Clock Region | Clock Loads | Non-Clock Loads | Clock Period | Clock | Driver Pin                                        | Net                                    |
+-------+-----------------+------------+------------------+--------------+-------------+-----------------+--------------+-------+---------------------------------------------------+----------------------------------------+
| 0     | FDRE/Q          | None       | SLICE_X16Y43/DFF | X0Y0         |           2 |               2 |              |       | Pspwm_i/Alto_nivel_0/U0/Inst_Clk_pwm/pwmref_reg/Q | Pspwm_i/Alto_nivel_0/U0/Inst_Clk_pwm/y |
+-------+-----------------+------------+------------------+--------------+-------------+-----------------+--------------+-------+---------------------------------------------------+----------------------------------------+
* Note: Multiple constraint types applied to the driver. Please check for potential conflicts.


5. Clock Regions: Key Resource Utilization
------------------------------------------

+-------------------+--------------+--------------+--------------+--------------+--------------+--------------+--------------+--------------+--------------+--------------+--------------+--------------+--------------+--------------+--------------+
|                   | Global Clock |     BUFRs    |    BUFMRs    |    BUFIOs    |     MMCM     |      PLL     |      GT      |      PCI     |    ILOGIC    |    OLOGIC    |      FF      |     LUTM     |    RAMB18    |    RAMB36    |    DSP48E2   |
+-------------------+------+-------+------+-------+------+-------+------+-------+------+-------+------+-------+------+-------+------+-------+------+-------+------+-------+------+-------+------+-------+------+-------+------+-------+------+-------+
| Clock Region Name | Used | Avail | Used | Avail | Used | Avail | Used | Avail | Used | Avail | Used | Avail | Used | Avail | Used | Avail | Used | Avail | Used | Avail | Used | Avail | Used | Avail | Used | Avail | Used | Avail | Used | Avail |
+-------------------+------+-------+------+-------+------+-------+------+-------+------+-------+------+-------+------+-------+------+-------+------+-------+------+-------+------+-------+------+-------+------+-------+------+-------+------+-------+
| X0Y0              |    2 |    12 |    0 |     0 |    0 |     0 |    0 |     0 |    0 |     0 |    0 |     0 |    0 |     0 |    0 |     0 |    0 |     0 |    0 |     0 |  567 |  8800 |   24 |  1600 |    0 |     0 |    0 |    10 |    0 |    20 |
| X1Y0              |    1 |    12 |    0 |     4 |    0 |     2 |    0 |     4 |    0 |     1 |    0 |     1 |    0 |     0 |    0 |     0 |    0 |    50 |    0 |    50 |    4 |  8800 |    3 |  1400 |    0 |     0 |    0 |    20 |    0 |    20 |
| X0Y1              |    1 |    12 |    0 |     0 |    0 |     0 |    0 |     0 |    0 |     0 |    0 |     0 |    0 |     0 |    0 |     0 |    0 |     0 |    0 |     0 |  108 |  8800 |    9 |  1600 |    0 |     0 |    0 |    10 |    0 |    20 |
| X1Y1              |    0 |    12 |    0 |     4 |    0 |     2 |    0 |     4 |    0 |     1 |    0 |     1 |    0 |     0 |    0 |     0 |    0 |    50 |    0 |    50 |    0 |  8800 |    0 |  1400 |    0 |     0 |    0 |    20 |    0 |    20 |
+-------------------+------+-------+------+-------+------+-------+------+-------+------+-------+------+-------+------+-------+------+-------+------+-------+------+-------+------+-------+------+-------+------+-------+------+-------+------+-------+
* Used Global Clocks includes only global clock resources based on load placement but does not consider global clock resources used to traverse a clock region. Therefore the actual total of Used Global Clocks may be higher.
** RAMB36 site can be used as two RAMB18/FIFO18 sites.


6. Clock Regions : Global Clock Summary
---------------------------------------

+----+----+----+
|    | X0 | X1 |
+----+----+----+
| Y1 |  1 |  0 |
| Y0 |  2 |  1 |
+----+----+----+
* Used Global Clocks includes only global clock resources based on load placement but does not consider global clock resources used to traverse a clock region. Therefore the actual total of Used Global Clocks may be higher.


7. Cell Type Counts per Global Clock: Region X0Y0
-------------------------------------------------

+-------+-------+-----------------+------------+-------------+-----------------+-----+--------+------+-----+----+------+-----+---------+---------------------------------------------+
| GlbID | Track | Driver Type/Pin | Constraint | Clock Loads | Non-Clock Loads | FF  | LUTRAM | RAMB | DSP | GT | MMCM | PLL | Hard IP | Net                                         |
+-------+-------+-----------------+------------+-------------+-----------------+-----+--------+------+-----+----+------+-----+---------+---------------------------------------------+
| g0    | n/a   | BUFG/O          | None       |           0 |             499 | 499 |     22 |    0 |   0 |  0 |    0 |   0 |       0 | Pspwm_i/processing_system7_0/inst/FCLK_CLK0 |
| g1    | n/a   | BUFG/O          | None       |           0 |              68 |  68 |      2 |    0 |   0 |  0 |    0 |   0 |       0 | Pspwm_i/processing_system7_0/inst/FCLK_CLK1 |
+-------+-------+-----------------+------------+-------------+-----------------+-----+--------+------+-----+----+------+-----+---------+---------------------------------------------+
* Note: Multiple constraint types applied to the driver. Please check for potential conflicts.


8. Cell Type Counts per Global Clock: Region X1Y0
-------------------------------------------------

+-------+-------+-----------------+------------+-------------+-----------------+----+--------+------+-----+----+------+-----+---------+---------------------------------------------+
| GlbID | Track | Driver Type/Pin | Constraint | Clock Loads | Non-Clock Loads | FF | LUTRAM | RAMB | DSP | GT | MMCM | PLL | Hard IP | Net                                         |
+-------+-------+-----------------+------------+-------------+-----------------+----+--------+------+-----+----+------+-----+---------+---------------------------------------------+
| g1    | n/a   | BUFG/O          | None       |           0 |               1 |  1 |      0 |    0 |   0 |  0 |    0 |   0 |       0 | Pspwm_i/processing_system7_0/inst/FCLK_CLK1 |
+-------+-------+-----------------+------------+-------------+-----------------+----+--------+------+-----+----+------+-----+---------+---------------------------------------------+
* Note: Multiple constraint types applied to the driver. Please check for potential conflicts.


9. Cell Type Counts per Global Clock: Region X0Y1
-------------------------------------------------

+-------+-------+-----------------+------------+-------------+-----------------+-----+--------+------+-----+----+------+-----+---------+---------------------------------------------+
| GlbID | Track | Driver Type/Pin | Constraint | Clock Loads | Non-Clock Loads | FF  | LUTRAM | RAMB | DSP | GT | MMCM | PLL | Hard IP | Net                                         |
+-------+-------+-----------------+------------+-------------+-----------------+-----+--------+------+-----+----+------+-----+---------+---------------------------------------------+
| g0    | n/a   | BUFG/O          | None       |           0 |             109 | 108 |      9 |    0 |   0 |  0 |    0 |   0 |       0 | Pspwm_i/processing_system7_0/inst/FCLK_CLK0 |
+-------+-------+-----------------+------------+-------------+-----------------+-----+--------+------+-----+----+------+-----+---------+---------------------------------------------+
* Note: Multiple constraint types applied to the driver. Please check for potential conflicts.


10. Load Cell Placement Summary for Global Clock g0
---------------------------------------------------

+-------+-----------------+-------------------+------------+-------------+---------------+----------+-------------+----------+-------------+----+---------------------------------------------+
| GlbID | Driver Type/Pin | Driver Region (D) | Clock      | Period (ns) | Waveform (ns) | Root (R) | Slice Loads | IO Loads | Clock Loads | GT | Net                                         |
+-------+-----------------+-------------------+------------+-------------+---------------+----------+-------------+----------+-------------+----+---------------------------------------------+
| g0    | BUFG/O          | n/a               | clk_fpga_0 |      10.000 | {0.000 5.000} |          |         608 |        0 |           0 |  0 | Pspwm_i/processing_system7_0/inst/FCLK_CLK0 |
+-------+-----------------+-------------------+------------+-------------+---------------+----------+-------------+----------+-------------+----+---------------------------------------------+


+----+------+----+
|    | X0   | X1 |
+----+------+----+
| Y1 |  109 |  0 |
| Y0 |  499 |  0 |
+----+------+----+


11. Load Cell Placement Summary for Global Clock g1
---------------------------------------------------

+-------+-----------------+-------------------+------------+-------------+---------------+----------+-------------+----------+-------------+----+---------------------------------------------+
| GlbID | Driver Type/Pin | Driver Region (D) | Clock      | Period (ns) | Waveform (ns) | Root (R) | Slice Loads | IO Loads | Clock Loads | GT | Net                                         |
+-------+-----------------+-------------------+------------+-------------+---------------+----------+-------------+----------+-------------+----+---------------------------------------------+
| g1    | BUFG/O          | n/a               | clk_fpga_1 |       4.000 | {0.000 2.000} |          |          69 |        0 |           0 |  0 | Pspwm_i/processing_system7_0/inst/FCLK_CLK1 |
+-------+-----------------+-------------------+------------+-------------+---------------+----------+-------------+----------+-------------+----+---------------------------------------------+


+----+-----+----+
|    | X0  | X1 |
+----+-----+----+
| Y1 |   0 |  0 |
| Y0 |  68 |  1 |
+----+-----+----+



# Location of BUFG Primitives 
set_property LOC BUFGCTRL_X0Y1 [get_cells Pspwm_i/processing_system7_0/inst/buffer_fclk_clk_1.FCLK_CLK_1_BUFG]
set_property LOC BUFGCTRL_X0Y0 [get_cells Pspwm_i/processing_system7_0/inst/buffer_fclk_clk_0.FCLK_CLK_0_BUFG]

# Location of IO Primitives which is load of clock spine

# Location of clock ports

# Clock net "Pspwm_i/processing_system7_0/inst/FCLK_CLK1" driven by instance "Pspwm_i/processing_system7_0/inst/buffer_fclk_clk_1.FCLK_CLK_1_BUFG" located at site "BUFGCTRL_X0Y1"
#startgroup
create_pblock {CLKAG_Pspwm_i/processing_system7_0/inst/FCLK_CLK1}
add_cells_to_pblock [get_pblocks  {CLKAG_Pspwm_i/processing_system7_0/inst/FCLK_CLK1}] [get_cells -filter { PRIMITIVE_GROUP != I/O && IS_PRIMITIVE==1 && PRIMITIVE_LEVEL !=INTERNAL } -of_object [get_pins -filter {DIRECTION==IN} -of_objects [get_nets -hierarchical -filter {PARENT=="Pspwm_i/processing_system7_0/inst/FCLK_CLK1"}]]]
resize_pblock [get_pblocks {CLKAG_Pspwm_i/processing_system7_0/inst/FCLK_CLK1}] -add {CLOCKREGION_X0Y0:CLOCKREGION_X0Y0 CLOCKREGION_X1Y0:CLOCKREGION_X1Y0}
#endgroup

# Clock net "Pspwm_i/processing_system7_0/inst/FCLK_CLK0" driven by instance "Pspwm_i/processing_system7_0/inst/buffer_fclk_clk_0.FCLK_CLK_0_BUFG" located at site "BUFGCTRL_X0Y0"
#startgroup
create_pblock {CLKAG_Pspwm_i/processing_system7_0/inst/FCLK_CLK0}
add_cells_to_pblock [get_pblocks  {CLKAG_Pspwm_i/processing_system7_0/inst/FCLK_CLK0}] [get_cells -filter { PRIMITIVE_GROUP != I/O && IS_PRIMITIVE==1 && PRIMITIVE_LEVEL !=INTERNAL } -of_object [get_pins -filter {DIRECTION==IN} -of_objects [get_nets -hierarchical -filter {PARENT=="Pspwm_i/processing_system7_0/inst/FCLK_CLK0"}]]]
resize_pblock [get_pblocks {CLKAG_Pspwm_i/processing_system7_0/inst/FCLK_CLK0}] -add {CLOCKREGION_X0Y0:CLOCKREGION_X0Y0 CLOCKREGION_X0Y1:CLOCKREGION_X0Y1}
#endgroup
