
*** Running vivado
    with args -log Pspwm_wrapper.vdi -applog -m64 -messageDb vivado.pb -mode batch -source Pspwm_wrapper.tcl -notrace


****** Vivado v2016.2 (64-bit)
  **** SW Build 1577090 on Thu Jun  2 16:32:40 MDT 2016
  **** IP Build 1577682 on Fri Jun  3 12:00:54 MDT 2016
    ** Copyright 1986-2016 Xilinx, Inc. All Rights Reserved.

source Pspwm_wrapper.tcl -notrace
Design is defaulting to srcset: sources_1
Design is defaulting to constrset: constrs_1
INFO: [Netlist 29-17] Analyzing 75 Unisim elements for replacement
INFO: [Netlist 29-28] Unisim Transformation completed in 0 CPU seconds
INFO: [Project 1-479] Netlist was created with Vivado 2016.2
INFO: [Device 21-403] Loading part xc7z010clg400-1
INFO: [Project 1-570] Preparing netlist for logic optimization
Parsing XDC File [c:/pruebas/Sepsa_full_bridge_comunicacion/IP_pspwm.srcs/sources_1/bd/Pspwm/ip/Pspwm_processing_system7_0_0/Pspwm_processing_system7_0_0.xdc] for cell 'Pspwm_i/processing_system7_0/inst'
Finished Parsing XDC File [c:/pruebas/Sepsa_full_bridge_comunicacion/IP_pspwm.srcs/sources_1/bd/Pspwm/ip/Pspwm_processing_system7_0_0/Pspwm_processing_system7_0_0.xdc] for cell 'Pspwm_i/processing_system7_0/inst'
Parsing XDC File [c:/pruebas/Sepsa_full_bridge_comunicacion/IP_pspwm.srcs/sources_1/bd/Pspwm/ip/Pspwm_rst_processing_system7_0_100M_0/Pspwm_rst_processing_system7_0_100M_0_board.xdc] for cell 'Pspwm_i/rst_processing_system7_0_100M/U0'
Finished Parsing XDC File [c:/pruebas/Sepsa_full_bridge_comunicacion/IP_pspwm.srcs/sources_1/bd/Pspwm/ip/Pspwm_rst_processing_system7_0_100M_0/Pspwm_rst_processing_system7_0_100M_0_board.xdc] for cell 'Pspwm_i/rst_processing_system7_0_100M/U0'
Parsing XDC File [c:/pruebas/Sepsa_full_bridge_comunicacion/IP_pspwm.srcs/sources_1/bd/Pspwm/ip/Pspwm_rst_processing_system7_0_100M_0/Pspwm_rst_processing_system7_0_100M_0.xdc] for cell 'Pspwm_i/rst_processing_system7_0_100M/U0'
Finished Parsing XDC File [c:/pruebas/Sepsa_full_bridge_comunicacion/IP_pspwm.srcs/sources_1/bd/Pspwm/ip/Pspwm_rst_processing_system7_0_100M_0/Pspwm_rst_processing_system7_0_100M_0.xdc] for cell 'Pspwm_i/rst_processing_system7_0_100M/U0'
Parsing XDC File [C:/pruebas/Sepsa_full_bridge_comunicacion/IP_pspwm.srcs/constrs_1/new/Zybo_master.xdc]
Finished Parsing XDC File [C:/pruebas/Sepsa_full_bridge_comunicacion/IP_pspwm.srcs/constrs_1/new/Zybo_master.xdc]
INFO: [Opt 31-138] Pushed 0 inverter(s) to 0 load pin(s).
INFO: [Project 1-111] Unisim Transformation Summary:
No Unisim elements were transformed.

link_design: Time (s): cpu = 00:00:09 ; elapsed = 00:00:11 . Memory (MB): peak = 469.402 ; gain = 262.949
Command: opt_design
Attempting to get a license for feature 'Implementation' and/or device 'xc7z010'
INFO: [Common 17-349] Got license for feature 'Implementation' and/or device 'xc7z010'
Running DRC as a precondition to command opt_design

Starting DRC Task
INFO: [DRC 23-27] Running DRC with 2 threads
INFO: [Project 1-461] DRC finished with 0 Errors
INFO: [Project 1-462] Please refer to the DRC report (report_drc) for more information.

Time (s): cpu = 00:00:00 ; elapsed = 00:00:00.141 . Memory (MB): peak = 469.402 ; gain = 0.000
INFO: [Timing 38-35] Done setting XDC timing constraints.

Starting Logic Optimization Task
Implement Debug Cores | Checksum: 25b1c0725

Phase 1 Retarget
INFO: [Opt 31-138] Pushed 0 inverter(s) to 0 load pin(s).
INFO: [Opt 31-49] Retargeted 0 cell(s).
Phase 1 Retarget | Checksum: 24d37549c

Time (s): cpu = 00:00:00 ; elapsed = 00:00:00.577 . Memory (MB): peak = 915.031 ; gain = 0.000

Phase 2 Constant Propagation
INFO: [Opt 31-138] Pushed 0 inverter(s) to 0 load pin(s).
INFO: [Opt 31-10] Eliminated 17 cells.
Phase 2 Constant Propagation | Checksum: 22bb1f309

Time (s): cpu = 00:00:01 ; elapsed = 00:00:00.858 . Memory (MB): peak = 915.031 ; gain = 0.000

Phase 3 Sweep
INFO: [Opt 31-12] Eliminated 404 unconnected nets.
INFO: [Opt 31-11] Eliminated 323 unconnected cells.
Phase 3 Sweep | Checksum: 1d5d5f62f

Time (s): cpu = 00:00:02 ; elapsed = 00:00:02 . Memory (MB): peak = 915.031 ; gain = 0.000

Starting Connectivity Check Task

Time (s): cpu = 00:00:00 ; elapsed = 00:00:00.016 . Memory (MB): peak = 915.031 ; gain = 0.000
Ending Logic Optimization Task | Checksum: 1d5d5f62f

Time (s): cpu = 00:00:02 ; elapsed = 00:00:02 . Memory (MB): peak = 915.031 ; gain = 0.000

Starting Power Optimization Task
INFO: [Pwropt 34-132] Skipping clock gating for clocks with a period < 2.00 ns.
Ending Power Optimization Task | Checksum: 1d5d5f62f

Time (s): cpu = 00:00:00 ; elapsed = 00:00:00.031 . Memory (MB): peak = 915.031 ; gain = 0.000
INFO: [Common 17-83] Releasing license: Implementation
20 Infos, 0 Warnings, 0 Critical Warnings and 0 Errors encountered.
opt_design completed successfully
opt_design: Time (s): cpu = 00:00:15 ; elapsed = 00:00:18 . Memory (MB): peak = 915.031 ; gain = 445.629
Writing placer database...
Writing XDEF routing.
Writing XDEF routing logical nets.
Writing XDEF routing special nets.
Write XDEF Complete: Time (s): cpu = 00:00:00 ; elapsed = 00:00:00.234 . Memory (MB): peak = 915.031 ; gain = 0.000
INFO: [DRC 23-27] Running DRC with 2 threads
INFO: [Coretcl 2-168] The results of DRC are in file C:/pruebas/Sepsa_full_bridge_comunicacion/IP_pspwm.runs/impl_1/Pspwm_wrapper_drc_opted.rpt.
INFO: [Chipscope 16-241] No debug cores found in the current design.
Before running the implement_debug_core command, either use the Set Up Debug wizard (GUI mode)
or use the create_debug_core and connect_debug_core Tcl commands to insert debug cores into the design.
Command: place_design
Attempting to get a license for feature 'Implementation' and/or device 'xc7z010'
INFO: [Common 17-349] Got license for feature 'Implementation' and/or device 'xc7z010'
INFO: [DRC 23-27] Running DRC with 2 threads
INFO: [Vivado_Tcl 4-198] DRC finished with 0 Errors
INFO: [Vivado_Tcl 4-199] Please refer to the DRC report (report_drc) for more information.
Running DRC as a precondition to command place_design
INFO: [DRC 23-27] Running DRC with 2 threads
INFO: [Vivado_Tcl 4-198] DRC finished with 0 Errors
INFO: [Vivado_Tcl 4-199] Please refer to the DRC report (report_drc) for more information.

Starting Placer Task
INFO: [Place 30-611] Multithreading enabled for place_design using a maximum of 2 CPUs

Phase 1 Placer Initialization
Netlist sorting complete. Time (s): cpu = 00:00:00 ; elapsed = 00:00:00 . Memory (MB): peak = 915.031 ; gain = 0.000
Netlist sorting complete. Time (s): cpu = 00:00:00 ; elapsed = 00:00:00 . Memory (MB): peak = 915.031 ; gain = 0.000

Phase 1.1 IO Placement/ Clock Placement/ Build Placer Device

Phase 1.1.1 ParallelPlaceIOClockAndInitTop

Phase 1.1.1.1 Pre-Place Cells
Phase 1.1.1.1 Pre-Place Cells | Checksum: c615ee42

Time (s): cpu = 00:00:00 ; elapsed = 00:00:00.062 . Memory (MB): peak = 915.031 ; gain = 0.000

Phase 1.1.1.2 Constructing HAPIClkRuleMgr
Phase 1.1.1.2 Constructing HAPIClkRuleMgr | Checksum: c615ee42

Time (s): cpu = 00:00:01 ; elapsed = 00:00:00.686 . Memory (MB): peak = 915.031 ; gain = 0.000
WARNING: [Place 30-879] Found overlapping PBlocks. The use of overlapping PBlocks is not recommended as it may lead to legalization errors or unplaced instances.
WARNING: [Place 30-12] An IO Bus FIXED_IO_mio with more than one IO standard is found. Components associated with this bus are: 
	FIXED_IO_mio[53] of IOStandard LVCMOS18
	FIXED_IO_mio[52] of IOStandard LVCMOS18
	FIXED_IO_mio[51] of IOStandard LVCMOS18
	FIXED_IO_mio[50] of IOStandard LVCMOS18
	FIXED_IO_mio[49] of IOStandard LVCMOS18
	FIXED_IO_mio[48] of IOStandard LVCMOS18
	FIXED_IO_mio[47] of IOStandard LVCMOS18
	FIXED_IO_mio[46] of IOStandard LVCMOS18
	FIXED_IO_mio[45] of IOStandard LVCMOS18
	FIXED_IO_mio[44] of IOStandard LVCMOS18
	FIXED_IO_mio[43] of IOStandard LVCMOS18
	FIXED_IO_mio[42] of IOStandard LVCMOS18
	FIXED_IO_mio[41] of IOStandard LVCMOS18
	FIXED_IO_mio[40] of IOStandard LVCMOS18
	FIXED_IO_mio[39] of IOStandard LVCMOS18
	FIXED_IO_mio[38] of IOStandard LVCMOS18
	FIXED_IO_mio[37] of IOStandard LVCMOS18
	FIXED_IO_mio[36] of IOStandard LVCMOS18
	FIXED_IO_mio[35] of IOStandard LVCMOS18
	FIXED_IO_mio[34] of IOStandard LVCMOS18
	FIXED_IO_mio[33] of IOStandard LVCMOS18
	FIXED_IO_mio[32] of IOStandard LVCMOS18
	FIXED_IO_mio[31] of IOStandard LVCMOS18
	FIXED_IO_mio[30] of IOStandard LVCMOS18
	FIXED_IO_mio[29] of IOStandard LVCMOS18
	FIXED_IO_mio[28] of IOStandard LVCMOS18
	FIXED_IO_mio[27] of IOStandard HSTL_I_18
	FIXED_IO_mio[26] of IOStandard HSTL_I_18
	FIXED_IO_mio[25] of IOStandard HSTL_I_18
	FIXED_IO_mio[24] of IOStandard HSTL_I_18
	FIXED_IO_mio[23] of IOStandard HSTL_I_18
	FIXED_IO_mio[22] of IOStandard HSTL_I_18
	FIXED_IO_mio[21] of IOStandard HSTL_I_18
	FIXED_IO_mio[20] of IOStandard HSTL_I_18
	FIXED_IO_mio[19] of IOStandard HSTL_I_18
	FIXED_IO_mio[18] of IOStandard HSTL_I_18
	FIXED_IO_mio[17] of IOStandard HSTL_I_18
	FIXED_IO_mio[16] of IOStandard HSTL_I_18
	FIXED_IO_mio[15] of IOStandard LVCMOS33
	FIXED_IO_mio[14] of IOStandard LVCMOS33
	FIXED_IO_mio[13] of IOStandard LVCMOS33
	FIXED_IO_mio[12] of IOStandard LVCMOS33
	FIXED_IO_mio[11] of IOStandard LVCMOS33
	FIXED_IO_mio[10] of IOStandard LVCMOS33
	FIXED_IO_mio[9] of IOStandard LVCMOS33
	FIXED_IO_mio[8] of IOStandard LVCMOS33
	FIXED_IO_mio[7] of IOStandard LVCMOS33
	FIXED_IO_mio[6] of IOStandard LVCMOS33
	FIXED_IO_mio[5] of IOStandard LVCMOS33
	FIXED_IO_mio[4] of IOStandard LVCMOS33
	FIXED_IO_mio[3] of IOStandard LVCMOS33
	FIXED_IO_mio[2] of IOStandard LVCMOS33
	FIXED_IO_mio[1] of IOStandard LVCMOS33
	FIXED_IO_mio[0] of IOStandard LVCMOS33
INFO: [Timing 38-35] Done setting XDC timing constraints.

Phase 1.1.1.3 IO and Clk Clean Up

Phase 1.1.1.3.1 Constructing HAPIClkRuleMgr
Phase 1.1.1.3.1 Constructing HAPIClkRuleMgr | Checksum: c615ee42

Time (s): cpu = 00:00:03 ; elapsed = 00:00:03 . Memory (MB): peak = 928.793 ; gain = 13.762
Phase 1.1.1.3 IO and Clk Clean Up | Checksum: c615ee42

Time (s): cpu = 00:00:03 ; elapsed = 00:00:03 . Memory (MB): peak = 928.793 ; gain = 13.762

Phase 1.1.1.4 Implementation Feasibility check On IDelay
Phase 1.1.1.4 Implementation Feasibility check On IDelay | Checksum: c615ee42

Time (s): cpu = 00:00:03 ; elapsed = 00:00:03 . Memory (MB): peak = 928.793 ; gain = 13.762

Phase 1.1.1.5 Commit IO Placement
Phase 1.1.1.5 Commit IO Placement | Checksum: a50a6206

Time (s): cpu = 00:00:03 ; elapsed = 00:00:03 . Memory (MB): peak = 928.793 ; gain = 13.762
Phase 1.1.1 ParallelPlaceIOClockAndInitTop | Checksum: a50a6206

Time (s): cpu = 00:00:03 ; elapsed = 00:00:03 . Memory (MB): peak = 928.793 ; gain = 13.762
Phase 1.1 IO Placement/ Clock Placement/ Build Placer Device | Checksum: 137a1f734

Time (s): cpu = 00:00:03 ; elapsed = 00:00:03 . Memory (MB): peak = 928.793 ; gain = 13.762

Phase 1.2 Build Placer Netlist Model

Phase 1.2.1 Place Init Design

Phase 1.2.1.1 Make Others
Phase 1.2.1.1 Make Others | Checksum: fa78f1dc

Time (s): cpu = 00:00:03 ; elapsed = 00:00:04 . Memory (MB): peak = 928.793 ; gain = 13.762

Phase 1.2.1.2 Init Lut Pin Assignment
Phase 1.2.1.2 Init Lut Pin Assignment | Checksum: fa78f1dc

Time (s): cpu = 00:00:03 ; elapsed = 00:00:04 . Memory (MB): peak = 928.793 ; gain = 13.762
Phase 1.2.1 Place Init Design | Checksum: 1a1669292

Time (s): cpu = 00:00:04 ; elapsed = 00:00:05 . Memory (MB): peak = 928.793 ; gain = 13.762
Phase 1.2 Build Placer Netlist Model | Checksum: 1a1669292

Time (s): cpu = 00:00:04 ; elapsed = 00:00:05 . Memory (MB): peak = 928.793 ; gain = 13.762

Phase 1.3 Constrain Clocks/Macros
Phase 1.3 Constrain Clocks/Macros | Checksum: 1a1669292

Time (s): cpu = 00:00:04 ; elapsed = 00:00:05 . Memory (MB): peak = 928.793 ; gain = 13.762
Phase 1 Placer Initialization | Checksum: 1a1669292

Time (s): cpu = 00:00:04 ; elapsed = 00:00:05 . Memory (MB): peak = 928.793 ; gain = 13.762

Phase 2 Global Placement
Phase 2 Global Placement | Checksum: 154a9d013

Time (s): cpu = 00:00:06 ; elapsed = 00:00:06 . Memory (MB): peak = 928.793 ; gain = 13.762

Phase 3 Detail Placement

Phase 3.1 Commit Multi Column Macros
Phase 3.1 Commit Multi Column Macros | Checksum: 154a9d013

Time (s): cpu = 00:00:06 ; elapsed = 00:00:06 . Memory (MB): peak = 928.793 ; gain = 13.762

Phase 3.2 Commit Most Macros & LUTRAMs
Phase 3.2 Commit Most Macros & LUTRAMs | Checksum: 124b93769

Time (s): cpu = 00:00:06 ; elapsed = 00:00:06 . Memory (MB): peak = 928.793 ; gain = 13.762

Phase 3.3 Area Swap Optimization
Phase 3.3 Area Swap Optimization | Checksum: 1d9424a98

Time (s): cpu = 00:00:06 ; elapsed = 00:00:06 . Memory (MB): peak = 928.793 ; gain = 13.762

Phase 3.4 updateClock Trees: DP
Phase 3.4 updateClock Trees: DP | Checksum: 1d9424a98

Time (s): cpu = 00:00:06 ; elapsed = 00:00:06 . Memory (MB): peak = 928.793 ; gain = 13.762

Phase 3.5 Timing Path Optimizer
Phase 3.5 Timing Path Optimizer | Checksum: efb08ec0

Time (s): cpu = 00:00:07 ; elapsed = 00:00:07 . Memory (MB): peak = 928.793 ; gain = 13.762

Phase 3.6 Fast Optimization
Phase 3.6 Fast Optimization | Checksum: 14f12224b

Time (s): cpu = 00:00:07 ; elapsed = 00:00:07 . Memory (MB): peak = 928.793 ; gain = 13.762

Phase 3.7 Small Shape Detail Placement
Phase 3.7 Small Shape Detail Placement | Checksum: f048ac53

Time (s): cpu = 00:00:07 ; elapsed = 00:00:08 . Memory (MB): peak = 928.793 ; gain = 13.762

Phase 3.8 Re-assign LUT pins
Phase 3.8 Re-assign LUT pins | Checksum: 136bf24e4

Time (s): cpu = 00:00:08 ; elapsed = 00:00:08 . Memory (MB): peak = 928.793 ; gain = 13.762

Phase 3.9 Pipeline Register Optimization
Phase 3.9 Pipeline Register Optimization | Checksum: 136bf24e4

Time (s): cpu = 00:00:08 ; elapsed = 00:00:08 . Memory (MB): peak = 928.793 ; gain = 13.762

Phase 3.10 Fast Optimization
Phase 3.10 Fast Optimization | Checksum: 1940a2ecc

Time (s): cpu = 00:00:08 ; elapsed = 00:00:08 . Memory (MB): peak = 928.793 ; gain = 13.762
Phase 3 Detail Placement | Checksum: 1940a2ecc

Time (s): cpu = 00:00:08 ; elapsed = 00:00:08 . Memory (MB): peak = 928.793 ; gain = 13.762

Phase 4 Post Placement Optimization and Clean-Up

Phase 4.1 Post Commit Optimization
INFO: [Timing 38-35] Done setting XDC timing constraints.

Phase 4.1.1 updateClock Trees: PCOPT
Phase 4.1.1 updateClock Trees: PCOPT | Checksum: 184993277

Time (s): cpu = 00:00:09 ; elapsed = 00:00:09 . Memory (MB): peak = 928.793 ; gain = 13.762

Phase 4.1.2 Post Placement Optimization
INFO: [Place 30-746] Post Placement Timing Summary WNS=-4.649. For the most accurate timing information please run report_timing.
Phase 4.1.2 Post Placement Optimization | Checksum: 1554fcf2a

Time (s): cpu = 00:00:31 ; elapsed = 00:00:31 . Memory (MB): peak = 928.793 ; gain = 13.762
Phase 4.1 Post Commit Optimization | Checksum: 1554fcf2a

Time (s): cpu = 00:00:31 ; elapsed = 00:00:31 . Memory (MB): peak = 928.793 ; gain = 13.762

Phase 4.2 Sweep Clock Roots: Post-Placement
Phase 4.2 Sweep Clock Roots: Post-Placement | Checksum: 1554fcf2a

Time (s): cpu = 00:00:31 ; elapsed = 00:00:31 . Memory (MB): peak = 928.793 ; gain = 13.762

Phase 4.3 Uram Pipeline Register Optimization
Phase 4.3 Uram Pipeline Register Optimization | Checksum: 1554fcf2a

Time (s): cpu = 00:00:31 ; elapsed = 00:00:31 . Memory (MB): peak = 928.793 ; gain = 13.762

Phase 4.4 Post Placement Cleanup
Phase 4.4 Post Placement Cleanup | Checksum: 1554fcf2a

Time (s): cpu = 00:00:31 ; elapsed = 00:00:31 . Memory (MB): peak = 928.793 ; gain = 13.762

Phase 4.5 Placer Reporting
Phase 4.5 Placer Reporting | Checksum: 1554fcf2a

Time (s): cpu = 00:00:31 ; elapsed = 00:00:31 . Memory (MB): peak = 928.793 ; gain = 13.762

Phase 4.6 Final Placement Cleanup
Phase 4.6 Final Placement Cleanup | Checksum: 1cffebf21

Time (s): cpu = 00:00:31 ; elapsed = 00:00:32 . Memory (MB): peak = 928.793 ; gain = 13.762
Phase 4 Post Placement Optimization and Clean-Up | Checksum: 1cffebf21

Time (s): cpu = 00:00:31 ; elapsed = 00:00:32 . Memory (MB): peak = 928.793 ; gain = 13.762
Ending Placer Task | Checksum: 13d12d16a

Time (s): cpu = 00:00:31 ; elapsed = 00:00:32 . Memory (MB): peak = 928.793 ; gain = 13.762
INFO: [Common 17-83] Releasing license: Implementation
35 Infos, 2 Warnings, 0 Critical Warnings and 0 Errors encountered.
place_design completed successfully
place_design: Time (s): cpu = 00:00:32 ; elapsed = 00:00:32 . Memory (MB): peak = 928.793 ; gain = 13.762
Writing placer database...
Writing XDEF routing.
Writing XDEF routing logical nets.
Writing XDEF routing special nets.
Write XDEF Complete: Time (s): cpu = 00:00:01 ; elapsed = 00:00:00.562 . Memory (MB): peak = 928.793 ; gain = 0.000
report_io: Time (s): cpu = 00:00:00 ; elapsed = 00:00:00.109 . Memory (MB): peak = 928.793 ; gain = 0.000
report_utilization: Time (s): cpu = 00:00:00 ; elapsed = 00:00:00.078 . Memory (MB): peak = 928.793 ; gain = 0.000
report_control_sets: Time (s): cpu = 00:00:00 ; elapsed = 00:00:00 . Memory (MB): peak = 928.793 ; gain = 0.000
Command: route_design
Attempting to get a license for feature 'Implementation' and/or device 'xc7z010'
INFO: [Common 17-349] Got license for feature 'Implementation' and/or device 'xc7z010'
Running DRC as a precondition to command route_design
INFO: [DRC 23-27] Running DRC with 2 threads
WARNING: [DRC 23-20] Rule violation (PLIO-7) Placement Constraints Check for IO constraints - An IO Bus FIXED_IO_mio[53:0] with more than one IO standard is found. Components associated with this bus are: LVCMOS33 (FIXED_IO_mio[15], FIXED_IO_mio[14], FIXED_IO_mio[13], FIXED_IO_mio[12], FIXED_IO_mio[11], FIXED_IO_mio[10], FIXED_IO_mio[9], FIXED_IO_mio[8], FIXED_IO_mio[7], FIXED_IO_mio[6], FIXED_IO_mio[5], FIXED_IO_mio[4], FIXED_IO_mio[3], FIXED_IO_mio[2], FIXED_IO_mio[1] (the first 15 of 16 listed)); LVCMOS18 (FIXED_IO_mio[53], FIXED_IO_mio[52], FIXED_IO_mio[51], FIXED_IO_mio[50], FIXED_IO_mio[49], FIXED_IO_mio[48], FIXED_IO_mio[47], FIXED_IO_mio[46], FIXED_IO_mio[45], FIXED_IO_mio[44], FIXED_IO_mio[43], FIXED_IO_mio[42], FIXED_IO_mio[41], FIXED_IO_mio[40], FIXED_IO_mio[39] (the first 15 of 26 listed)); HSTL_I_18 (FIXED_IO_mio[27], FIXED_IO_mio[26], FIXED_IO_mio[25], FIXED_IO_mio[24], FIXED_IO_mio[23], FIXED_IO_mio[22], FIXED_IO_mio[21], FIXED_IO_mio[20], FIXED_IO_mio[19], FIXED_IO_mio[18], FIXED_IO_mio[17], FIXED_IO_mio[16]); 
INFO: [Vivado_Tcl 4-198] DRC finished with 0 Errors, 1 Warnings
INFO: [Vivado_Tcl 4-199] Please refer to the DRC report (report_drc) for more information.


Starting Routing Task
INFO: [Route 35-254] Multithreading enabled for route_design using a maximum of 2 CPUs
Checksum: PlaceDB: 54640338 ConstDB: 0 ShapeSum: e8aece32 RouteDB: 0

Phase 1 Build RT Design
Phase 1 Build RT Design | Checksum: 496bb024

Time (s): cpu = 00:00:19 ; elapsed = 00:00:17 . Memory (MB): peak = 998.336 ; gain = 69.543

Phase 2 Router Initialization

Phase 2.1 Create Timer
Phase 2.1 Create Timer | Checksum: 496bb024

Time (s): cpu = 00:00:19 ; elapsed = 00:00:17 . Memory (MB): peak = 998.336 ; gain = 69.543

Phase 2.2 Fix Topology Constraints
Phase 2.2 Fix Topology Constraints | Checksum: 496bb024

Time (s): cpu = 00:00:19 ; elapsed = 00:00:18 . Memory (MB): peak = 998.336 ; gain = 69.543

Phase 2.3 Pre Route Cleanup
Phase 2.3 Pre Route Cleanup | Checksum: 496bb024

Time (s): cpu = 00:00:19 ; elapsed = 00:00:18 . Memory (MB): peak = 998.336 ; gain = 69.543
 Number of Nodes with overlaps = 0

Phase 2.4 Update Timing
Phase 2.4 Update Timing | Checksum: 1b7292522

Time (s): cpu = 00:00:20 ; elapsed = 00:00:19 . Memory (MB): peak = 998.336 ; gain = 69.543
INFO: [Route 35-416] Intermediate Timing Summary | WNS=-4.579 | TNS=-281.717| WHS=-0.187 | THS=-15.158|

Phase 2 Router Initialization | Checksum: 15a9b1659

Time (s): cpu = 00:00:21 ; elapsed = 00:00:19 . Memory (MB): peak = 998.336 ; gain = 69.543

Phase 3 Initial Routing
Phase 3 Initial Routing | Checksum: 28ad0c081

Time (s): cpu = 00:00:21 ; elapsed = 00:00:19 . Memory (MB): peak = 998.336 ; gain = 69.543

Phase 4 Rip-up And Reroute

Phase 4.1 Global Iteration 0
 Number of Nodes with overlaps = 95
 Number of Nodes with overlaps = 7
 Number of Nodes with overlaps = 2
 Number of Nodes with overlaps = 0

Phase 4.1.1 Update Timing
Phase 4.1.1 Update Timing | Checksum: 23ba2d257

Time (s): cpu = 00:00:22 ; elapsed = 00:00:20 . Memory (MB): peak = 998.336 ; gain = 69.543
INFO: [Route 35-416] Intermediate Timing Summary | WNS=-4.612 | TNS=-303.660| WHS=N/A    | THS=N/A    |


Phase 4.1.2 GlobIterForTiming

Phase 4.1.2.1 Update Timing
Phase 4.1.2.1 Update Timing | Checksum: 190523153

Time (s): cpu = 00:00:22 ; elapsed = 00:00:20 . Memory (MB): peak = 998.336 ; gain = 69.543

Phase 4.1.2.2 Fast Budgeting
Phase 4.1.2.2 Fast Budgeting | Checksum: 11de63bd5

Time (s): cpu = 00:00:22 ; elapsed = 00:00:20 . Memory (MB): peak = 998.336 ; gain = 69.543
Phase 4.1.2 GlobIterForTiming | Checksum: 1ce81435b

Time (s): cpu = 00:00:27 ; elapsed = 00:00:24 . Memory (MB): peak = 1021.891 ; gain = 93.098
Phase 4.1 Global Iteration 0 | Checksum: 1ce81435b

Time (s): cpu = 00:00:27 ; elapsed = 00:00:24 . Memory (MB): peak = 1021.891 ; gain = 93.098

Phase 4.2 Global Iteration 1
 Number of Nodes with overlaps = 45
 Number of Nodes with overlaps = 3
 Number of Nodes with overlaps = 0

Phase 4.2.1 Update Timing
Phase 4.2.1 Update Timing | Checksum: 139416fe0

Time (s): cpu = 00:01:35 ; elapsed = 00:01:21 . Memory (MB): peak = 1066.016 ; gain = 137.223
INFO: [Route 35-416] Intermediate Timing Summary | WNS=-5.036 | TNS=-291.147| WHS=N/A    | THS=N/A    |

Phase 4.2 Global Iteration 1 | Checksum: 1ef4540ae

Time (s): cpu = 00:01:35 ; elapsed = 00:01:21 . Memory (MB): peak = 1066.016 ; gain = 137.223
Phase 4 Rip-up And Reroute | Checksum: 1ef4540ae

Time (s): cpu = 00:01:35 ; elapsed = 00:01:21 . Memory (MB): peak = 1066.016 ; gain = 137.223

Phase 5 Delay and Skew Optimization

Phase 5.1 Delay CleanUp

Phase 5.1.1 Update Timing
Phase 5.1.1 Update Timing | Checksum: 19b47bfa2

Time (s): cpu = 00:01:35 ; elapsed = 00:01:21 . Memory (MB): peak = 1066.016 ; gain = 137.223
INFO: [Route 35-416] Intermediate Timing Summary | WNS=-4.612 | TNS=-303.660| WHS=N/A    | THS=N/A    |

 Number of Nodes with overlaps = 0
Phase 5.1 Delay CleanUp | Checksum: 103fd531f

Time (s): cpu = 00:01:35 ; elapsed = 00:01:21 . Memory (MB): peak = 1066.016 ; gain = 137.223

Phase 5.2 Clock Skew Optimization
Phase 5.2 Clock Skew Optimization | Checksum: 103fd531f

Time (s): cpu = 00:01:35 ; elapsed = 00:01:21 . Memory (MB): peak = 1066.016 ; gain = 137.223
Phase 5 Delay and Skew Optimization | Checksum: 103fd531f

Time (s): cpu = 00:01:35 ; elapsed = 00:01:21 . Memory (MB): peak = 1066.016 ; gain = 137.223

Phase 6 Post Hold Fix

Phase 6.1 Hold Fix Iter

Phase 6.1.1 Update Timing
Phase 6.1.1 Update Timing | Checksum: 76046f36

Time (s): cpu = 00:01:36 ; elapsed = 00:01:21 . Memory (MB): peak = 1066.016 ; gain = 137.223
INFO: [Route 35-416] Intermediate Timing Summary | WNS=-4.612 | TNS=-299.715| WHS=0.023  | THS=0.000  |

Phase 6.1 Hold Fix Iter | Checksum: 951c56fe

Time (s): cpu = 00:01:36 ; elapsed = 00:01:21 . Memory (MB): peak = 1066.016 ; gain = 137.223
Phase 6 Post Hold Fix | Checksum: 951c56fe

Time (s): cpu = 00:01:36 ; elapsed = 00:01:21 . Memory (MB): peak = 1066.016 ; gain = 137.223

Phase 7 Route finalize

Router Utilization Summary
  Global Vertical Routing Utilization    = 0.595298 %
  Global Horizontal Routing Utilization  = 0.85455 %
  Routable Net Status*
  *Does not include unroutable nets such as driverless and loadless.
  Run report_route_status for detailed report.
  Number of Failed Nets               = 0
  Number of Unrouted Nets             = 0
  Number of Partially Routed Nets     = 0
  Number of Node Overlaps             = 0

Congestion Report
North Dir 1x1 Area, Max Cong = 40.5405%, No Congested Regions.
South Dir 1x1 Area, Max Cong = 32.4324%, No Congested Regions.
East Dir 1x1 Area, Max Cong = 57.3529%, No Congested Regions.
West Dir 1x1 Area, Max Cong = 39.7059%, No Congested Regions.
Phase 7 Route finalize | Checksum: 8549a7a3

Time (s): cpu = 00:01:36 ; elapsed = 00:01:21 . Memory (MB): peak = 1066.016 ; gain = 137.223

Phase 8 Verifying routed nets

 Verification completed successfully
Phase 8 Verifying routed nets | Checksum: 8549a7a3

Time (s): cpu = 00:01:36 ; elapsed = 00:01:21 . Memory (MB): peak = 1066.016 ; gain = 137.223

Phase 9 Depositing Routes
Phase 9 Depositing Routes | Checksum: ad725837

Time (s): cpu = 00:01:36 ; elapsed = 00:01:21 . Memory (MB): peak = 1066.016 ; gain = 137.223

Phase 10 Post Router Timing
INFO: [Route 35-57] Estimated Timing Summary | WNS=-4.612 | TNS=-299.715| WHS=0.023  | THS=0.000  |

WARNING: [Route 35-328] Router estimated timing not met.
Resolution: For a complete and accurate timing signoff, report_timing_summary must be run after route_design. Alternatively, route_design can be run with the -timing_summary option to enable a complete timing signoff at the end of route_design.
Phase 10 Post Router Timing | Checksum: ad725837

Time (s): cpu = 00:01:36 ; elapsed = 00:01:21 . Memory (MB): peak = 1066.016 ; gain = 137.223
INFO: [Route 35-16] Router Completed Successfully

Time (s): cpu = 00:01:36 ; elapsed = 00:01:21 . Memory (MB): peak = 1066.016 ; gain = 137.223

Routing Is Done.
INFO: [Common 17-83] Releasing license: Implementation
48 Infos, 4 Warnings, 0 Critical Warnings and 0 Errors encountered.
route_design completed successfully
route_design: Time (s): cpu = 00:01:37 ; elapsed = 00:01:22 . Memory (MB): peak = 1066.016 ; gain = 137.223
Writing placer database...
Writing XDEF routing.
Writing XDEF routing logical nets.
Writing XDEF routing special nets.
Write XDEF Complete: Time (s): cpu = 00:00:01 ; elapsed = 00:00:00.499 . Memory (MB): peak = 1066.016 ; gain = 0.000
INFO: [DRC 23-27] Running DRC with 2 threads
INFO: [Coretcl 2-168] The results of DRC are in file C:/pruebas/Sepsa_full_bridge_comunicacion/IP_pspwm.runs/impl_1/Pspwm_wrapper_drc_routed.rpt.
INFO: [Timing 38-91] UpdateTimingParams: Speed grade: -1, Delay Type: min_max.
INFO: [Timing 38-191] Multithreading enabled for timing update using a maximum of 2 CPUs
CRITICAL WARNING: [Timing 38-282] The design failed to meet the timing requirements. Please see the timing summary report for details on the timing violations.
Running Vector-less Activity Propagation...

Finished Running Vector-less Activity Propagation
Attempting to get a license for feature 'Implementation' and/or device 'xc7z010'
INFO: [Common 17-349] Got license for feature 'Implementation' and/or device 'xc7z010'
Running DRC as a precondition to command write_bitstream
INFO: [DRC 23-27] Running DRC with 2 threads
INFO: [Vivado 12-3199] DRC finished with 0 Errors
INFO: [Vivado 12-3200] Please refer to the DRC report (report_drc) for more information.
INFO: [Designutils 20-2272] Running write_bitstream with 2 threads.
Loading data files...
Loading site data...
Loading route data...
Processing options...
Creating bitmap...
Creating bitstream...
Writing bitstream ./Pspwm_wrapper.bit...
INFO: [Vivado 12-1842] Bitgen Completed Successfully.
INFO: [Project 1-120] WebTalk data collection is mandatory when using a WebPACK part without a full Vivado license. To see the specific WebTalk data collected for your design, open the usage_statistics_webtalk.html or usage_statistics_webtalk.xml file in the implementation directory.
INFO: [Common 17-83] Releasing license: Implementation
write_bitstream: Time (s): cpu = 00:00:18 ; elapsed = 00:00:24 . Memory (MB): peak = 1334.418 ; gain = 268.402
INFO: [Common 17-206] Exiting Vivado at Tue Mar 07 08:10:25 2017...
